{"numTotalTestSuites":2,"numPassedTestSuites":2,"numFailedTestSuites":0,"numPendingTestSuites":0,"numTotalTests":12,"numPassedTests":12,"numFailedTests":0,"numPendingTests":0,"numTodoTests":0,"snapshot":{"added":0,"failure":false,"filesAdded":0,"filesRemoved":0,"filesRemovedList":[],"filesUnmatched":0,"filesUpdated":0,"matched":0,"total":0,"unchecked":0,"uncheckedKeysByFile":[],"unmatched":0,"updated":0,"didUpdate":false},"startTime":1789735714618,"success":true,"testResults":[{"assertionResults":[{"ancestorTitles":["Community Final encounter save/replay matrix"],"fullName":"Community Final encounter save/replay matrix FR-SR-01 Final Provision complete → reload","status":"passed","title":"FR-SR-01 Final Provision complete → reload","duration":26.56269999999995,"failureMessages":[],"meta":{}},{"ancestorTitles":["Community Final encounter save/replay matrix"],"fullName":"Community Final encounter save/replay matrix FR-SR-02 Ancestor 1 initial Reflections allocated → reload does not reroll stance","status":"passed","title":"FR-SR-02 Ancestor 1 initial Reflections allocated → reload does not reroll stance","duration":9.156799999999748,"failureMessages":[],"meta":{}},{"ancestorTitles":["Community Final encounter save/replay matrix"],"fullName":"Community Final encounter save/replay matrix FR-SR-03 Ancestor vacant stance d10 fill → reload does not consume d10 again","status":"passed","title":"FR-SR-03 Ancestor vacant stance d10 fill → reload does not consume d10 again","duration":8.371799999999894,"failureMessages":[],"meta":{}},{"ancestorTitles":["Community Final encounter save/replay matrix"],"fullName":"Community Final encounter save/replay matrix FR-SR-04 Time Heals All complete → reload does not repeat heal","status":"passed","title":"FR-SR-04 Time Heals All complete → reload does not repeat heal","duration":6.392700000000332,"failureMessages":[],"meta":{}},{"ancestorTitles":["Community Final encounter save/replay matrix"],"fullName":"Community Final encounter save/replay matrix FR-SR-05 Ancestor 1 defeated / transition pending → reload continues transition once","status":"passed","title":"FR-SR-05 Ancestor 1 defeated / transition pending → reload continues transition once","duration":10.181100000000242,"failureMessages":[],"meta":{}},{"ancestorTitles":["Community Final encounter save/replay matrix"],"fullName":"Community Final encounter save/replay matrix FR-SR-06 Ancestor 2 teleport complete → reload keeps Area and roll receipt","status":"passed","title":"FR-SR-06 Ancestor 2 teleport complete → reload keeps Area and roll receipt","duration":20.450099999999566,"failureMessages":[],"meta":{}},{"ancestorTitles":["Community Final encounter save/replay matrix"],"fullName":"Community Final encounter save/replay matrix FR-SR-07 Gestating Sispersion physical draw → reload keeps identity / initiative / stance","status":"passed","title":"FR-SR-07 Gestating Sispersion physical draw → reload keeps identity / initiative / stance","duration":9.806600000000344,"failureMessages":[],"meta":{}},{"ancestorTitles":["Community Final encounter save/replay matrix"],"fullName":"Community Final encounter save/replay matrix FR-SR-08 Gestating non-lethal reaction → reload does not repeat Blight/heal","status":"passed","title":"FR-SR-08 Gestating non-lethal reaction → reload does not repeat Blight/heal","duration":9.066200000000208,"failureMessages":[],"meta":{}},{"ancestorTitles":["Community Final encounter save/replay matrix"],"fullName":"Community Final encounter save/replay matrix FR-SR-09 Heart initial Impending Doom forecast → reload keeps roll and skill","status":"passed","title":"FR-SR-09 Heart initial Impending Doom forecast → reload keeps roll and skill","duration":7.887400000000071,"failureMessages":[],"meta":{}},{"ancestorTitles":["Community Final encounter save/replay matrix"],"fullName":"Community Final encounter save/replay matrix FR-SR-10 Heart forecast consumed → reload does not execute the same forecast again","status":"passed","title":"FR-SR-10 Heart forecast consumed → reload does not execute the same forecast again","duration":8.765700000000379,"failureMessages":[],"meta":{}},{"ancestorTitles":["Community Final encounter save/replay matrix"],"fullName":"Community Final encounter save/replay matrix FR-SR-11 Heart action complete + next forecast generated → reload does not reroll","status":"passed","title":"FR-SR-11 Heart action complete + next forecast generated → reload does not reroll","duration":6.787900000000263,"failureMessages":[],"meta":{}},{"ancestorTitles":["Community Final encounter save/replay matrix"],"fullName":"Community Final encounter save/replay matrix FR-SR-12 Between-form transition completed → reload keeps battleId / room / Hero state","status":"passed","title":"FR-SR-12 Between-form transition completed → reload keeps battleId / room / Hero state","duration":7.108200000000124,"failureMessages":[],"meta":{}}],"startTime":1789735717430,"endTime":1789735717561.1082,"status":"passed","message":"","name":"D:/darkest-dungoen-boardgame/src/data/darkest-dungeon/community-reference/community-final-encounter-save-replay.test.ts"}]}