{"numTotalTestSuites":2,"numPassedTestSuites":2,"numFailedTestSuites":0,"numPendingTestSuites":0,"numTotalTests":18,"numPassedTests":18,"numFailedTests":0,"numPendingTests":0,"numTodoTests":0,"snapshot":{"added":0,"failure":false,"filesAdded":0,"filesRemoved":0,"filesRemovedList":[],"filesUnmatched":0,"filesUpdated":0,"matched":0,"total":0,"unchecked":0,"uncheckedKeysByFile":[],"unmatched":0,"updated":0,"didUpdate":false},"startTime":1789735718212,"success":true,"testResults":[{"assertionResults":[{"ancestorTitles":["Community Final encounter mutation gate"],"fullName":"Community Final encounter mutation gate keeps exactly the three remaining source blockers","status":"passed","title":"keeps exactly the three remaining source blockers","duration":2.8020000000001346,"failureMessages":[],"meta":{}},{"ancestorTitles":["Community Final encounter mutation gate"],"fullName":"Community Final encounter mutation gate Ancestor Reflection stance rerolls after reload","status":"passed","title":"Ancestor Reflection stance rerolls after reload","duration":3210.0987000000005,"failureMessages":[],"meta":{}},{"ancestorTitles":["Community Final encounter mutation gate"],"fullName":"Community Final encounter mutation gate Ancestor Guard allows attacking Ancestor while Reflection alive","status":"passed","title":"Ancestor Guard allows attacking Ancestor while Reflection alive","duration":3227.4137,"failureMessages":[],"meta":{}},{"ancestorTitles":["Community Final encounter mutation gate"],"fullName":"Community Final encounter mutation gate Imperfect death applies 10 Wounds twice","status":"passed","title":"Imperfect death applies 10 Wounds twice","duration":3348.9713999999994,"failureMessages":[],"meta":{}},{"ancestorTitles":["Community Final encounter mutation gate"],"fullName":"Community Final encounter mutation gate vacant stance uses fixed Perfect instead of d10 source table","status":"passed","title":"vacant stance uses fixed Perfect instead of d10 source table","duration":3223.8459000000003,"failureMessages":[],"meta":{}},{"ancestorTitles":["Community Final encounter mutation gate"],"fullName":"Community Final encounter mutation gate Time Heals All heals wrong target","status":"passed","title":"Time Heals All heals wrong target","duration":3220.3122000000003,"failureMessages":[],"meta":{}},{"ancestorTitles":["Community Final encounter mutation gate"],"fullName":"Community Final encounter mutation gate Ancestor 2 teleport roll 10 moves anyway","status":"passed","title":"Ancestor 2 teleport roll 10 moves anyway","duration":3197.2929000000004,"failureMessages":[],"meta":{}},{"ancestorTitles":["Community Final encounter mutation gate"],"fullName":"Community Final encounter mutation gate Absolute Nothingness becomes targetable","status":"passed","title":"Absolute Nothingness becomes targetable","duration":3240.6640000000007,"failureMessages":[],"meta":{}},{"ancestorTitles":["Community Final encounter mutation gate"],"fullName":"Community Final encounter mutation gate Absolute Nothingness does not consume Area capacity","status":"passed","title":"Absolute Nothingness does not consume Area capacity","duration":3214.4712,"failureMessages":[],"meta":{}},{"ancestorTitles":["Community Final encounter mutation gate"],"fullName":"Community Final encounter mutation gate Gestating Sispersion uses logical-uniform random instead of physical deck","status":"passed","title":"Gestating Sispersion uses logical-uniform random instead of physical deck","duration":3685.4729000000007,"failureMessages":[],"meta":{}},{"ancestorTitles":["Community Final encounter mutation gate"],"fullName":"Community Final encounter mutation gate Sispersion summons Monster but does not add Initiative","status":"passed","title":"Sispersion summons Monster but does not add Initiative","duration":3512.0998000000036,"failureMessages":[],"meta":{}},{"ancestorTitles":["Community Final encounter mutation gate"],"fullName":"Community Final encounter mutation gate non-lethal Ichor misses Hero Blight","status":"passed","title":"non-lethal Ichor misses Hero Blight","duration":3203.4507000000012,"failureMessages":[],"meta":{}},{"ancestorTitles":["Community Final encounter mutation gate"],"fullName":"Community Final encounter mutation gate non-lethal Ichor misses Heart heal","status":"passed","title":"non-lethal Ichor misses Heart heal","duration":3207.289700000001,"failureMessages":[],"meta":{}},{"ancestorTitles":["Community Final encounter mutation gate"],"fullName":"Community Final encounter mutation gate lethal Ichor ordering is guessed","status":"passed","title":"lethal Ichor ordering is guessed","duration":3199.6942999999956,"failureMessages":[],"meta":{}},{"ancestorTitles":["Community Final encounter mutation gate"],"fullName":"Community Final encounter mutation gate Heart consumes a different skill than forecast","status":"passed","title":"Heart consumes a different skill than forecast","duration":3221.257500000007,"failureMessages":[],"meta":{}},{"ancestorTitles":["Community Final encounter mutation gate"],"fullName":"Community Final encounter mutation gate Heart generates next forecast before action completes","status":"passed","title":"Heart generates next forecast before action completes","duration":3193.3768999999957,"failureMessages":[],"meta":{}},{"ancestorTitles":["Community Final encounter mutation gate"],"fullName":"Community Final encounter mutation gate Form transition heals Heroes","status":"passed","title":"Form transition heals Heroes","duration":3305.579899999997,"failureMessages":[],"meta":{}},{"ancestorTitles":["Community Final encounter mutation gate"],"fullName":"Community Final encounter mutation gate Come Unto Your Maker silently executes guessed behavior","status":"passed","title":"Come Unto Your Maker silently executes guessed behavior","duration":3265.220000000001,"failureMessages":[],"meta":{}}],"startTime":1789735719662,"endTime":1789735775341.22,"status":"passed","message":"","name":"D:/darkest-dungoen-boardgame/src/data/darkest-dungeon/community-reference/community-final-encounter-adversarial.test.ts"}]}