{"numTotalTestSuites":2,"numPassedTestSuites":2,"numFailedTestSuites":0,"numPendingTestSuites":0,"numTotalTests":21,"numPassedTests":21,"numFailedTests":0,"numPendingTests":0,"numTodoTests":0,"snapshot":{"added":0,"failure":false,"filesAdded":0,"filesRemoved":0,"filesRemovedList":[],"filesUnmatched":0,"filesUpdated":0,"matched":0,"total":0,"unchecked":0,"uncheckedKeysByFile":[],"unmatched":0,"updated":0,"didUpdate":false},"startTime":1789735711235,"success":true,"testResults":[{"assertionResults":[{"ancestorTitles":["Community Final production runtime"],"fullName":"Community Final production runtime P-final-skill production turn executes source-backed Ancestor and Reflection actions","status":"passed","title":"P-final-skill production turn executes source-backed Ancestor and Reflection actions","duration":27.51790000000028,"failureMessages":[],"meta":{}},{"ancestorTitles":["Community Final production runtime"],"fullName":"Community Final production runtime P-final-ancestor-first-form-perfect-replication vacant d10 1-3 spawns Perfect Reflection","status":"passed","title":"P-final-ancestor-first-form-perfect-replication vacant d10 1-3 spawns Perfect Reflection","duration":6.778899999999794,"failureMessages":[],"meta":{}},{"ancestorTitles":["Community Final production runtime"],"fullName":"Community Final production runtime P-final-ancestor-first-form-imperfect-reproduction vacant d10 4-10 spawns Imperfect Reflection","status":"passed","title":"P-final-ancestor-first-form-imperfect-reproduction vacant d10 4-10 spawns Imperfect Reflection","duration":5.966199999999844,"failureMessages":[],"meta":{}},{"ancestorTitles":["Community Final production runtime"],"fullName":"Community Final production runtime P-final-ancestor-first-form-time-heals-all heals the most wounded monster by 10","status":"passed","title":"P-final-ancestor-first-form-time-heals-all heals the most wounded monster by 10","duration":5.034299999999803,"failureMessages":[],"meta":{}},{"ancestorTitles":["Community Final production runtime"],"fullName":"Community Final production runtime P-final-perfect-reflection-reunion reflection turn uses source-backed selection","status":"passed","title":"P-final-perfect-reflection-reunion reflection turn uses source-backed selection","duration":5.099299999999857,"failureMessages":[],"meta":{}},{"ancestorTitles":["Community Final production runtime"],"fullName":"Community Final production runtime P-final-perfect-reflection-we-are-the-same reflection turn uses source-backed selection","status":"passed","title":"P-final-perfect-reflection-we-are-the-same reflection turn uses source-backed selection","duration":4.7369000000003325,"failureMessages":[],"meta":{}},{"ancestorTitles":["Community Final production runtime"],"fullName":"Community Final production runtime P-final-imperfect-reflection-it-chooses reflection turn uses source-backed selection","status":"passed","title":"P-final-imperfect-reflection-it-chooses reflection turn uses source-backed selection","duration":12.17470000000003,"failureMessages":[],"meta":{}},{"ancestorTitles":["Community Final production runtime"],"fullName":"Community Final production runtime P-final-imperfect-reflection-we-are-the-same reflection turn uses source-backed selection","status":"passed","title":"P-final-imperfect-reflection-we-are-the-same reflection turn uses source-backed selection","duration":3.894800000000032,"failureMessages":[],"meta":{}},{"ancestorTitles":["Community Final production runtime"],"fullName":"Community Final production runtime P-final-imperfect-death applies 10 Ancestor wounds once","status":"passed","title":"P-final-imperfect-death applies 10 Ancestor wounds once","duration":6.26319999999987,"failureMessages":[],"meta":{}},{"ancestorTitles":["Community Final production runtime"],"fullName":"Community Final production runtime P-final-ancestor-second-form-refashion-them executes then teleports","status":"passed","title":"P-final-ancestor-second-form-refashion-them executes then teleports","duration":12.102399999999761,"failureMessages":[],"meta":{}},{"ancestorTitles":["Community Final production runtime"],"fullName":"Community Final production runtime P-final-ancestor-second-form-unmake-them-all executes then teleports","status":"passed","title":"P-final-ancestor-second-form-unmake-them-all executes then teleports","duration":6.630400000000009,"failureMessages":[],"meta":{}},{"ancestorTitles":["Community Final production runtime"],"fullName":"Community Final production runtime P-final-ancestor-second-form-embrace-futility executes then teleport 10 stays put","status":"passed","title":"P-final-ancestor-second-form-embrace-futility executes then teleport 10 stays put","duration":4.982199999999921,"failureMessages":[],"meta":{}},{"ancestorTitles":["Community Final production runtime"],"fullName":"Community Final production runtime P-final-nothingness is not a target and consumes Area capacity","status":"passed","title":"P-final-nothingness is not a target and consumes Area capacity","duration":6.602300000000014,"failureMessages":[],"meta":{}},{"ancestorTitles":["Community Final production runtime"],"fullName":"Community Final production runtime P-final-gestating-heart-dispersion Sispersion draws the physical deck top card and adds initiative","status":"passed","title":"P-final-gestating-heart-dispersion Sispersion draws the physical deck top card and adds initiative","duration":10.121900000000096,"failureMessages":[],"meta":{}},{"ancestorTitles":["Community Final production runtime"],"fullName":"Community Final production runtime P-final-gestating-ichor non-lethal blight and heal; lethal stays blocked","status":"passed","title":"P-final-gestating-ichor non-lethal blight and heal; lethal stays blocked","duration":7.320400000000063,"failureMessages":[],"meta":{}},{"ancestorTitles":["Community Final production runtime"],"fullName":"Community Final production runtime P-final-heart-of-darkness-know-this consumes the saved forecast","status":"passed","title":"P-final-heart-of-darkness-know-this consumes the saved forecast","duration":6.843499999999949,"failureMessages":[],"meta":{}},{"ancestorTitles":["Community Final production runtime"],"fullName":"Community Final production runtime P-final-heart-of-darkness-puncture is the production skill for forecast 5-7","status":"passed","title":"P-final-heart-of-darkness-puncture is the production skill for forecast 5-7","duration":0.1374999999998181,"failureMessages":[],"meta":{}},{"ancestorTitles":["Community Final production runtime"],"fullName":"Community Final production runtime P-final-heart-of-darkness-dissolution is the production skill for forecast 8-10","status":"passed","title":"P-final-heart-of-darkness-dissolution is the production skill for forecast 8-10","duration":0.11889999999993961,"failureMessages":[],"meta":{}},{"ancestorTitles":["Community Final production runtime"],"fullName":"Community Final production runtime P-final-transition real form defeat rebuilds the next form without injecting transitionState","status":"passed","title":"P-final-transition real form defeat rebuilds the next form without injecting transitionState","duration":4.668499999999767,"failureMessages":[],"meta":{}},{"ancestorTitles":["Community Final production runtime"],"fullName":"Community Final production runtime P-final-quest-skip order is first remaining source-backed form","status":"passed","title":"P-final-quest-skip order is first remaining source-backed form","duration":16.411399999999958,"failureMessages":[],"meta":{}},{"ancestorTitles":["Community Final production runtime"],"fullName":"Community Final production runtime Come Unto Your Maker remains source-blocked with no mutation","status":"passed","title":"Come Unto Your Maker remains source-blocked with no mutation","duration":10.640300000000025,"failureMessages":[],"meta":{}}],"startTime":1789735713850,"endTime":1789735714014.6404,"status":"passed","message":"","name":"D:/darkest-dungoen-boardgame/src/data/darkest-dungeon/community-reference/community-final-production.test.ts"}]}