{"numTotalTestSuites":2,"numPassedTestSuites":2,"numFailedTestSuites":0,"numPendingTestSuites":0,"numTotalTests":12,"numPassedTests":12,"numFailedTests":0,"numPendingTests":0,"numTodoTests":0,"snapshot":{"added":0,"failure":false,"filesAdded":0,"filesRemoved":0,"filesRemovedList":[],"filesUnmatched":0,"filesUpdated":0,"matched":0,"total":0,"unchecked":0,"uncheckedKeysByFile":[],"unmatched":0,"updated":0,"didUpdate":false},"startTime":1789735779307,"success":true,"testResults":[{"assertionResults":[{"ancestorTitles":["Community Final Encounter acceptance"],"fullName":"Community Final Encounter acceptance F01 requires Final Hamlet completion","status":"passed","title":"F01 requires Final Hamlet completion","duration":3.3162999999999556,"failureMessages":[],"meta":{}},{"ancestorTitles":["Community Final Encounter acceptance"],"fullName":"Community Final Encounter acceptance F02 Final Provision blocks before RNG","status":"passed","title":"F02 Final Provision blocks before RNG","duration":1.481199999999717,"failureMessages":[],"meta":{}},{"ancestorTitles":["Community Final Encounter acceptance"],"fullName":"Community Final Encounter acceptance F03 Final Provision blocks before mutation","status":"passed","title":"F03 Final Provision blocks before mutation","duration":3.2011999999999716,"failureMessages":[],"meta":{}},{"ancestorTitles":["Community Final Encounter acceptance"],"fullName":"Community Final Encounter acceptance F04 Community Final Room has source provenance","status":"passed","title":"F04 Community Final Room has source provenance","duration":0.20049999999991996,"failureMessages":[],"meta":{}},{"ancestorTitles":["Community Final Encounter acceptance"],"fullName":"Community Final Encounter acceptance F05 skipped Form is preserved","status":"passed","title":"F05 skipped Form is preserved","duration":0.3251000000000204,"failureMessages":[],"meta":{}},{"ancestorTitles":["Community Final Encounter acceptance"],"fullName":"Community Final Encounter acceptance F06 Heart cannot be skipped","status":"passed","title":"F06 Heart cannot be skipped","duration":0.17219999999997526,"failureMessages":[],"meta":{}},{"ancestorTitles":["Community Final Encounter acceptance"],"fullName":"Community Final Encounter acceptance F07 Ancestor first confirmed mechanics trace","status":"passed","title":"F07 Ancestor first confirmed mechanics trace","duration":0.29819999999972424,"failureMessages":[],"meta":{}},{"ancestorTitles":["Community Final Encounter acceptance"],"fullName":"Community Final Encounter acceptance F08 Reflection trace","status":"passed","title":"F08 Reflection trace","duration":0.16679999999996653,"failureMessages":[],"meta":{}},{"ancestorTitles":["Community Final Encounter acceptance"],"fullName":"Community Final Encounter acceptance F09 Ancestor second Nothingness occupants are non-acting and teleport can run","status":"passed","title":"F09 Ancestor second Nothingness occupants are non-acting and teleport can run","duration":1.9800999999997657,"failureMessages":[],"meta":{}},{"ancestorTitles":["Community Final Encounter acceptance"],"fullName":"Community Final Encounter acceptance F10 Gestating Heart reaches lethal timing blocker","status":"passed","title":"F10 Gestating Heart reaches lethal timing blocker","duration":0.615099999999984,"failureMessages":[],"meta":{}},{"ancestorTitles":["Community Final Encounter acceptance"],"fullName":"Community Final Encounter acceptance F11 Heart reaches Come Unto Your Maker blocker","status":"passed","title":"F11 Heart reaches Come Unto Your Maker blocker","duration":0.4822999999996682,"failureMessages":[],"meta":{}},{"ancestorTitles":["Community Final Encounter acceptance"],"fullName":"Community Final Encounter acceptance F12 save restore preserves all form runtimes and blockers","status":"passed","title":"F12 save restore preserves all form runtimes and blockers","duration":1.1622999999999593,"failureMessages":[],"meta":{}}],"startTime":1789735781717,"endTime":1789735781730.1624,"status":"passed","message":"","name":"D:/darkest-dungoen-boardgame/src/data/darkest-dungeon/community-reference/community-runtime-final.test.ts"}]}