{"numTotalTestSuites":2,"numPassedTestSuites":2,"numFailedTestSuites":0,"numPendingTestSuites":0,"numTotalTests":5,"numPassedTests":5,"numFailedTests":0,"numPendingTests":0,"numTodoTests":0,"snapshot":{"added":0,"failure":false,"filesAdded":0,"filesRemoved":0,"filesRemovedList":[],"filesUnmatched":0,"filesUpdated":0,"matched":0,"total":0,"unchecked":0,"uncheckedKeysByFile":[],"unmatched":0,"updated":0,"didUpdate":false},"startTime":1789735775907,"success":true,"testResults":[{"assertionResults":[{"ancestorTitles":["Community Act IV three-route matrix"],"fullName":"Community Act IV three-route matrix R1 We Are The Flame reaches first Final Form through Guardian victory then a real transition","status":"passed","title":"R1 We Are The Flame reaches first Final Form through Guardian victory then a real transition","duration":29.061999999999898,"failureMessages":[],"meta":{}},{"ancestorTitles":["Community Act IV three-route matrix"],"fullName":"Community Act IV three-route matrix R2 Light the Way / Templars surfaces Pit exit then still reaches skipped-first-form Final runtime","status":"passed","title":"R2 Light the Way / Templars surfaces Pit exit then still reaches skipped-first-form Final runtime","duration":13.46770000000015,"failureMessages":[],"meta":{}},{"ancestorTitles":["Community Act IV three-route matrix"],"fullName":"Community Act IV three-route matrix R3 Belly of the Beast reaches real Final Provision then Ancestor First actions and transition","status":"passed","title":"R3 Belly of the Beast reaches real Final Provision then Ancestor First actions and transition","duration":10.205000000000382,"failureMessages":[],"meta":{}},{"ancestorTitles":["Community Act IV three-route matrix"],"fullName":"Community Act IV three-route matrix R4 excavation on a real Act IV map uses a distinct transaction from Final Provision","status":"passed","title":"R4 excavation on a real Act IV map uses a distinct transaction from Final Provision","duration":7.046800000000076,"failureMessages":[],"meta":{}},{"ancestorTitles":["Community Act IV three-route matrix"],"fullName":"Community Act IV three-route matrix R5 Quest draw from the accepted Act IV checkpoint is a real command","status":"passed","title":"R5 Quest draw from the accepted Act IV checkpoint is a real command","duration":0.408900000000358,"failureMessages":[],"meta":{}}],"startTime":1789735778628,"endTime":1789735778688.409,"status":"passed","message":"","name":"D:/darkest-dungoen-boardgame/src/data/darkest-dungeon/community-reference/community-act4-route-matrix.test.ts"}]}