{"numTotalTestSuites":2,"numPassedTestSuites":2,"numFailedTestSuites":0,"numPendingTestSuites":0,"numTotalTests":2,"numPassedTests":2,"numFailedTests":0,"numPendingTests":0,"numTodoTests":0,"snapshot":{"added":0,"failure":false,"filesAdded":0,"filesRemoved":0,"filesRemovedList":[],"filesUnmatched":0,"filesUpdated":0,"matched":0,"total":0,"unchecked":0,"uncheckedKeysByFile":[],"unmatched":0,"updated":0,"didUpdate":false},"startTime":1789735709291,"success":true,"testResults":[{"assertionResults":[{"ancestorTitles":["Community Final skill coverage contract"],"fullName":"Community Final skill coverage contract requiredSourceInventory === implemented === productionTested without helper-direct","status":"passed","title":"requiredSourceInventory === implemented === productionTested without helper-direct","duration":2.2422999999998865,"failureMessages":[],"meta":{}},{"ancestorTitles":["Community Final skill coverage contract"],"fullName":"Community Final skill coverage contract every source-complete leaf binds production turn runtime and save/replay proof","status":"passed","title":"every source-complete leaf binds production turn runtime and save/replay proof","duration":2.59680000000003,"failureMessages":[],"meta":{}}],"startTime":1789735710647,"endTime":1789735710652.5967,"status":"passed","message":"","name":"D:/darkest-dungoen-boardgame/src/data/darkest-dungeon/community-reference/community-final-skill-coverage.test.ts"}]}