{"numTotalTestSuites":2,"numPassedTestSuites":2,"numFailedTestSuites":0,"numPendingTestSuites":0,"numTotalTests":13,"numPassedTests":13,"numFailedTests":0,"numPendingTests":0,"numTodoTests":0,"snapshot":{"added":0,"failure":false,"filesAdded":0,"filesRemoved":0,"filesRemovedList":[],"filesUnmatched":0,"filesUpdated":0,"matched":0,"total":0,"unchecked":0,"uncheckedKeysByFile":[],"unmatched":0,"updated":0,"didUpdate":false},"startTime":1789291729734,"success":true,"testResults":[{"assertionResults":[{"ancestorTitles":["Community source blocker resolution"],"fullName":"Community source blocker resolution accepts the researched dossier and additive supplement","status":"passed","title":"accepts the researched dossier and additive supplement","duration":2.5658999999999423,"failureMessages":[],"meta":{}},{"ancestorTitles":["Community source blocker resolution"],"fullName":"Community source blocker resolution S01 resolved with empty source refs -> FAIL","status":"passed","title":"S01 resolved with empty source refs -> FAIL","duration":1.7209000000000287,"failureMessages":[],"meta":{}},{"ancestorTitles":["Community source blocker resolution"],"fullName":"Community source blocker resolution S02 Community relabeled Official Retail Verified -> FAIL","status":"passed","title":"S02 Community relabeled Official Retail Verified -> FAIL","duration":0.7749999999999773,"failureMessages":[],"meta":{}},{"ancestorTitles":["Community source blocker resolution"],"fullName":"Community source blocker resolution S03 Prototype value copied -> FAIL","status":"passed","title":"S03 Prototype value copied -> FAIL","duration":0.6212999999999056,"failureMessages":[],"meta":{}},{"ancestorTitles":["Community source blocker resolution"],"fullName":"Community source blocker resolution S04 Monster logical-uniform fallback -> FAIL","status":"passed","title":"S04 Monster logical-uniform fallback -> FAIL","duration":0.6006999999999607,"failureMessages":[],"meta":{}},{"ancestorTitles":["Community source blocker resolution"],"fullName":"Community source blocker resolution S05 DeckIDs order treated as draw policy -> FAIL","status":"passed","title":"S05 DeckIDs order treated as draw policy -> FAIL","duration":0.622600000000034,"failureMessages":[],"meta":{}},{"ancestorTitles":["Community source blocker resolution"],"fullName":"Community source blocker resolution S06 Templar adjacency inferred from artwork only -> FAIL","status":"passed","title":"S06 Templar adjacency inferred from artwork only -> FAIL","duration":0.6702000000000226,"failureMessages":[],"meta":{}},{"ancestorTitles":["Community source blocker resolution"],"fullName":"Community source blocker resolution S07 Pit exit inferred from generic movement -> FAIL","status":"passed","title":"S07 Pit exit inferred from generic movement -> FAIL","duration":0.6505999999999403,"failureMessages":[],"meta":{}},{"ancestorTitles":["Community source blocker resolution"],"fullName":"Community source blocker resolution S08 Come Unto Your Maker copied from videogame -> FAIL","status":"passed","title":"S08 Come Unto Your Maker copied from videogame -> FAIL","duration":0.6513000000001057,"failureMessages":[],"meta":{}},{"ancestorTitles":["Community source blocker resolution"],"fullName":"Community source blocker resolution S09 Final/Excavation provision tables assumed identical -> FAIL","status":"passed","title":"S09 Final/Excavation provision tables assumed identical -> FAIL","duration":0.6206999999999425,"failureMessages":[],"meta":{}},{"ancestorTitles":["Community source blocker resolution"],"fullName":"Community source blocker resolution S10 partial compound semantic marked resolved -> FAIL","status":"passed","title":"S10 partial compound semantic marked resolved -> FAIL","duration":0.5698999999999614,"failureMessages":[],"meta":{}},{"ancestorTitles":["Community source blocker resolution"],"fullName":"Community source blocker resolution S11 conflicts silently collapsed -> FAIL","status":"passed","title":"S11 conflicts silently collapsed -> FAIL","duration":0.57000000000005,"failureMessages":[],"meta":{}},{"ancestorTitles":["Community source blocker resolution"],"fullName":"Community source blocker resolution S12 image-derived rule missing source identity/SHA -> FAIL","status":"passed","title":"S12 image-derived rule missing source identity/SHA -> FAIL","duration":0.6349999999999909,"failureMessages":[],"meta":{}}],"startTime":1789291730758,"endTime":1789291730769.635,"status":"passed","message":"","name":"D:/darkest-dungoen-boardgame/src/data/darkest-dungeon/community-reference/source-resolution.test.ts"}]}