{"numTotalTestSuites":2,"numPassedTestSuites":2,"numFailedTestSuites":0,"numPendingTestSuites":0,"numTotalTests":18,"numPassedTests":18,"numFailedTests":0,"numPendingTests":0,"numTodoTests":0,"snapshot":{"added":0,"failure":false,"filesAdded":0,"filesRemoved":0,"filesRemovedList":[],"filesUnmatched":0,"filesUpdated":0,"matched":0,"total":0,"unchecked":0,"uncheckedKeysByFile":[],"unmatched":0,"updated":0,"didUpdate":false},"startTime":1789747104566,"success":true,"testResults":[{"assertionResults":[{"ancestorTitles":["Community Final encounter save/replay matrix"],"fullName":"Community Final encounter save/replay matrix FR-SR-01 Final Provision complete → reload","status":"passed","title":"FR-SR-01 Final Provision complete → reload","duration":25.003499999999804,"failureMessages":[],"meta":{}},{"ancestorTitles":["Community Final encounter save/replay matrix"],"fullName":"Community Final encounter save/replay matrix FR-SR-02 Ancestor 1 initial Reflections allocated → reload does not reroll stance","status":"passed","title":"FR-SR-02 Ancestor 1 initial Reflections allocated → reload does not reroll stance","duration":7.809999999999945,"failureMessages":[],"meta":{}},{"ancestorTitles":["Community Final encounter save/replay matrix"],"fullName":"Community Final encounter save/replay matrix FR-SR-03 Ancestor vacant stance d10 fill → reload does not consume d10 again","status":"passed","title":"FR-SR-03 Ancestor vacant stance d10 fill → reload does not consume d10 again","duration":9.887900000000172,"failureMessages":[],"meta":{}},{"ancestorTitles":["Community Final encounter save/replay matrix"],"fullName":"Community Final encounter save/replay matrix FR-SR-04 Time Heals All complete → reload does not repeat heal","status":"passed","title":"FR-SR-04 Time Heals All complete → reload does not repeat heal","duration":5.771400000000085,"failureMessages":[],"meta":{}},{"ancestorTitles":["Community Final encounter save/replay matrix"],"fullName":"Community Final encounter save/replay matrix FR-SR-05 Ancestor 1 defeated / transition pending → reload continues transition once","status":"passed","title":"FR-SR-05 Ancestor 1 defeated / transition pending → reload continues transition once","duration":11.017399999999725,"failureMessages":[],"meta":{}},{"ancestorTitles":["Community Final encounter save/replay matrix"],"fullName":"Community Final encounter save/replay matrix FR-SR-06 Ancestor 2 teleport complete → reload keeps Area and roll receipt","status":"passed","title":"FR-SR-06 Ancestor 2 teleport complete → reload keeps Area and roll receipt","duration":20.43119999999999,"failureMessages":[],"meta":{}},{"ancestorTitles":["Community Final encounter save/replay matrix"],"fullName":"Community Final encounter save/replay matrix FR-SR-07 Gestating Sispersion physical draw → reload keeps identity / initiative / stance","status":"passed","title":"FR-SR-07 Gestating Sispersion physical draw → reload keeps identity / initiative / stance","duration":10.302400000000034,"failureMessages":[],"meta":{}},{"ancestorTitles":["Community Final encounter save/replay matrix"],"fullName":"Community Final encounter save/replay matrix FR-SR-08 Gestating non-lethal reaction → reload does not repeat Blight/heal","status":"passed","title":"FR-SR-08 Gestating non-lethal reaction → reload does not repeat Blight/heal","duration":6.895300000000134,"failureMessages":[],"meta":{}},{"ancestorTitles":["Community Final encounter save/replay matrix"],"fullName":"Community Final encounter save/replay matrix FR-SR-09 Heart initial Impending Doom forecast → reload keeps roll and skill","status":"passed","title":"FR-SR-09 Heart initial Impending Doom forecast → reload keeps roll and skill","duration":9.665899999999965,"failureMessages":[],"meta":{}},{"ancestorTitles":["Community Final encounter save/replay matrix"],"fullName":"Community Final encounter save/replay matrix FR-SR-10 Heart forecast consumed → reload does not execute the same forecast again","status":"passed","title":"FR-SR-10 Heart forecast consumed → reload does not execute the same forecast again","duration":8.417300000000068,"failureMessages":[],"meta":{}},{"ancestorTitles":["Community Final encounter save/replay matrix"],"fullName":"Community Final encounter save/replay matrix FR-SR-11 Heart action complete + next forecast generated → reload does not reroll","status":"passed","title":"FR-SR-11 Heart action complete + next forecast generated → reload does not reroll","duration":7.991799999999785,"failureMessages":[],"meta":{}},{"ancestorTitles":["Community Final encounter save/replay matrix"],"fullName":"Community Final encounter save/replay matrix FR-SR-12 Between-form transition completed → reload keeps battleId / room / Hero state","status":"passed","title":"FR-SR-12 Between-form transition completed → reload keeps battleId / room / Hero state","duration":5.591499999999996,"failureMessages":[],"meta":{}},{"ancestorTitles":["Community Final encounter save/replay matrix"],"fullName":"Community Final encounter save/replay matrix FR-SR-13 Puncture 完整执行后 → reload 不重复 forecast / damage / Bleed / Stress","status":"passed","title":"FR-SR-13 Puncture 完整执行后 → reload 不重复 forecast / damage / Bleed / Stress","duration":8.778600000000097,"failureMessages":[],"meta":{}},{"ancestorTitles":["Community Final encounter save/replay matrix"],"fullName":"Community Final encounter save/replay matrix FR-SR-14 Dissolution 完整执行后 → reload 不重复 forecast / damage / Blight / Debuff","status":"passed","title":"FR-SR-14 Dissolution 完整执行后 → reload 不重复 forecast / damage / Blight / Debuff","duration":9.428400000000238,"failureMessages":[],"meta":{}},{"ancestorTitles":["Community Final encounter save/replay matrix"],"fullName":"Community Final encounter save/replay matrix FR-SR-15 It Chooses Mark 2t + Debuff → reload 保留 duration 且不重复施加","status":"passed","title":"FR-SR-15 It Chooses Mark 2t + Debuff → reload 保留 duration 且不重复施加","duration":5.444700000000012,"failureMessages":[],"meta":{}},{"ancestorTitles":["Community Final encounter save/replay matrix"],"fullName":"Community Final encounter save/replay matrix FR-SR-16 Final Monster damage/stress → Form transition → reload 保留全部 Hero combat state","status":"passed","title":"FR-SR-16 Final Monster damage/stress → Form transition → reload 保留全部 Hero combat state","duration":9.540300000000116,"failureMessages":[],"meta":{}},{"ancestorTitles":["Community Final encounter save/replay matrix"],"fullName":"Community Final encounter save/replay matrix FR-SR-17 多目标 Know This → reload 不重复 damage / Stress / Light","status":"passed","title":"FR-SR-17 多目标 Know This → reload 不重复 damage / Stress / Light","duration":10.80199999999968,"failureMessages":[],"meta":{}},{"ancestorTitles":["Community Final encounter save/replay matrix"],"fullName":"Community Final encounter save/replay matrix FR-SR-18 Reflection turn（Reunion）完整执行后 → reload 不重复 damage / Bleed / Stress","status":"passed","title":"FR-SR-18 Reflection turn（Reunion）完整执行后 → reload 不重复 damage / Bleed / Stress","duration":4.5371000000000095,"failureMessages":[],"meta":{}}],"startTime":1789747107229,"endTime":1789747107406.537,"status":"passed","message":"","name":"D:/darkest-dungoen-boardgame/src/data/darkest-dungeon/community-reference/community-final-encounter-save-replay.test.ts"}]}