{"numTotalTestSuites":2,"numPassedTestSuites":2,"numFailedTestSuites":0,"numPendingTestSuites":0,"numTotalTests":25,"numPassedTests":25,"numFailedTests":0,"numPendingTests":0,"numTodoTests":0,"snapshot":{"added":0,"failure":false,"filesAdded":0,"filesRemoved":0,"filesRemovedList":[],"filesUnmatched":0,"filesUpdated":0,"matched":0,"total":0,"unchecked":0,"uncheckedKeysByFile":[],"unmatched":0,"updated":0,"didUpdate":false},"startTime":1789747097018,"success":true,"testResults":[{"assertionResults":[{"ancestorTitles":["Community Final production runtime"],"fullName":"Community Final production runtime P-final-skill production turn executes source-backed Ancestor and Reflection actions","status":"passed","title":"P-final-skill production turn executes source-backed Ancestor and Reflection actions","duration":24.89319999999998,"failureMessages":[],"meta":{}},{"ancestorTitles":["Community Final production runtime"],"fullName":"Community Final production runtime P-final-ancestor-first-form-perfect-replication vacant d10 1-3 spawns Perfect Reflection","status":"passed","title":"P-final-ancestor-first-form-perfect-replication vacant d10 1-3 spawns Perfect Reflection","duration":7.614399999999932,"failureMessages":[],"meta":{}},{"ancestorTitles":["Community Final production runtime"],"fullName":"Community Final production runtime P-final-ancestor-first-form-imperfect-reproduction vacant d10 4-10 spawns Imperfect Reflection","status":"passed","title":"P-final-ancestor-first-form-imperfect-reproduction vacant d10 4-10 spawns Imperfect Reflection","duration":6.253699999999753,"failureMessages":[],"meta":{}},{"ancestorTitles":["Community Final production runtime"],"fullName":"Community Final production runtime P-final-ancestor-first-form-time-heals-all heals the most wounded monster by 10","status":"passed","title":"P-final-ancestor-first-form-time-heals-all heals the most wounded monster by 10","duration":4.8858000000000175,"failureMessages":[],"meta":{}},{"ancestorTitles":["Community Final production runtime"],"fullName":"Community Final production runtime P-final-perfect-reflection-reunion reflection turn uses source-backed selection","status":"passed","title":"P-final-perfect-reflection-reunion reflection turn uses source-backed selection","duration":5.157600000000002,"failureMessages":[],"meta":{}},{"ancestorTitles":["Community Final production runtime"],"fullName":"Community Final production runtime P-final-perfect-reflection-reunion marked target takes +3 damage and crit follows source","status":"passed","title":"P-final-perfect-reflection-reunion marked target takes +3 damage and crit follows source","duration":11.725599999999758,"failureMessages":[],"meta":{}},{"ancestorTitles":["Community Final production runtime"],"fullName":"Community Final production runtime P-final-perfect-reflection-we-are-the-same reflection turn uses source-backed selection","status":"passed","title":"P-final-perfect-reflection-we-are-the-same reflection turn uses source-backed selection","duration":4.507000000000062,"failureMessages":[],"meta":{}},{"ancestorTitles":["Community Final production runtime"],"fullName":"Community Final production runtime P-final-imperfect-reflection-it-chooses reflection turn uses source-backed selection","status":"passed","title":"P-final-imperfect-reflection-it-chooses reflection turn uses source-backed selection","duration":4.319899999999961,"failureMessages":[],"meta":{}},{"ancestorTitles":["Community Final production runtime"],"fullName":"Community Final production runtime P-final-imperfect-reflection-we-are-the-same reflection turn uses source-backed selection","status":"passed","title":"P-final-imperfect-reflection-we-are-the-same reflection turn uses source-backed selection","duration":5.184699999999793,"failureMessages":[],"meta":{}},{"ancestorTitles":["Community Final production runtime"],"fullName":"Community Final production runtime P-final-imperfect-death applies 10 Ancestor wounds once","status":"passed","title":"P-final-imperfect-death applies 10 Ancestor wounds once","duration":4.205800000000181,"failureMessages":[],"meta":{}},{"ancestorTitles":["Community Final production runtime"],"fullName":"Community Final production runtime P-final-ancestor-second-form-refashion-them executes then teleports","status":"passed","title":"P-final-ancestor-second-form-refashion-them executes then teleports","duration":12.16989999999987,"failureMessages":[],"meta":{}},{"ancestorTitles":["Community Final production runtime"],"fullName":"Community Final production runtime P-final-ancestor-second-form-refashion-them crit deals source crit damage to every target","status":"passed","title":"P-final-ancestor-second-form-refashion-them crit deals source crit damage to every target","duration":6.531399999999849,"failureMessages":[],"meta":{}},{"ancestorTitles":["Community Final production runtime"],"fullName":"Community Final production runtime P-final-ancestor-second-form-unmake-them-all executes then teleports","status":"passed","title":"P-final-ancestor-second-form-unmake-them-all executes then teleports","duration":5.180899999999838,"failureMessages":[],"meta":{}},{"ancestorTitles":["Community Final production runtime"],"fullName":"Community Final production runtime P-final-ancestor-second-form-embrace-futility executes then teleport 10 stays put","status":"passed","title":"P-final-ancestor-second-form-embrace-futility executes then teleport 10 stays put","duration":8.662600000000111,"failureMessages":[],"meta":{}},{"ancestorTitles":["Community Final production runtime"],"fullName":"Community Final production runtime P-final-nothingness is not a target and consumes Area capacity","status":"passed","title":"P-final-nothingness is not a target and consumes Area capacity","duration":9.611499999999978,"failureMessages":[],"meta":{}},{"ancestorTitles":["Community Final production runtime"],"fullName":"Community Final production runtime P-final-gestating-heart-dispersion Sispersion draws the physical deck top card and adds initiative","status":"passed","title":"P-final-gestating-heart-dispersion Sispersion draws the physical deck top card and adds initiative","duration":15.657200000000103,"failureMessages":[],"meta":{}},{"ancestorTitles":["Community Final production runtime"],"fullName":"Community Final production runtime P-final-gestating-ichor non-lethal blight and heal; lethal stays blocked","status":"passed","title":"P-final-gestating-ichor non-lethal blight and heal; lethal stays blocked","duration":9.045900000000074,"failureMessages":[],"meta":{}},{"ancestorTitles":["Community Final production runtime"],"fullName":"Community Final production runtime P-final-heart-of-darkness-know-this consumes the saved forecast","status":"passed","title":"P-final-heart-of-darkness-know-this consumes the saved forecast","duration":13.587099999999737,"failureMessages":[],"meta":{}},{"ancestorTitles":["Community Final production runtime"],"fullName":"Community Final production runtime P-final-heart-of-darkness-know-this crit and crowded-area selection follow source semantics","status":"passed","title":"P-final-heart-of-darkness-know-this crit and crowded-area selection follow source semantics","duration":8.18080000000009,"failureMessages":[],"meta":{}},{"ancestorTitles":["Community Final production runtime"],"fullName":"Community Final production runtime P-final-heart-of-darkness-puncture is the production skill for forecast 5-7","status":"passed","title":"P-final-heart-of-darkness-puncture is the production skill for forecast 5-7","duration":9.524399999999787,"failureMessages":[],"meta":{}},{"ancestorTitles":["Community Final production runtime"],"fullName":"Community Final production runtime P-final-heart-of-darkness-puncture crit deals the source crit damage","status":"passed","title":"P-final-heart-of-darkness-puncture crit deals the source crit damage","duration":10.507900000000063,"failureMessages":[],"meta":{}},{"ancestorTitles":["Community Final production runtime"],"fullName":"Community Final production runtime P-final-heart-of-darkness-dissolution is the production skill for forecast 8-10","status":"passed","title":"P-final-heart-of-darkness-dissolution is the production skill for forecast 8-10","duration":11.847000000000207,"failureMessages":[],"meta":{}},{"ancestorTitles":["Community Final production runtime"],"fullName":"Community Final production runtime P-final-transition real form defeat rebuilds the next form without injecting transitionState","status":"passed","title":"P-final-transition real form defeat rebuilds the next form without injecting transitionState","duration":6.9944000000000415,"failureMessages":[],"meta":{}},{"ancestorTitles":["Community Final production runtime"],"fullName":"Community Final production runtime P-final-quest-skip order is first remaining source-backed form","status":"passed","title":"P-final-quest-skip order is first remaining source-backed form","duration":18.92749999999978,"failureMessages":[],"meta":{}},{"ancestorTitles":["Community Final production runtime"],"fullName":"Community Final production runtime Come Unto Your Maker remains source-blocked with no mutation","status":"passed","title":"Come Unto Your Maker remains source-blocked with no mutation","duration":10.512900000000172,"failureMessages":[],"meta":{}}],"startTime":1789747099749,"endTime":1789747099984.513,"status":"passed","message":"","name":"D:/darkest-dungoen-boardgame/src/data/darkest-dungeon/community-reference/community-final-production.test.ts"}]}