{"numTotalTestSuites":2,"numPassedTestSuites":2,"numFailedTestSuites":0,"numPendingTestSuites":0,"numTotalTests":2,"numPassedTests":2,"numFailedTests":0,"numPendingTests":0,"numTodoTests":0,"snapshot":{"added":0,"failure":false,"filesAdded":0,"filesRemoved":0,"filesRemovedList":[],"filesUnmatched":0,"filesUpdated":0,"matched":0,"total":0,"unchecked":0,"uncheckedKeysByFile":[],"unmatched":0,"updated":0,"didUpdate":false},"startTime":1789747100604,"success":true,"testResults":[{"assertionResults":[{"ancestorTitles":["Community Final transition state preservation (WP-13)"],"fullName":"Community Final transition state preservation (WP-13) Form 1 → 2：Reunion（HP+Bleed+Stress）与 It Chooses（Mark 2t+Debuff）后的 Hero state 完整保留","status":"passed","title":"Form 1 → 2：Reunion（HP+Bleed+Stress）与 It Chooses（Mark 2t+Debuff）后的 Hero state 完整保留","duration":38.90689999999995,"failureMessages":[],"meta":{}},{"ancestorTitles":["Community Final transition state preservation (WP-13)"],"fullName":"Community Final transition state preservation (WP-13) Form 2 → 3：Unmake（Bleed 2/4）+ Embrace Futility（Stun 2t + Stress +2 + Push 2）后的 Hero state 完整保留","status":"passed","title":"Form 2 → 3：Unmake（Bleed 2/4）+ Embrace Futility（Stun 2t + Stress +2 + Push 2）后的 Hero state 完整保留","duration":15.91339999999991,"failureMessages":[],"meta":{}}],"startTime":1789747103899,"endTime":1789747103953.9133,"status":"passed","message":"","name":"D:/darkest-dungoen-boardgame/src/data/darkest-dungeon/community-reference/community-final-transition-state.test.ts"}]}