{"numTotalTestSuites":2,"numPassedTestSuites":2,"numFailedTestSuites":0,"numPendingTestSuites":0,"numTotalTests":5,"numPassedTests":5,"numFailedTests":0,"numPendingTests":0,"numTodoTests":0,"snapshot":{"added":0,"failure":false,"filesAdded":0,"filesRemoved":0,"filesRemovedList":[],"filesUnmatched":0,"filesUpdated":0,"matched":0,"total":0,"unchecked":0,"uncheckedKeysByFile":[],"unmatched":0,"updated":0,"didUpdate":false},"startTime":1789747095123,"success":true,"testResults":[{"assertionResults":[{"ancestorTitles":["Community Final skill coverage contract"],"fullName":"Community Final skill coverage contract requiredSourceInventory === implemented: every source-complete leaf has a runtime path","status":"passed","title":"requiredSourceInventory === implemented: every source-complete leaf has a runtime path","duration":3.6099999999999,"failureMessages":[],"meta":{}},{"ancestorTitles":["Community Final skill coverage contract"],"fullName":"Community Final skill coverage contract WP-3: production proof requires the real Final production seam, not metadata-only assertions","status":"passed","title":"WP-3: production proof requires the real Final production seam, not metadata-only assertions","duration":1.083599999999933,"failureMessages":[],"meta":{}},{"ancestorTitles":["Community Final skill coverage contract"],"fullName":"Community Final skill coverage contract WP-3/WP-19: coverage closure and FINAL_SKILL_TABLE_ENGINE_UNSUPPORTED are strict mutex","status":"passed","title":"WP-3/WP-19: coverage closure and FINAL_SKILL_TABLE_ENGINE_UNSUPPORTED are strict mutex","duration":0.669800000000123,"failureMessages":[],"meta":{}},{"ancestorTitles":["Community Final skill coverage contract"],"fullName":"Community Final skill coverage contract every source-complete leaf binds production turn runtime and save/replay proof ids","status":"passed","title":"every source-complete leaf binds production turn runtime and save/replay proof ids","duration":2.044900000000098,"failureMessages":[],"meta":{}},{"ancestorTitles":["Community Final skill coverage contract"],"fullName":"Community Final skill coverage contract extractTestBody parses real bodies and rejects unknown ids","status":"passed","title":"extractTestBody parses real bodies and rejects unknown ids","duration":0.2401999999999589,"failureMessages":[],"meta":{}}],"startTime":1789747096442,"endTime":1789747096450.2402,"status":"passed","message":"","name":"D:/darkest-dungoen-boardgame/src/data/darkest-dungeon/community-reference/community-final-skill-coverage.test.ts"}]}