{"numTotalTestSuites":2,"numPassedTestSuites":2,"numFailedTestSuites":0,"numPendingTestSuites":0,"numTotalTests":41,"numPassedTests":41,"numFailedTests":0,"numPendingTests":0,"numTodoTests":0,"snapshot":{"added":0,"failure":false,"filesAdded":0,"filesRemoved":0,"filesRemovedList":[],"filesUnmatched":0,"filesUpdated":0,"matched":0,"total":0,"unchecked":0,"uncheckedKeysByFile":[],"unmatched":0,"updated":0,"didUpdate":false},"startTime":1789747108011,"success":true,"testResults":[{"assertionResults":[{"ancestorTitles":["Community Final encounter mutation gate"],"fullName":"Community Final encounter mutation gate keeps exactly the three source blockers after R2A real acceptance re-closure","status":"passed","title":"keeps exactly the three source blockers after R2A real acceptance re-closure","duration":1.5656000000001313,"failureMessages":[],"meta":{}},{"ancestorTitles":["Community Final encounter mutation gate"],"fullName":"Community Final encounter mutation gate Ancestor Reflection stance rerolls after reload","status":"passed","title":"Ancestor Reflection stance rerolls after reload","duration":3576.1670999999997,"failureMessages":[],"meta":{}},{"ancestorTitles":["Community Final encounter mutation gate"],"fullName":"Community Final encounter mutation gate Ancestor Guard allows attacking Ancestor while Reflection alive","status":"passed","title":"Ancestor Guard allows attacking Ancestor while Reflection alive","duration":3349.3531000000003,"failureMessages":[],"meta":{}},{"ancestorTitles":["Community Final encounter mutation gate"],"fullName":"Community Final encounter mutation gate Imperfect death applies 10 Wounds twice","status":"passed","title":"Imperfect death applies 10 Wounds twice","duration":3772.2445,"failureMessages":[],"meta":{}},{"ancestorTitles":["Community Final encounter mutation gate"],"fullName":"Community Final encounter mutation gate vacant stance uses fixed Perfect instead of d10 source table","status":"passed","title":"vacant stance uses fixed Perfect instead of d10 source table","duration":4141.993699999999,"failureMessages":[],"meta":{}},{"ancestorTitles":["Community Final encounter mutation gate"],"fullName":"Community Final encounter mutation gate Time Heals All heals wrong target","status":"passed","title":"Time Heals All heals wrong target","duration":4638.030000000001,"failureMessages":[],"meta":{}},{"ancestorTitles":["Community Final encounter mutation gate"],"fullName":"Community Final encounter mutation gate Ancestor 2 teleport roll 10 moves anyway","status":"passed","title":"Ancestor 2 teleport roll 10 moves anyway","duration":3863.771099999998,"failureMessages":[],"meta":{}},{"ancestorTitles":["Community Final encounter mutation gate"],"fullName":"Community Final encounter mutation gate Absolute Nothingness becomes targetable","status":"passed","title":"Absolute Nothingness becomes targetable","duration":3418.3338000000003,"failureMessages":[],"meta":{}},{"ancestorTitles":["Community Final encounter mutation gate"],"fullName":"Community Final encounter mutation gate Absolute Nothingness does not consume Area capacity","status":"passed","title":"Absolute Nothingness does not consume Area capacity","duration":3156.4684000000016,"failureMessages":[],"meta":{}},{"ancestorTitles":["Community Final encounter mutation gate"],"fullName":"Community Final encounter mutation gate Gestating Sispersion uses logical-uniform random instead of physical deck","status":"passed","title":"Gestating Sispersion uses logical-uniform random instead of physical deck","duration":3155.7481000000007,"failureMessages":[],"meta":{}},{"ancestorTitles":["Community Final encounter mutation gate"],"fullName":"Community Final encounter mutation gate Sispersion summons Monster but does not add Initiative","status":"passed","title":"Sispersion summons Monster but does not add Initiative","duration":3344.9101999999984,"failureMessages":[],"meta":{}},{"ancestorTitles":["Community Final encounter mutation gate"],"fullName":"Community Final encounter mutation gate non-lethal Ichor misses Hero Blight","status":"passed","title":"non-lethal Ichor misses Hero Blight","duration":3111.0531000000046,"failureMessages":[],"meta":{}},{"ancestorTitles":["Community Final encounter mutation gate"],"fullName":"Community Final encounter mutation gate non-lethal Ichor misses Heart heal","status":"passed","title":"non-lethal Ichor misses Heart heal","duration":3294.6565000000046,"failureMessages":[],"meta":{}},{"ancestorTitles":["Community Final encounter mutation gate"],"fullName":"Community Final encounter mutation gate lethal Ichor ordering is guessed","status":"passed","title":"lethal Ichor ordering is guessed","duration":3741.8863000000056,"failureMessages":[],"meta":{}},{"ancestorTitles":["Community Final encounter mutation gate"],"fullName":"Community Final encounter mutation gate Heart consumes a different skill than forecast","status":"passed","title":"Heart consumes a different skill than forecast","duration":3536.6789999999964,"failureMessages":[],"meta":{}},{"ancestorTitles":["Community Final encounter mutation gate"],"fullName":"Community Final encounter mutation gate Heart generates next forecast before action completes","status":"passed","title":"Heart generates next forecast before action completes","duration":3748.1920000000027,"failureMessages":[],"meta":{}},{"ancestorTitles":["Community Final encounter mutation gate"],"fullName":"Community Final encounter mutation gate Form transition heals Heroes","status":"passed","title":"Form transition heals Heroes","duration":3476.602700000003,"failureMessages":[],"meta":{}},{"ancestorTitles":["Community Final encounter mutation gate"],"fullName":"Community Final encounter mutation gate Come Unto Your Maker silently executes guessed behavior","status":"passed","title":"Come Unto Your Maker silently executes guessed behavior","duration":3558.5296000000017,"failureMessages":[],"meta":{}},{"ancestorTitles":["Community Final encounter mutation gate"],"fullName":"Community Final encounter mutation gate WP-14: damage disappears on transition (hp not inherited from previous Form)","status":"passed","title":"WP-14: damage disappears on transition (hp not inherited from previous Form)","duration":3319.2514999999985,"failureMessages":[],"meta":{}},{"ancestorTitles":["Community Final encounter mutation gate"],"fullName":"Community Final encounter mutation gate WP-14: stress disappears on transition","status":"passed","title":"WP-14: stress disappears on transition","duration":3317.208700000003,"failureMessages":[],"meta":{}},{"ancestorTitles":["Community Final encounter mutation gate"],"fullName":"Community Final encounter mutation gate WP-14: bleed disappears on transition","status":"passed","title":"WP-14: bleed disappears on transition","duration":3278.676900000006,"failureMessages":[],"meta":{}},{"ancestorTitles":["Community Final encounter mutation gate"],"fullName":"Community Final encounter mutation gate WP-14: condition durations (mark/stun/bleed) disappear on transition","status":"passed","title":"WP-14: condition durations (mark/stun/bleed) disappear on transition","duration":2986.2546,"failureMessages":[],"meta":{}},{"ancestorTitles":["Community Final encounter mutation gate"],"fullName":"Community Final encounter mutation gate WP-14: hero HP rebuilt from pre-form Campaign value (inheritance disabled)","status":"passed","title":"WP-14: hero HP rebuilt from pre-form Campaign value (inheritance disabled)","duration":3006.9055999999982,"failureMessages":[],"meta":{}},{"ancestorTitles":["Community Final encounter mutation gate"],"fullName":"Community Final encounter mutation gate WP-14: battleId changes on transition","status":"passed","title":"WP-14: battleId changes on transition","duration":3849.164300000004,"failureMessages":[],"meta":{}},{"ancestorTitles":["Community Final encounter mutation gate"],"fullName":"Community Final encounter mutation gate WP-14: Room changes on transition","status":"passed","title":"WP-14: Room changes on transition","duration":3219.160300000003,"failureMessages":[],"meta":{}},{"ancestorTitles":["Community Final encounter mutation gate"],"fullName":"Community Final encounter mutation gate WP-14: Round not reset on transition","status":"passed","title":"WP-14: Round not reset on transition","duration":3134.4648999999918,"failureMessages":[],"meta":{}},{"ancestorTitles":["Community Final encounter mutation gate"],"fullName":"Community Final encounter mutation gate WP-14: initiative not rebuilt on transition","status":"passed","title":"WP-14: initiative not rebuilt on transition","duration":3114.824299999993,"failureMessages":[],"meta":{}},{"ancestorTitles":["Community Final encounter mutation gate"],"fullName":"Community Final encounter mutation gate WP-15: wrong damage (base damage +1)","status":"passed","title":"WP-15: wrong damage (base damage +1)","duration":3396.9207999999926,"failureMessages":[],"meta":{}},{"ancestorTitles":["Community Final encounter mutation gate"],"fullName":"Community Final encounter mutation gate WP-15: wrong crit (crit never deals crit damage)","status":"passed","title":"WP-15: wrong crit (crit never deals crit damage)","duration":3726.559899999993,"failureMessages":[],"meta":{}},{"ancestorTitles":["Community Final encounter mutation gate"],"fullName":"Community Final encounter mutation gate WP-15: wrong target (closest policy reversed to furthest)","status":"passed","title":"WP-15: wrong target (closest policy reversed to furthest)","duration":3360.9147999999986,"failureMessages":[],"meta":{}},{"ancestorTitles":["Community Final encounter mutation gate"],"fullName":"Community Final encounter mutation gate WP-15: range ignored (all living heroes legal regardless of range)","status":"passed","title":"WP-15: range ignored (all living heroes legal regardless of range)","duration":3318.001900000003,"failureMessages":[],"meta":{}},{"ancestorTitles":["Community Final encounter mutation gate"],"fullName":"Community Final encounter mutation gate WP-15: wrong multi-target count (crowded area only hits 1)","status":"passed","title":"WP-15: wrong multi-target count (crowded area only hits 1)","duration":3909.8466000000044,"failureMessages":[],"meta":{}},{"ancestorTitles":["Community Final encounter mutation gate"],"fullName":"Community Final encounter mutation gate WP-15: missing Bleed","status":"passed","title":"WP-15: missing Bleed","duration":3510.0544999999984,"failureMessages":[],"meta":{}},{"ancestorTitles":["Community Final encounter mutation gate"],"fullName":"Community Final encounter mutation gate WP-15: missing Blight","status":"passed","title":"WP-15: missing Blight","duration":3367.9294999999984,"failureMessages":[],"meta":{}},{"ancestorTitles":["Community Final encounter mutation gate"],"fullName":"Community Final encounter mutation gate WP-15: missing Stun","status":"passed","title":"WP-15: missing Stun","duration":3428.865300000005,"failureMessages":[],"meta":{}},{"ancestorTitles":["Community Final encounter mutation gate"],"fullName":"Community Final encounter mutation gate WP-15: missing Mark","status":"passed","title":"WP-15: missing Mark","duration":3322.1094999999914,"failureMessages":[],"meta":{}},{"ancestorTitles":["Community Final encounter mutation gate"],"fullName":"Community Final encounter mutation gate WP-15: wrong duration (Mark 2t applied as 1t)","status":"passed","title":"WP-15: wrong duration (Mark 2t applied as 1t)","duration":3387.584600000002,"failureMessages":[],"meta":{}},{"ancestorTitles":["Community Final encounter mutation gate"],"fullName":"Community Final encounter mutation gate WP-15: missing Stress (shared pipeline skipped)","status":"passed","title":"WP-15: missing Stress (shared pipeline skipped)","duration":3327.998800000001,"failureMessages":[],"meta":{}},{"ancestorTitles":["Community Final encounter mutation gate"],"fullName":"Community Final encounter mutation gate WP-15: missing Light -1","status":"passed","title":"WP-15: missing Light -1","duration":3488.555199999988,"failureMessages":[],"meta":{}},{"ancestorTitles":["Community Final encounter mutation gate"],"fullName":"Community Final encounter mutation gate WP-15: missing marked +3 damage bonus","status":"passed","title":"WP-15: missing marked +3 damage bonus","duration":3668.8968999999925,"failureMessages":[],"meta":{}},{"ancestorTitles":["Community Final encounter mutation gate"],"fullName":"Community Final encounter mutation gate WP-15: missing Push 2","status":"passed","title":"WP-15: missing Push 2","duration":3376.4223000000056,"failureMessages":[],"meta":{}}],"startTime":1789747109247,"endTime":1789747247951.4224,"status":"passed","message":"","name":"D:/darkest-dungoen-boardgame/src/data/darkest-dungeon/community-reference/community-final-encounter-adversarial.test.ts"}]}