{"numTotalTestSuites":2,"numPassedTestSuites":2,"numFailedTestSuites":0,"numPendingTestSuites":0,"numTotalTests":5,"numPassedTests":5,"numFailedTests":0,"numPendingTests":0,"numTodoTests":0,"snapshot":{"added":0,"failure":false,"filesAdded":0,"filesRemoved":0,"filesRemovedList":[],"filesUnmatched":0,"filesUpdated":0,"matched":0,"total":0,"unchecked":0,"uncheckedKeysByFile":[],"unmatched":0,"updated":0,"didUpdate":false},"startTime":1789747248518,"success":true,"testResults":[{"assertionResults":[{"ancestorTitles":["Community Act IV segment integration matrix (Guardian→Final; full route acceptance reserved for R3)"],"fullName":"Community Act IV segment integration matrix (Guardian→Final; full route acceptance reserved for R3) R1 We Are The Flame reaches first Final Form through Guardian victory then a real transition","status":"passed","title":"R1 We Are The Flame reaches first Final Form through Guardian victory then a real transition","duration":29.939400000000205,"failureMessages":[],"meta":{}},{"ancestorTitles":["Community Act IV segment integration matrix (Guardian→Final; full route acceptance reserved for R3)"],"fullName":"Community Act IV segment integration matrix (Guardian→Final; full route acceptance reserved for R3) R2 Light the Way / Templars surfaces Pit exit then still reaches skipped-first-form Final runtime","status":"passed","title":"R2 Light the Way / Templars surfaces Pit exit then still reaches skipped-first-form Final runtime","duration":15.47669999999971,"failureMessages":[],"meta":{}},{"ancestorTitles":["Community Act IV segment integration matrix (Guardian→Final; full route acceptance reserved for R3)"],"fullName":"Community Act IV segment integration matrix (Guardian→Final; full route acceptance reserved for R3) R3 Belly of the Beast reaches real Final Provision then Ancestor First actions and transition","status":"passed","title":"R3 Belly of the Beast reaches real Final Provision then Ancestor First actions and transition","duration":10.660200000000259,"failureMessages":[],"meta":{}},{"ancestorTitles":["Community Act IV segment integration matrix (Guardian→Final; full route acceptance reserved for R3)"],"fullName":"Community Act IV segment integration matrix (Guardian→Final; full route acceptance reserved for R3) R4 excavation on a real Act IV map uses a distinct transaction from Final Provision","status":"passed","title":"R4 excavation on a real Act IV map uses a distinct transaction from Final Provision","duration":7.0494000000003325,"failureMessages":[],"meta":{}},{"ancestorTitles":["Community Act IV segment integration matrix (Guardian→Final; full route acceptance reserved for R3)"],"fullName":"Community Act IV segment integration matrix (Guardian→Final; full route acceptance reserved for R3) R5 Quest draw from the accepted Act IV checkpoint is a real command","status":"passed","title":"R5 Quest draw from the accepted Act IV checkpoint is a real command","duration":0.38879999999971915,"failureMessages":[],"meta":{}}],"startTime":1789747251624,"endTime":1789747251687.389,"status":"passed","message":"","name":"D:/darkest-dungoen-boardgame/src/data/darkest-dungeon/community-reference/community-act4-route-matrix.test.ts"}]}