{"numTotalTestSuites":2,"numPassedTestSuites":2,"numFailedTestSuites":0,"numPendingTestSuites":0,"numTotalTests":9,"numPassedTests":9,"numFailedTests":0,"numPendingTests":0,"numTodoTests":0,"snapshot":{"added":0,"failure":false,"filesAdded":0,"filesRemoved":0,"filesRemovedList":[],"filesUnmatched":0,"filesUpdated":0,"matched":0,"total":0,"unchecked":0,"uncheckedKeysByFile":[],"unmatched":0,"updated":0,"didUpdate":false},"startTime":1789747093388,"success":true,"testResults":[{"assertionResults":[{"ancestorTitles":["Community Final skill source evidence binding (WP-1/WP-2)"],"fullName":"Community Final skill source evidence binding (WP-1/WP-2) evidence artifact never uses Prototype as source truth","status":"passed","title":"evidence artifact never uses Prototype as source truth","duration":1.128099999999904,"failureMessages":[],"meta":{}},{"ancestorTitles":["Community Final skill source evidence binding (WP-1/WP-2)"],"fullName":"Community Final skill source evidence binding (WP-1/WP-2) every evidence card asset exists on disk and matches its recorded sha256","status":"passed","title":"every evidence card asset exists on disk and matches its recorded sha256","duration":6.670399999999972,"failureMessages":[],"meta":{}},{"ancestorTitles":["Community Final skill source evidence binding (WP-1/WP-2)"],"fullName":"Community Final skill source evidence binding (WP-1/WP-2) every evidence card provenance matches the accepted source-reference-index","status":"passed","title":"every evidence card provenance matches the accepted source-reference-index","duration":1.046400000000176,"failureMessages":[],"meta":{}},{"ancestorTitles":["Community Final skill source evidence binding (WP-1/WP-2)"],"fullName":"Community Final skill source evidence binding (WP-1/WP-2) every evidence leaf provenance matches its card provenance","status":"passed","title":"every evidence leaf provenance matches its card provenance","duration":1.4895999999998821,"failureMessages":[],"meta":{}},{"ancestorTitles":["Community Final skill source evidence binding (WP-1/WP-2)"],"fullName":"Community Final skill source evidence binding (WP-1/WP-2) sourceEvidence === runtimeSourceInventory leaf set (no missing, no extra)","status":"passed","title":"sourceEvidence === runtimeSourceInventory leaf set (no missing, no extra)","duration":0.7954999999999472,"failureMessages":[],"meta":{}},{"ancestorTitles":["Community Final skill source evidence binding (WP-1/WP-2)"],"fullName":"Community Final skill source evidence binding (WP-1/WP-2) sourceEvidence === runtimeSourceInventory per leaf per field","status":"passed","title":"sourceEvidence === runtimeSourceInventory per leaf per field","duration":0.6721999999999753,"failureMessages":[],"meta":{}},{"ancestorTitles":["Community Final skill source evidence binding (WP-1/WP-2)"],"fullName":"Community Final skill source evidence binding (WP-1/WP-2) every inventory leaf sourceReference binds the evidenced card asset path","status":"passed","title":"every inventory leaf sourceReference binds the evidenced card asset path","duration":0.8840999999999894,"failureMessages":[],"meta":{}},{"ancestorTitles":["Community Final skill source evidence binding (WP-1/WP-2)"],"fullName":"Community Final skill source evidence binding (WP-1/WP-2) evidence leaves carry extraction provenance (rulebook page or explicit card-only extraction)","status":"passed","title":"evidence leaves carry extraction provenance (rulebook page or explicit card-only extraction)","duration":0.6830999999999676,"failureMessages":[],"meta":{}},{"ancestorTitles":["Community Final skill source evidence binding (WP-1/WP-2)"],"fullName":"Community Final skill source evidence binding (WP-1/WP-2) actor source stats (printed Speed) bind the evidence actors section","status":"passed","title":"actor source stats (printed Speed) bind the evidence actors section","duration":0.6794999999999618,"failureMessages":[],"meta":{}}],"startTime":1789747094478,"endTime":1789747094492.6794,"status":"passed","message":"","name":"D:/darkest-dungoen-boardgame/src/data/darkest-dungeon/community-reference/community-final-skill-source-evidence.test.ts"}]}