{"numTotalTestSuites":2,"numPassedTestSuites":2,"numFailedTestSuites":0,"numPendingTestSuites":0,"numTotalTests":7,"numPassedTests":7,"numFailedTests":0,"numPendingTests":0,"numTodoTests":0,"snapshot":{"added":0,"failure":false,"filesAdded":0,"filesRemoved":0,"filesRemovedList":[],"filesUnmatched":0,"filesUpdated":0,"matched":0,"total":0,"unchecked":0,"uncheckedKeysByFile":[],"unmatched":0,"updated":0,"didUpdate":false},"startTime":1789732008330,"success":true,"testResults":[{"assertionResults":[{"ancestorTitles":["Community Monster acceptance"],"fullName":"Community Monster acceptance M01 has 26 physical and 9 logical definitions","status":"passed","title":"M01 has 26 physical and 9 logical definitions","duration":1.8029999999998836,"failureMessages":[],"meta":{}},{"ancestorTitles":["Community Monster acceptance"],"fullName":"Community Monster acceptance M02 traces every GUID and CardID membership","status":"passed","title":"M02 traces every GUID and CardID membership","duration":0.7875999999996566,"failureMessages":[],"meta":{}},{"ancestorTitles":["Community Monster acceptance"],"fullName":"Community Monster acceptance M03 production draw fills four physical instances from the shuffled pile","status":"passed","title":"M03 production draw fills four physical instances from the shuffled pile","duration":6.838600000000042,"failureMessages":[],"meta":{}},{"ancestorTitles":["Community Monster acceptance"],"fullName":"Community Monster acceptance M04 top-card draw does not consume RNG","status":"passed","title":"M04 top-card draw does not consume RNG","duration":1.4142000000001644,"failureMessages":[],"meta":{}},{"ancestorTitles":["Community Monster acceptance"],"fullName":"Community Monster acceptance M05 mutates only the physical draw pile identity for the four-slot fill","status":"passed","title":"M05 mutates only the physical draw pile identity for the four-slot fill","duration":2.5657000000001062,"failureMessages":[],"meta":{}},{"ancestorTitles":["Community Monster acceptance"],"fullName":"Community Monster acceptance M06 does not use DeckID order fallback","status":"passed","title":"M06 does not use DeckID order fallback","duration":0.3083999999998923,"failureMessages":[],"meta":{}},{"ancestorTitles":["Community Monster acceptance"],"fullName":"Community Monster acceptance M07 does not use Prototype draw fallback","status":"passed","title":"M07 does not use Prototype draw fallback","duration":0.2302999999997155,"failureMessages":[],"meta":{}}],"startTime":1789732011192,"endTime":1789732011206.3083,"status":"passed","message":"","name":"D:/darkest-dungoen-boardgame/src/data/darkest-dungeon/community-reference/community-runtime-monster.test.ts"}]}