{"numTotalTestSuites":2,"numPassedTestSuites":2,"numFailedTestSuites":0,"numPendingTestSuites":0,"numTotalTests":22,"numPassedTests":22,"numFailedTests":0,"numPendingTests":0,"numTodoTests":0,"snapshot":{"added":0,"failure":false,"filesAdded":0,"filesRemoved":0,"filesRemovedList":[],"filesUnmatched":0,"filesUpdated":0,"matched":0,"total":0,"unchecked":0,"uncheckedKeysByFile":[],"unmatched":0,"updated":0,"didUpdate":false},"startTime":1789732179059,"success":true,"testResults":[{"assertionResults":[{"ancestorTitles":["Community Guardian special skill production"],"fullName":"Community Guardian special skill production Torment deals damage on the production Monster Turn path","status":"passed","title":"Torment deals damage on the production Monster Turn path","duration":20.16949999999997,"failureMessages":[],"meta":{}},{"ancestorTitles":["Community Guardian special skill production"],"fullName":"Community Guardian special skill production Body Slam moves the Hero into the mapped Pit Area (not event-only)","status":"passed","title":"Body Slam moves the Hero into the mapped Pit Area (not event-only)","duration":17.845499999999447,"failureMessages":[],"meta":{}},{"ancestorTitles":["Community Guardian special skill production"],"fullName":"Community Guardian special skill production Revelation applies +2 Stress on the production Monster Turn path","status":"passed","title":"Revelation applies +2 Stress on the production Monster Turn path","duration":2.701400000000831,"failureMessages":[],"meta":{}},{"ancestorTitles":["Community Guardian special skill production"],"fullName":"Community Guardian special skill production Stinger Shot applies Blight 3/3 and Debuff 2 turns together","status":"passed","title":"Stinger Shot applies Blight 3/3 and Debuff 2 turns together","duration":5.998700000000099,"failureMessages":[],"meta":{}},{"ancestorTitles":["Community Guardian special skill production"],"fullName":"Community Guardian special skill production Stinger Shot miss branch applies neither Blight nor Debuff","status":"passed","title":"Stinger Shot miss branch applies neither Blight nor Debuff","duration":2.464100000000144,"failureMessages":[],"meta":{}},{"ancestorTitles":["Community Guardian special skill production"],"fullName":"Community Guardian special skill production Lacerate applies Bleed 3/3 on the production Monster Turn path","status":"passed","title":"Lacerate applies Bleed 3/3 on the production Monster Turn path","duration":7.1270000000004075,"failureMessages":[],"meta":{}},{"ancestorTitles":["Community Guardian special skill production"],"fullName":"Community Guardian special skill production The Finger Marked Hero Monster Turn adds exactly +5 damage with Bleed and Stress","status":"passed","title":"The Finger Marked Hero Monster Turn adds exactly +5 damage with Bleed and Stress","duration":2.8004000000000815,"failureMessages":[],"meta":{}},{"ancestorTitles":["Community Guardian special skill production"],"fullName":"Community Guardian special skill production The Finger Unmarked Hero Monster Turn deals base damage with zero marked bonus","status":"passed","title":"The Finger Unmarked Hero Monster Turn deals base damage with zero marked bonus","duration":2.270400000000336,"failureMessages":[],"meta":{}},{"ancestorTitles":["Community Guardian special skill production"],"fullName":"Community Guardian special skill production The Finger Marked vs Unmarked damage delta is exactly 5 on the Monster Turn path","status":"passed","title":"The Finger Marked vs Unmarked damage delta is exactly 5 on the Monster Turn path","duration":1.735700000000179,"failureMessages":[],"meta":{}},{"ancestorTitles":["Community Guardian special skill production"],"fullName":"Community Guardian special skill production Undulations production Monster Turn redistributes living Heroes onto Stance slots","status":"passed","title":"Undulations production Monster Turn redistributes living Heroes onto Stance slots","duration":2.8926999999994223,"failureMessages":[],"meta":{}},{"ancestorTitles":["Community Guardian special skill production"],"fullName":"Community Guardian special skill production Echoing Disassembly is forced when Monster Stance slots are not filled (not a d10 skill)","status":"passed","title":"Echoing Disassembly is forced when Monster Stance slots are not filled (not a d10 skill)","duration":5.57129999999961,"failureMessages":[],"meta":{}},{"ancestorTitles":["Community Guardian special skill production"],"fullName":"Community Guardian special skill production Echoing Disassembly is not forced once Priest and Growth are already in play","status":"passed","title":"Echoing Disassembly is not forced once Priest and Growth are already in play","duration":1.373000000000502,"failureMessages":[],"meta":{}},{"ancestorTitles":["Community Guardian special skill production"],"fullName":"Community Guardian special skill production Death Lash applies Debuff 1 and Stress +1 on hit","status":"passed","title":"Death Lash applies Debuff 1 and Stress +1 on hit","duration":1.1768000000001848,"failureMessages":[],"meta":{}},{"ancestorTitles":["Community Guardian special skill production"],"fullName":"Community Guardian special skill production Maul the Flesh applies Bleed 2/3 on hit","status":"passed","title":"Maul the Flesh applies Bleed 2/3 on hit","duration":1.1063999999996668,"failureMessages":[],"meta":{}},{"ancestorTitles":["Community Guardian special skill production"],"fullName":"Community Guardian special skill production Daze the Mind applies Stun 2 turns on hit","status":"passed","title":"Daze the Mind applies Stun 2 turns on hit","duration":1.6781000000000859,"failureMessages":[],"meta":{}},{"ancestorTitles":["Community Guardian special skill production"],"fullName":"Community Guardian special skill production Bulging Gaze applies Debuff 1 and Stress +1 on hit","status":"passed","title":"Bulging Gaze applies Debuff 1 and Stress +1 on hit","duration":8.94340000000011,"failureMessages":[],"meta":{}},{"ancestorTitles":["Community Guardian special skill production"],"fullName":"Community Guardian special skill production Digestion applies Blight 3 on the battle Hero via the formal condition pipeline","status":"passed","title":"Digestion applies Blight 3 on the battle Hero via the formal condition pipeline","duration":3.1778999999996813,"failureMessages":[],"meta":{}},{"ancestorTitles":["Community Guardian special skill production"],"fullName":"Community Guardian special skill production Revivify heals self by 15 and never exceeds max HP","status":"passed","title":"Revivify heals self by 15 and never exceeds max HP","duration":3.0041000000001077,"failureMessages":[],"meta":{}},{"ancestorTitles":["Community Guardian special skill production"],"fullName":"Community Guardian special skill production Reconstitute heals Mammoth Cyst by 14 and applies Buff 2 turns","status":"passed","title":"Reconstitute heals Mammoth Cyst by 14 and applies Buff 2 turns","duration":2.175699999999779,"failureMessages":[],"meta":{}},{"ancestorTitles":["Community Guardian special skill production"],"fullName":"Community Guardian special skill production Displace applies Debuff 2 and starts Room 11 Push 2","status":"passed","title":"Displace applies Debuff 2 and starts Room 11 Push 2","duration":2.3968999999997322,"failureMessages":[],"meta":{}},{"ancestorTitles":["Community Guardian special skill production"],"fullName":"Community Guardian special skill production Teleport applies Stress +2 then Room 11 d10 relocation","status":"passed","title":"Teleport applies Stress +2 then Room 11 d10 relocation","duration":5.595100000000457,"failureMessages":[],"meta":{}},{"ancestorTitles":["Community Guardian special skill production"],"fullName":"Community Guardian special skill production WP-7 no-space choice resolution completes the summon atomically","status":"passed","title":"WP-7 no-space choice resolution completes the summon atomically","duration":3.1909999999998035,"failureMessages":[],"meta":{}}],"startTime":1789732184133,"endTime":1789732184240.191,"status":"passed","message":"","name":"D:/darkest-dungoen-boardgame/src/data/darkest-dungeon/community-reference/community-guardian-special-skill.test.ts"}]}