{"numTotalTestSuites":2,"numPassedTestSuites":2,"numFailedTestSuites":0,"numPendingTestSuites":0,"numTotalTests":4,"numPassedTests":4,"numFailedTests":0,"numPendingTests":0,"numTodoTests":0,"snapshot":{"added":0,"failure":false,"filesAdded":0,"filesRemoved":0,"filesRemovedList":[],"filesUnmatched":0,"filesUpdated":0,"matched":0,"total":0,"unchecked":0,"uncheckedKeysByFile":[],"unmatched":0,"updated":0,"didUpdate":false},"startTime":1789731929168,"success":true,"testResults":[{"assertionResults":[{"ancestorTitles":["Community Monster targeting adversarial (WP-10)"],"fullName":"Community Monster targeting adversarial (WP-10) hero array order does not change Stance-priority target","status":"passed","title":"hero array order does not change Stance-priority target","duration":10.559099999999944,"failureMessages":[],"meta":{}},{"ancestorTitles":["Community Monster targeting adversarial (WP-10)"],"fullName":"Community Monster targeting adversarial (WP-10) illegal validTargetPositions never enter the candidate set","status":"passed","title":"illegal validTargetPositions never enter the candidate set","duration":2.317700000000059,"failureMessages":[],"meta":{}},{"ancestorTitles":["Community Monster targeting adversarial (WP-10)"],"fullName":"Community Monster targeting adversarial (WP-10) Reconstitute refuses when the designated Mammoth Cyst is dead","status":"passed","title":"Reconstitute refuses when the designated Mammoth Cyst is dead","duration":3.810699999999997,"failureMessages":[],"meta":{}},{"ancestorTitles":["Community Monster targeting adversarial (WP-10)"],"fullName":"Community Monster targeting adversarial (WP-10) compareCommunityTargetPriority is independent of array index","status":"passed","title":"compareCommunityTargetPriority is independent of array index","duration":0.27559999999994034,"failureMessages":[],"meta":{}}],"startTime":1789731932190,"endTime":1789731932206.8108,"status":"passed","message":"","name":"D:/darkest-dungoen-boardgame/src/data/darkest-dungeon/community-reference/community-monster-targeting-adversarial.test.ts"}]}