{"numTotalTestSuites":2,"numPassedTestSuites":2,"numFailedTestSuites":0,"numPendingTestSuites":0,"numTotalTests":2,"numPassedTests":2,"numFailedTests":0,"numPendingTests":0,"numTodoTests":0,"snapshot":{"added":0,"failure":false,"filesAdded":0,"filesRemoved":0,"filesRemovedList":[],"filesUnmatched":0,"filesUpdated":0,"matched":0,"total":0,"unchecked":0,"uncheckedKeysByFile":[],"unmatched":0,"updated":0,"didUpdate":false},"startTime":1789732196172,"success":true,"testResults":[{"assertionResults":[{"ancestorTitles":["Community physical Monster placement production (WP-4)"],"fullName":"Community physical Monster placement production (WP-4) ordinary DD room encounter setup fills exactly four Stance slots via drawDarkestDungeonMonster","status":"passed","title":"ordinary DD room encounter setup fills exactly four Stance slots via drawDarkestDungeonMonster","duration":13.57569999999987,"failureMessages":[],"meta":{}},{"ancestorTitles":["Community physical Monster placement production (WP-4)"],"fullName":"Community physical Monster placement production (WP-4) idempotent product draw does not redraw after four slots are filled","status":"passed","title":"idempotent product draw does not redraw after four slots are filled","duration":1.2109000000000378,"failureMessages":[],"meta":{}}],"startTime":1789732200130,"endTime":1789732200144.211,"status":"passed","message":"","name":"D:/darkest-dungoen-boardgame/src/data/darkest-dungeon/community-reference/community-physical-monster-placement-production.test.ts"}]}