{"numTotalTestSuites":2,"numPassedTestSuites":2,"numFailedTestSuites":0,"numPendingTestSuites":0,"numTotalTests":12,"numPassedTests":12,"numFailedTests":0,"numPendingTests":0,"numTodoTests":0,"snapshot":{"added":0,"failure":false,"filesAdded":0,"filesRemoved":0,"filesRemovedList":[],"filesUnmatched":0,"filesUpdated":0,"matched":0,"total":0,"unchecked":0,"uncheckedKeysByFile":[],"unmatched":0,"updated":0,"didUpdate":false},"startTime":1789732267458,"success":true,"testResults":[{"assertionResults":[{"ancestorTitles":["Community Act IV playable-closure production"],"fullName":"Community Act IV playable-closure production PC01 historical supplement remains unauthorized while adapter consumes it","status":"passed","title":"PC01 historical supplement remains unauthorized while adapter consumes it","duration":1.3651999999997315,"failureMessages":[],"meta":{}},{"ancestorTitles":["Community Act IV playable-closure production"],"fullName":"Community Act IV playable-closure production PC02 Final Provision commits two dice per living Hero with Wild choice and cap 16","status":"passed","title":"PC02 Final Provision commits two dice per living Hero with Wild choice and cap 16","duration":24.879499999999553,"failureMessages":[],"meta":{}},{"ancestorTitles":["Community Act IV playable-closure production"],"fullName":"Community Act IV playable-closure production PC03 missing Wild chooser does not mutate Final Provision","status":"passed","title":"PC03 missing Wild chooser does not mutate Final Provision","duration":10.465100000000348,"failureMessages":[],"meta":{}},{"ancestorTitles":["Community Act IV playable-closure production"],"fullName":"Community Act IV playable-closure production PC04 physical Monster deck shuffles 26 identities at Act IV setup","status":"passed","title":"PC04 physical Monster deck shuffles 26 identities at Act IV setup","duration":0.8791000000001077,"failureMessages":[],"meta":{}},{"ancestorTitles":["Community Act IV playable-closure production"],"fullName":"Community Act IV playable-closure production PC05 ordinary-room production draw fills four Front/Back Stance slots","status":"passed","title":"PC05 ordinary-room production draw fills four Front/Back Stance slots","duration":2.4063999999998487,"failureMessages":[],"meta":{}},{"ancestorTitles":["Community Act IV playable-closure production"],"fullName":"Community Act IV playable-closure production PC05b ordinary fill places four Front/Back monsters into distinct Stance slots","status":"passed","title":"PC05b ordinary fill places four Front/Back monsters into distinct Stance slots","duration":1.0545000000001892,"failureMessages":[],"meta":{}},{"ancestorTitles":["Community Act IV playable-closure production"],"fullName":"Community Act IV playable-closure production PC06 used cards shuffle back at Battle End","status":"passed","title":"PC06 used cards shuffle back at Battle End","duration":2.26470000000063,"failureMessages":[],"meta":{}},{"ancestorTitles":["Community Act IV playable-closure production"],"fullName":"Community Act IV playable-closure production PC07 Horror deploys Aggressive r10-S with Priest and Growth in reserve","status":"passed","title":"PC07 Horror deploys Aggressive r10-S with Priest and Growth in reserve","duration":2.098899999999958,"failureMessages":[],"meta":{}},{"ancestorTitles":["Community Act IV playable-closure production"],"fullName":"Community Act IV playable-closure production PC08 Excavation uses a separate transaction and then opens free Rest","status":"passed","title":"PC08 Excavation uses a separate transaction and then opens free Rest","duration":2.4564999999993233,"failureMessages":[],"meta":{}},{"ancestorTitles":["Community Act IV playable-closure production"],"fullName":"Community Act IV playable-closure production PC09 Absolute Nothingness occupants are untargetable non-actors","status":"passed","title":"PC09 Absolute Nothingness occupants are untargetable non-actors","duration":1.7213000000001557,"failureMessages":[],"meta":{}},{"ancestorTitles":["Community Act IV playable-closure production"],"fullName":"Community Act IV playable-closure production PC10 save/replay preserves physical deck order after Quest and shuffle","status":"passed","title":"PC10 save/replay preserves physical deck order after Quest and shuffle","duration":3.392399999999725,"failureMessages":[],"meta":{}},{"ancestorTitles":["Community Act IV playable-closure production"],"fullName":"Community Act IV playable-closure production PC11 remaining runtime blockers stay exactly the accepted five","status":"passed","title":"PC11 remaining runtime blockers stay exactly the accepted five","duration":0.313600000000406,"failureMessages":[],"meta":{}}],"startTime":1789732271622,"endTime":1789732271675.3923,"status":"passed","message":"","name":"D:/darkest-dungoen-boardgame/src/data/darkest-dungeon/community-reference/community-act4-playable-closure.test.ts"}]}