{"numTotalTestSuites":2,"numPassedTestSuites":2,"numFailedTestSuites":0,"numPendingTestSuites":0,"numTotalTests":17,"numPassedTests":17,"numFailedTests":0,"numPendingTests":0,"numTodoTests":0,"snapshot":{"added":0,"failure":false,"filesAdded":0,"filesRemoved":0,"filesRemovedList":[],"filesUnmatched":0,"filesUpdated":0,"matched":0,"total":0,"unchecked":0,"uncheckedKeysByFile":[],"unmatched":0,"updated":0,"didUpdate":false},"startTime":1789731941885,"success":true,"testResults":[{"assertionResults":[{"ancestorTitles":["Community Guardian / Room R1 adversarial mutation gate (WP-7)"],"fullName":"Community Guardian / Room R1 adversarial mutation gate (WP-7) keeps TEMPLARS_PIT_EXIT_RULE_UNRESOLVED as the only R1 source blocker","status":"passed","title":"keeps TEMPLARS_PIT_EXIT_RULE_UNRESOLVED as the only R1 source blocker","duration":2.2683999999999287,"failureMessages":[],"meta":{}},{"ancestorTitles":["Community Guardian / Room R1 adversarial mutation gate (WP-7)"],"fullName":"Community Guardian / Room R1 adversarial mutation gate (WP-7) rejects helper-direct as a production entry for coverage closure","status":"passed","title":"rejects helper-direct as a production entry for coverage closure","duration":0.36710000000039145,"failureMessages":[],"meta":{}},{"ancestorTitles":["Community Guardian / Room R1 adversarial mutation gate (WP-7)"],"fullName":"Community Guardian / Room R1 adversarial mutation gate (WP-7) Body Slam event-only pit write (no Hero move) fails production proof","status":"passed","title":"Body Slam event-only pit write (no Hero move) fails production proof","duration":6140.0837,"failureMessages":[],"meta":{}},{"ancestorTitles":["Community Guardian / Room R1 adversarial mutation gate (WP-7)"],"fullName":"Community Guardian / Room R1 adversarial mutation gate (WP-7) Body Slam missing Bleed fails production proof","status":"passed","title":"Body Slam missing Bleed fails production proof","duration":10466.201700000001,"failureMessages":[],"meta":{}},{"ancestorTitles":["Community Guardian / Room R1 adversarial mutation gate (WP-7)"],"fullName":"Community Guardian / Room R1 adversarial mutation gate (WP-7) Stinger Shot missing Debuff fails production proof","status":"passed","title":"Stinger Shot missing Debuff fails production proof","duration":4396.556199999999,"failureMessages":[],"meta":{}},{"ancestorTitles":["Community Guardian / Room R1 adversarial mutation gate (WP-7)"],"fullName":"Community Guardian / Room R1 adversarial mutation gate (WP-7) Revivify exceeding max HP fails production proof","status":"passed","title":"Revivify exceeding max HP fails production proof","duration":3879.9416999999994,"failureMessages":[],"meta":{}},{"ancestorTitles":["Community Guardian / Room R1 adversarial mutation gate (WP-7)"],"fullName":"Community Guardian / Room R1 adversarial mutation gate (WP-7) Reconstitute healing the wrong target fails production proof","status":"passed","title":"Reconstitute healing the wrong target fails production proof","duration":4056.3666999999987,"failureMessages":[],"meta":{}},{"ancestorTitles":["Community Guardian / Room R1 adversarial mutation gate (WP-7)"],"fullName":"Community Guardian / Room R1 adversarial mutation gate (WP-7) Displace using position + 2 instead of Room 11 Push fails production proof","status":"passed","title":"Displace using position + 2 instead of Room 11 Push fails production proof","duration":3428.078999999998,"failureMessages":[],"meta":{}},{"ancestorTitles":["Community Guardian / Room R1 adversarial mutation gate (WP-7)"],"fullName":"Community Guardian / Room R1 adversarial mutation gate (WP-7) Teleport destination-only event without Area change fails production proof","status":"passed","title":"Teleport destination-only event without Area change fails production proof","duration":3361.2669000000024,"failureMessages":[],"meta":{}},{"ancestorTitles":["Community Guardian / Room R1 adversarial mutation gate (WP-7)"],"fullName":"Community Guardian / Room R1 adversarial mutation gate (WP-7) Undulations helper-only proof is rejected by coverage entry binding","status":"passed","title":"Undulations helper-only proof is rejected by coverage entry binding","duration":1.1658000000024913,"failureMessages":[],"meta":{}},{"ancestorTitles":["Community Guardian / Room R1 adversarial mutation gate (WP-7)"],"fullName":"Community Guardian / Room R1 adversarial mutation gate (WP-7) Echoing helper-only / missing Priest-Growth fails forced production proof","status":"passed","title":"Echoing helper-only / missing Priest-Growth fails forced production proof","duration":3272.9519,"failureMessages":[],"meta":{}},{"ancestorTitles":["Community Guardian / Room R1 adversarial mutation gate (WP-7)"],"fullName":"Community Guardian / Room R1 adversarial mutation gate (WP-7) The Finger helper-only Marked path without +5 fails Monster Turn proof","status":"passed","title":"The Finger helper-only Marked path without +5 fails Monster Turn proof","duration":3436.9406000000017,"failureMessages":[],"meta":{}},{"ancestorTitles":["Community Guardian / Room R1 adversarial mutation gate (WP-7)"],"fullName":"Community Guardian / Room R1 adversarial mutation gate (WP-7) Monster targeting never degenerates to first living Hero","status":"passed","title":"Monster targeting never degenerates to first living Hero","duration":11.599000000001979,"failureMessages":[],"meta":{}},{"ancestorTitles":["Community Guardian / Room R1 adversarial mutation gate (WP-7)"],"fullName":"Community Guardian / Room R1 adversarial mutation gate (WP-7) no-space unresolved tie does not auto-randomize a choice","status":"passed","title":"no-space unresolved tie does not auto-randomize a choice","duration":0.6126000000003842,"failureMessages":[],"meta":{}},{"ancestorTitles":["Community Guardian / Room R1 adversarial mutation gate (WP-7)"],"fullName":"Community Guardian / Room R1 adversarial mutation gate (WP-7) Front/Back four-slot fill is reachable only through product drawDarkestDungeonMonster","status":"passed","title":"Front/Back four-slot fill is reachable only through product drawDarkestDungeonMonster","duration":2.7845000000015716,"failureMessages":[],"meta":{}},{"ancestorTitles":["Community Guardian / Room R1 adversarial mutation gate (WP-7)"],"fullName":"Community Guardian / Room R1 adversarial mutation gate (WP-7) Front/Back placement side ignore fails production placement proof","status":"passed","title":"Front/Back placement side ignore fails production placement proof","duration":3033.1512000000002,"failureMessages":[],"meta":{}},{"ancestorTitles":["Community Guardian / Room R1 adversarial mutation gate (WP-7)"],"fullName":"Community Guardian / Room R1 adversarial mutation gate (WP-7) save/reload RNG re-consumption fails Undulations save proof","status":"passed","title":"save/reload RNG re-consumption fails Undulations save proof","duration":7390.104500000001,"failureMessages":[],"meta":{}}],"startTime":1789731947051,"endTime":1789731999931.1045,"status":"passed","message":"","name":"D:/darkest-dungoen-boardgame/src/data/darkest-dungeon/community-reference/community-guardian-room-adversarial.test.ts"}]}