{"numTotalTestSuites":2,"numPassedTestSuites":2,"numFailedTestSuites":0,"numPendingTestSuites":0,"numTotalTests":6,"numPassedTests":6,"numFailedTests":0,"numPendingTests":0,"numTodoTests":0,"snapshot":{"added":0,"failure":false,"filesAdded":0,"filesRemoved":0,"filesRemovedList":[],"filesUnmatched":0,"filesUpdated":0,"matched":0,"total":0,"unchecked":0,"uncheckedKeysByFile":[],"unmatched":0,"updated":0,"didUpdate":false},"startTime":1789731936953,"success":true,"testResults":[{"assertionResults":[{"ancestorTitles":["Community Guardian / Room R1 save-replay matrix (WP-6)"],"fullName":"Community Guardian / Room R1 save-replay matrix (WP-6) SR-R1-01 Body Slam after Pit Toss continuous and reload preserve Area/Pit/Bleed/Stun","status":"passed","title":"SR-R1-01 Body Slam after Pit Toss continuous and reload preserve Area/Pit/Bleed/Stun","duration":22.130099999999857,"failureMessages":[],"meta":{}},{"ancestorTitles":["Community Guardian / Room R1 save-replay matrix (WP-6)"],"fullName":"Community Guardian / Room R1 save-replay matrix (WP-6) SR-R1-02 Mammoth no-space pending choice survives reload without reroll or duplicate summon","status":"passed","title":"SR-R1-02 Mammoth no-space pending choice survives reload without reroll or duplicate summon","duration":14.664800000000014,"failureMessages":[],"meta":{}},{"ancestorTitles":["Community Guardian / Room R1 save-replay matrix (WP-6)"],"fullName":"Community Guardian / Room R1 save-replay matrix (WP-6) SR-R1-03 Teleport complete survives reload with Area/Stress/event receipt","status":"passed","title":"SR-R1-03 Teleport complete survives reload with Area/Stress/event receipt","duration":11.407300000000305,"failureMessages":[],"meta":{}},{"ancestorTitles":["Community Guardian / Room R1 save-replay matrix (WP-6)"],"fullName":"Community Guardian / Room R1 save-replay matrix (WP-6) SR-R1-04 Undulations complete survives reload without RNG re-consumption","status":"passed","title":"SR-R1-04 Undulations complete survives reload without RNG re-consumption","duration":4.88819999999987,"failureMessages":[],"meta":{}},{"ancestorTitles":["Community Guardian / Room R1 save-replay matrix (WP-6)"],"fullName":"Community Guardian / Room R1 save-replay matrix (WP-6) SR-R1-05 Echoing complete survives reload with Priest/Growth/initiative opportunities","status":"passed","title":"SR-R1-05 Echoing complete survives reload with Priest/Growth/initiative opportunities","duration":2.5833000000002357,"failureMessages":[],"meta":{}},{"ancestorTitles":["Community Guardian / Room R1 save-replay matrix (WP-6)"],"fullName":"Community Guardian / Room R1 save-replay matrix (WP-6) SR-R1-06 Physical deck partially filled and completed survives reload","status":"passed","title":"SR-R1-06 Physical deck partially filled and completed survives reload","duration":6.06899999999996,"failureMessages":[],"meta":{}}],"startTime":1789731940597,"endTime":1789731940659.069,"status":"passed","message":"","name":"D:/darkest-dungoen-boardgame/src/data/darkest-dungeon/community-reference/community-guardian-room-save-replay.test.ts"}]}