{"numTotalTestSuites":2,"numPassedTestSuites":2,"numFailedTestSuites":0,"numPendingTestSuites":0,"numTotalTests":5,"numPassedTests":5,"numFailedTests":0,"numPendingTests":0,"numTodoTests":0,"snapshot":{"added":0,"failure":false,"filesAdded":0,"filesRemoved":0,"filesRemovedList":[],"filesUnmatched":0,"filesUpdated":0,"matched":0,"total":0,"unchecked":0,"uncheckedKeysByFile":[],"unmatched":0,"updated":0,"didUpdate":false},"startTime":1789732000581,"success":true,"testResults":[{"assertionResults":[{"ancestorTitles":["Community Act IV three-route matrix"],"fullName":"Community Act IV three-route matrix R1 We Are The Flame / Shuffling deploys Room 10 stance areas and summons Priest before Growth","status":"passed","title":"R1 We Are The Flame / Shuffling deploys Room 10 stance areas and summons Priest before Growth","duration":8.375,"failureMessages":[],"meta":{}},{"ancestorTitles":["Community Act IV three-route matrix"],"fullName":"Community Act IV three-route matrix R2 Light the Way / Templars surfaces Pit exit rather than a golden-path bypass","status":"passed","title":"R2 Light the Way / Templars surfaces Pit exit rather than a golden-path bypass","duration":5.765000000000327,"failureMessages":[],"meta":{}},{"ancestorTitles":["Community Act IV three-route matrix"],"fullName":"Community Act IV three-route matrix R3 Belly of the Beast / Mammoth reaches real Final Provision then exact remaining Final blocker","status":"passed","title":"R3 Belly of the Beast / Mammoth reaches real Final Provision then exact remaining Final blocker","duration":18.36539999999968,"failureMessages":[],"meta":{}},{"ancestorTitles":["Community Act IV three-route matrix"],"fullName":"Community Act IV three-route matrix R4 excavation on a real Act IV map uses a distinct transaction from Final Provision","status":"passed","title":"R4 excavation on a real Act IV map uses a distinct transaction from Final Provision","duration":5.866800000000239,"failureMessages":[],"meta":{}},{"ancestorTitles":["Community Act IV three-route matrix"],"fullName":"Community Act IV three-route matrix R5 Quest draw from the accepted Act IV checkpoint is a real command","status":"passed","title":"R5 Quest draw from the accepted Act IV checkpoint is a real command","duration":0.37310000000024957,"failureMessages":[],"meta":{}}],"startTime":1789732003637,"endTime":1789732003676.373,"status":"passed","message":"","name":"D:/darkest-dungoen-boardgame/src/data/darkest-dungeon/community-reference/community-act4-route-matrix.test.ts"}]}