{"numTotalTestSuites":2,"numPassedTestSuites":2,"numFailedTestSuites":0,"numPendingTestSuites":0,"numTotalTests":3,"numPassedTests":3,"numFailedTests":0,"numPendingTests":0,"numTodoTests":0,"snapshot":{"added":0,"failure":false,"filesAdded":0,"filesRemoved":0,"filesRemovedList":[],"filesUnmatched":0,"filesUpdated":0,"matched":0,"total":0,"unchecked":0,"uncheckedKeysByFile":[],"unmatched":0,"updated":0,"didUpdate":false},"startTime":1789731925369,"success":true,"testResults":[{"assertionResults":[{"ancestorTitles":["Community Guardian special-skill coverage contract (WP-5 / WP-9)"],"fullName":"Community Guardian special-skill coverage contract (WP-5 / WP-9) implemented === productionTested === sourceInventory without helper-direct","status":"passed","title":"implemented === productionTested === sourceInventory without helper-direct","duration":2.2510999999999513,"failureMessages":[],"meta":{}},{"ancestorTitles":["Community Guardian special-skill coverage contract (WP-5 / WP-9)"],"fullName":"Community Guardian special-skill coverage contract (WP-5 / WP-9) every coverage entry binds source semantic, runtime implementation, production test, and entry type","status":"passed","title":"every coverage entry binds source semantic, runtime implementation, production test, and entry type","duration":7.684700000000248,"failureMessages":[],"meta":{}},{"ancestorTitles":["Community Guardian special-skill coverage contract (WP-5 / WP-9)"],"fullName":"Community Guardian special-skill coverage contract (WP-5 / WP-9) pins The Finger / Echoing / Undulations production entry types","status":"passed","title":"pins The Finger / Echoing / Undulations production entry types","duration":0.8869999999997162,"failureMessages":[],"meta":{}}],"startTime":1789731928473,"endTime":1789731928483.887,"status":"passed","message":"","name":"D:/darkest-dungoen-boardgame/src/data/darkest-dungeon/community-reference/community-special-skill-coverage.test.ts"}]}