{"numTotalTestSuites":2,"numPassedTestSuites":2,"numFailedTestSuites":0,"numPendingTestSuites":0,"numTotalTests":23,"numPassedTests":23,"numFailedTests":0,"numPendingTests":0,"numTodoTests":0,"snapshot":{"added":0,"failure":false,"filesAdded":0,"filesRemoved":0,"filesRemovedList":[],"filesUnmatched":0,"filesUpdated":0,"matched":0,"total":0,"unchecked":0,"uncheckedKeysByFile":[],"unmatched":0,"updated":0,"didUpdate":false},"startTime":1789702442503,"success":true,"testResults":[{"assertionResults":[{"ancestorTitles":["Community final acceptance rejects false green proofs"],"fullName":"Community final acceptance rejects false green proofs A01 rejects a nonexistent triage file","status":"passed","title":"A01 rejects a nonexistent triage file","duration":2.3006000000000313,"failureMessages":[],"meta":{}},{"ancestorTitles":["Community final acceptance rejects false green proofs"],"fullName":"Community final acceptance rejects false green proofs A02 rejects a nonexistent named test in a real file","status":"passed","title":"A02 rejects a nonexistent named test in a real file","duration":0.8733000000001994,"failureMessages":[],"meta":{}},{"ancestorTitles":["Community final acceptance rejects false green proofs"],"fullName":"Community final acceptance rejects false green proofs A03 rejects an accepted capability without production proof","status":"passed","title":"A03 rejects an accepted capability without production proof","duration":6.408399999999801,"failureMessages":[],"meta":{}},{"ancestorTitles":["Community final acceptance rejects false green proofs"],"fullName":"Community final acceptance rejects false green proofs A04 rejects an accepted capability without whole-save proof","status":"passed","title":"A04 rejects an accepted capability without whole-save proof","duration":7.9059000000002015,"failureMessages":[],"meta":{}},{"ancestorTitles":["Community final acceptance rejects false green proofs"],"fullName":"Community final acceptance rejects false green proofs A05 removed blocker is not implementation evidence","status":"passed","title":"A05 removed blocker is not implementation evidence","duration":10.226599999999962,"failureMessages":[],"meta":{}},{"ancestorTitles":["Community final acceptance rejects false green proofs"],"fullName":"Community final acceptance rejects false green proofs A06 fewer discovered tests cannot pass with exit zero","status":"passed","title":"A06 fewer discovered tests cannot pass with exit zero","duration":1.0424000000002707,"failureMessages":[],"meta":{}},{"ancestorTitles":["Community final acceptance rejects false green proofs"],"fullName":"Community final acceptance rejects false green proofs A07 skipped test is not a completed proof","status":"passed","title":"A07 skipped test is not a completed proof","duration":0.650000000000091,"failureMessages":[],"meta":{}},{"ancestorTitles":["Community final acceptance rejects false green proofs"],"fullName":"Community final acceptance rejects false green proofs A08 todo test is not a completed proof","status":"passed","title":"A08 todo test is not a completed proof","duration":0.6222999999999956,"failureMessages":[],"meta":{}},{"ancestorTitles":["Community final acceptance rejects false green proofs"],"fullName":"Community final acceptance rejects false green proofs A09 wrong implementation SHA or publication parent fails","status":"passed","title":"A09 wrong implementation SHA or publication parent fails","duration":0.32940000000007785,"failureMessages":[],"meta":{}},{"ancestorTitles":["Community final acceptance rejects false green proofs"],"fullName":"Community final acceptance rejects false green proofs A10 Official exact truth must come from the fresh artifact","status":"passed","title":"A10 Official exact truth must come from the fresh artifact","duration":0.24779999999964275,"failureMessages":[],"meta":{}},{"ancestorTitles":["Community final acceptance rejects false green proofs"],"fullName":"Community final acceptance rejects false green proofs A11 source-gap removal without evidence stays rejected","status":"passed","title":"A11 source-gap removal without evidence stays rejected","duration":0.742399999999634,"failureMessages":[],"meta":{}},{"ancestorTitles":["Community final acceptance rejects false green proofs"],"fullName":"Community final acceptance rejects false green proofs A12 removing the production Mammoth critical hook fails the real attack case","status":"passed","title":"A12 removing the production Mammoth critical hook fails the real attack case","duration":3648.4826,"failureMessages":[],"meta":{}},{"ancestorTitles":["Community final acceptance rejects false green proofs"],"fullName":"Community final acceptance rejects false green proofs A13 helper policies cannot conceal a production resistance bypass","status":"passed","title":"A13 helper policies cannot conceal a production resistance bypass","duration":3664.2905,"failureMessages":[],"meta":{}},{"ancestorTitles":["Community final acceptance rejects false green proofs"],"fullName":"Community final acceptance rejects false green proofs A14 removing templarsEncounterState production victory wiring fails the real path","status":"passed","title":"A14 removing templarsEncounterState production victory wiring fails the real path","duration":3402.2349000000013,"failureMessages":[],"meta":{}},{"ancestorTitles":["Community final acceptance rejects false green proofs"],"fullName":"Community final acceptance rejects false green proofs A15 removing mammothCystEncounterState production victory wiring fails the real path","status":"passed","title":"A15 removing mammothCystEncounterState production victory wiring fails the real path","duration":3325.046199999999,"failureMessages":[],"meta":{}},{"ancestorTitles":["Community final acceptance rejects false green proofs"],"fullName":"Community final acceptance rejects false green proofs A16 removing shufflingHorrorEncounterState production victory wiring fails the real path","status":"passed","title":"A16 removing shufflingHorrorEncounterState production victory wiring fails the real path","duration":8650.5877,"failureMessages":[],"meta":{}},{"ancestorTitles":["Community final acceptance rejects false green proofs"],"fullName":"Community final acceptance rejects false green proofs A17 removing the production Templars critical hook fails the real attack case","status":"passed","title":"A17 removing the production Templars critical hook fails the real attack case","duration":9286.807699999998,"failureMessages":[],"meta":{}},{"ancestorTitles":["Community final acceptance rejects false green proofs"],"fullName":"Community final acceptance rejects false green proofs A18 removing the production Shuffling critical hook fails the real attack case","status":"passed","title":"A18 removing the production Shuffling critical hook fails the real attack case","duration":4562.731399999997,"failureMessages":[],"meta":{}},{"ancestorTitles":["Community final acceptance rejects false green proofs"],"fullName":"Community final acceptance rejects false green proofs A19 a transition policy constant cannot replace production transition and save proof","status":"passed","title":"A19 a transition policy constant cannot replace production transition and save proof","duration":10.015999999995984,"failureMessages":[],"meta":{}},{"ancestorTitles":["Community final acceptance rejects false green proofs"],"fullName":"Community final acceptance rejects false green proofs A20 a Final selection constant cannot replace a full printed-skill matrix","status":"passed","title":"A20 a Final selection constant cannot replace a full printed-skill matrix","duration":14.712599999998929,"failureMessages":[],"meta":{}},{"ancestorTitles":["Community final acceptance rejects false green proofs"],"fullName":"Community final acceptance rejects false green proofs A21 missing or invalid Wild choice leaves the real Quest transaction unchanged","status":"passed","title":"A21 missing or invalid Wild choice leaves the real Quest transaction unchanged","duration":9.770700000000943,"failureMessages":[],"meta":{}},{"ancestorTitles":["Community final acceptance rejects false green proofs"],"fullName":"Community final acceptance rejects false green proofs A22 a saved critical event cannot be redirected to another Hero","status":"passed","title":"A22 a saved critical event cannot be redirected to another Hero","duration":13.735999999997148,"failureMessages":[],"meta":{}},{"ancestorTitles":["Community final acceptance rejects false green proofs"],"fullName":"Community final acceptance rejects false green proofs A23 shuffle resistance reduces movement instead of blocking the skill","status":"passed","title":"A23 shuffle resistance reduces movement instead of blocking the skill","duration":2.9992999999958556,"failureMessages":[],"meta":{}}],"startTime":1789702445633,"endTime":1789702482255.9993,"status":"passed","message":"","name":"D:/darkest-dungoen-boardgame/src/data/darkest-dungeon/community-reference/community-engine-capability-adversarial.test.ts"}]}