{"numTotalTestSuites":2,"numPassedTestSuites":2,"numFailedTestSuites":0,"numPendingTestSuites":0,"numTotalTests":23,"numPassedTests":23,"numFailedTests":0,"numPendingTests":0,"numTodoTests":0,"snapshot":{"added":0,"failure":false,"filesAdded":0,"filesRemoved":0,"filesRemovedList":[],"filesUnmatched":0,"filesUpdated":0,"matched":0,"total":0,"unchecked":0,"uncheckedKeysByFile":[],"unmatched":0,"updated":0,"didUpdate":false},"startTime":1789285151262,"success":true,"testResults":[{"assertionResults":[{"ancestorTitles":["Community final acceptance rejects false green proofs"],"fullName":"Community final acceptance rejects false green proofs A01 rejects a nonexistent triage file","status":"passed","title":"A01 rejects a nonexistent triage file","duration":2.837300000000141,"failureMessages":[],"meta":{}},{"ancestorTitles":["Community final acceptance rejects false green proofs"],"fullName":"Community final acceptance rejects false green proofs A02 rejects a nonexistent named test in a real file","status":"passed","title":"A02 rejects a nonexistent named test in a real file","duration":0.844300000000203,"failureMessages":[],"meta":{}},{"ancestorTitles":["Community final acceptance rejects false green proofs"],"fullName":"Community final acceptance rejects false green proofs A03 rejects an accepted capability without production proof","status":"passed","title":"A03 rejects an accepted capability without production proof","duration":3.869000000000142,"failureMessages":[],"meta":{}},{"ancestorTitles":["Community final acceptance rejects false green proofs"],"fullName":"Community final acceptance rejects false green proofs A04 rejects an accepted capability without whole-save proof","status":"passed","title":"A04 rejects an accepted capability without whole-save proof","duration":2.5951999999997497,"failureMessages":[],"meta":{}},{"ancestorTitles":["Community final acceptance rejects false green proofs"],"fullName":"Community final acceptance rejects false green proofs A05 removed blocker is not implementation evidence","status":"passed","title":"A05 removed blocker is not implementation evidence","duration":2.9122999999999593,"failureMessages":[],"meta":{}},{"ancestorTitles":["Community final acceptance rejects false green proofs"],"fullName":"Community final acceptance rejects false green proofs A06 fewer discovered tests cannot pass with exit zero","status":"passed","title":"A06 fewer discovered tests cannot pass with exit zero","duration":0.6324000000004162,"failureMessages":[],"meta":{}},{"ancestorTitles":["Community final acceptance rejects false green proofs"],"fullName":"Community final acceptance rejects false green proofs A07 skipped test is not a completed proof","status":"passed","title":"A07 skipped test is not a completed proof","duration":0.44139999999970314,"failureMessages":[],"meta":{}},{"ancestorTitles":["Community final acceptance rejects false green proofs"],"fullName":"Community final acceptance rejects false green proofs A08 todo test is not a completed proof","status":"passed","title":"A08 todo test is not a completed proof","duration":0.49139999999988504,"failureMessages":[],"meta":{}},{"ancestorTitles":["Community final acceptance rejects false green proofs"],"fullName":"Community final acceptance rejects false green proofs A09 wrong implementation SHA or publication parent fails","status":"passed","title":"A09 wrong implementation SHA or publication parent fails","duration":0.2887000000000626,"failureMessages":[],"meta":{}},{"ancestorTitles":["Community final acceptance rejects false green proofs"],"fullName":"Community final acceptance rejects false green proofs A10 Official exact truth must come from the fresh artifact","status":"passed","title":"A10 Official exact truth must come from the fresh artifact","duration":0.21660000000019863,"failureMessages":[],"meta":{}},{"ancestorTitles":["Community final acceptance rejects false green proofs"],"fullName":"Community final acceptance rejects false green proofs A11 source-gap removal without evidence stays rejected","status":"passed","title":"A11 source-gap removal without evidence stays rejected","duration":0.9385000000002037,"failureMessages":[],"meta":{}},{"ancestorTitles":["Community final acceptance rejects false green proofs"],"fullName":"Community final acceptance rejects false green proofs A12 removing the production Mammoth critical hook fails the real attack case","status":"passed","title":"A12 removing the production Mammoth critical hook fails the real attack case","duration":3557.3219999999997,"failureMessages":[],"meta":{}},{"ancestorTitles":["Community final acceptance rejects false green proofs"],"fullName":"Community final acceptance rejects false green proofs A13 helper policies cannot conceal a production resistance bypass","status":"passed","title":"A13 helper policies cannot conceal a production resistance bypass","duration":3207.5077999999994,"failureMessages":[],"meta":{}},{"ancestorTitles":["Community final acceptance rejects false green proofs"],"fullName":"Community final acceptance rejects false green proofs A14 removing templarsEncounterState production victory wiring fails the real path","status":"passed","title":"A14 removing templarsEncounterState production victory wiring fails the real path","duration":3541.0995000000003,"failureMessages":[],"meta":{}},{"ancestorTitles":["Community final acceptance rejects false green proofs"],"fullName":"Community final acceptance rejects false green proofs A15 removing mammothCystEncounterState production victory wiring fails the real path","status":"passed","title":"A15 removing mammothCystEncounterState production victory wiring fails the real path","duration":3638.9217999999983,"failureMessages":[],"meta":{}},{"ancestorTitles":["Community final acceptance rejects false green proofs"],"fullName":"Community final acceptance rejects false green proofs A16 removing shufflingHorrorEncounterState production victory wiring fails the real path","status":"passed","title":"A16 removing shufflingHorrorEncounterState production victory wiring fails the real path","duration":3203.234099999998,"failureMessages":[],"meta":{}},{"ancestorTitles":["Community final acceptance rejects false green proofs"],"fullName":"Community final acceptance rejects false green proofs A17 passing Templars critical helper cannot close its unsupported production leaf","status":"passed","title":"A17 passing Templars critical helper cannot close its unsupported production leaf","duration":5.712200000001758,"failureMessages":[],"meta":{}},{"ancestorTitles":["Community final acceptance rejects false green proofs"],"fullName":"Community final acceptance rejects false green proofs A18 passing Shuffling critical helper cannot close its unsupported production leaf","status":"passed","title":"A18 passing Shuffling critical helper cannot close its unsupported production leaf","duration":5.384600000001228,"failureMessages":[],"meta":{}},{"ancestorTitles":["Community final acceptance rejects false green proofs"],"fullName":"Community final acceptance rejects false green proofs A19 a transition policy constant cannot replace production transition and save proof","status":"passed","title":"A19 a transition policy constant cannot replace production transition and save proof","duration":4.502800000002026,"failureMessages":[],"meta":{}},{"ancestorTitles":["Community final acceptance rejects false green proofs"],"fullName":"Community final acceptance rejects false green proofs A20 a Final selection constant cannot replace a full printed-skill matrix","status":"passed","title":"A20 a Final selection constant cannot replace a full printed-skill matrix","duration":4.853399999999965,"failureMessages":[],"meta":{}},{"ancestorTitles":["Community final acceptance rejects false green proofs"],"fullName":"Community final acceptance rejects false green proofs A21 missing or invalid Wild choice leaves the real Quest transaction unchanged","status":"passed","title":"A21 missing or invalid Wild choice leaves the real Quest transaction unchanged","duration":4.770700000000943,"failureMessages":[],"meta":{}},{"ancestorTitles":["Community final acceptance rejects false green proofs"],"fullName":"Community final acceptance rejects false green proofs A22 a saved critical event cannot be redirected to another Hero","status":"passed","title":"A22 a saved critical event cannot be redirected to another Hero","duration":11.827000000001135,"failureMessages":[],"meta":{}},{"ancestorTitles":["Community final acceptance rejects false green proofs"],"fullName":"Community final acceptance rejects false green proofs A23 unsupported shuffle blocks before movement damage and RNG","status":"passed","title":"A23 unsupported shuffle blocks before movement damage and RNG","duration":2.256200000003446,"failureMessages":[],"meta":{}}],"startTime":1789285153831,"endTime":1789285171035.256,"status":"passed","message":"","name":"D:/darkest-dungoen-boardgame-acceptance-verification/src/data/darkest-dungeon/community-reference/community-engine-capability-adversarial.test.ts"}]}