{"numTotalTestSuites":2,"numPassedTestSuites":2,"numFailedTestSuites":0,"numPendingTestSuites":0,"numTotalTests":35,"numPassedTests":35,"numFailedTests":0,"numPendingTests":0,"numTodoTests":0,"snapshot":{"added":0,"failure":false,"filesAdded":0,"filesRemoved":0,"filesRemovedList":[],"filesUnmatched":0,"filesUpdated":0,"matched":0,"total":0,"unchecked":0,"uncheckedKeysByFile":[],"unmatched":0,"updated":0,"didUpdate":false},"startTime":1789291219692,"success":true,"testResults":[{"assertionResults":[{"ancestorTitles":["Community capability production acceptance"],"fullName":"Community capability production acceptance P-resistance-templars-impaler-bleed applies actual BattleUnit effects through the shared skill pipeline","status":"passed","title":"P-resistance-templars-impaler-bleed applies actual BattleUnit effects through the shared skill pipeline","duration":10.789999999999964,"failureMessages":[],"meta":{}},{"ancestorTitles":["Community capability production acceptance"],"fullName":"Community capability production acceptance P-resistance-templars-impaler-blight applies actual BattleUnit effects through the shared skill pipeline","status":"passed","title":"P-resistance-templars-impaler-blight applies actual BattleUnit effects through the shared skill pipeline","duration":2.093399999999747,"failureMessages":[],"meta":{}},{"ancestorTitles":["Community capability production acceptance"],"fullName":"Community capability production acceptance P-resistance-templars-impaler-stun applies actual BattleUnit effects through the shared skill pipeline","status":"passed","title":"P-resistance-templars-impaler-stun applies actual BattleUnit effects through the shared skill pipeline","duration":1.8512000000000626,"failureMessages":[],"meta":{}},{"ancestorTitles":["Community capability production acceptance"],"fullName":"Community capability production acceptance P-resistance-templars-warlord-bleed applies actual BattleUnit effects through the shared skill pipeline","status":"passed","title":"P-resistance-templars-warlord-bleed applies actual BattleUnit effects through the shared skill pipeline","duration":1.3551000000002205,"failureMessages":[],"meta":{}},{"ancestorTitles":["Community capability production acceptance"],"fullName":"Community capability production acceptance P-resistance-templars-warlord-blight applies actual BattleUnit effects through the shared skill pipeline","status":"passed","title":"P-resistance-templars-warlord-blight applies actual BattleUnit effects through the shared skill pipeline","duration":1.381800000000112,"failureMessages":[],"meta":{}},{"ancestorTitles":["Community capability production acceptance"],"fullName":"Community capability production acceptance P-resistance-templars-warlord-stun applies actual BattleUnit effects through the shared skill pipeline","status":"passed","title":"P-resistance-templars-warlord-stun applies actual BattleUnit effects through the shared skill pipeline","duration":1.3800999999998567,"failureMessages":[],"meta":{}},{"ancestorTitles":["Community capability production acceptance"],"fullName":"Community capability production acceptance P-resistance-mammoth-cyst-bleed applies actual BattleUnit effects through the shared skill pipeline","status":"passed","title":"P-resistance-mammoth-cyst-bleed applies actual BattleUnit effects through the shared skill pipeline","duration":4.253200000000106,"failureMessages":[],"meta":{}},{"ancestorTitles":["Community capability production acceptance"],"fullName":"Community capability production acceptance P-resistance-mammoth-cyst-blight applies actual BattleUnit effects through the shared skill pipeline","status":"passed","title":"P-resistance-mammoth-cyst-blight applies actual BattleUnit effects through the shared skill pipeline","duration":1.14220000000023,"failureMessages":[],"meta":{}},{"ancestorTitles":["Community capability production acceptance"],"fullName":"Community capability production acceptance P-resistance-mammoth-cyst-stun applies actual BattleUnit effects through the shared skill pipeline","status":"passed","title":"P-resistance-mammoth-cyst-stun applies actual BattleUnit effects through the shared skill pipeline","duration":1.2598000000002685,"failureMessages":[],"meta":{}},{"ancestorTitles":["Community capability production acceptance"],"fullName":"Community capability production acceptance P-resistance-white-cell-stalk-bleed applies actual BattleUnit effects through the shared skill pipeline","status":"passed","title":"P-resistance-white-cell-stalk-bleed applies actual BattleUnit effects through the shared skill pipeline","duration":2.432800000000043,"failureMessages":[],"meta":{}},{"ancestorTitles":["Community capability production acceptance"],"fullName":"Community capability production acceptance P-resistance-white-cell-stalk-blight applies actual BattleUnit effects through the shared skill pipeline","status":"passed","title":"P-resistance-white-cell-stalk-blight applies actual BattleUnit effects through the shared skill pipeline","duration":1.0371000000000095,"failureMessages":[],"meta":{}},{"ancestorTitles":["Community capability production acceptance"],"fullName":"Community capability production acceptance P-resistance-white-cell-stalk-stun applies actual BattleUnit effects through the shared skill pipeline","status":"passed","title":"P-resistance-white-cell-stalk-stun applies actual BattleUnit effects through the shared skill pipeline","duration":0.9809000000000196,"failureMessages":[],"meta":{}},{"ancestorTitles":["Community capability production acceptance"],"fullName":"Community capability production acceptance P-resistance-shuffling-horror-bleed applies actual BattleUnit effects through the shared skill pipeline","status":"passed","title":"P-resistance-shuffling-horror-bleed applies actual BattleUnit effects through the shared skill pipeline","duration":1.514299999999821,"failureMessages":[],"meta":{}},{"ancestorTitles":["Community capability production acceptance"],"fullName":"Community capability production acceptance P-resistance-shuffling-horror-blight applies actual BattleUnit effects through the shared skill pipeline","status":"passed","title":"P-resistance-shuffling-horror-blight applies actual BattleUnit effects through the shared skill pipeline","duration":0.6584000000002561,"failureMessages":[],"meta":{}},{"ancestorTitles":["Community capability production acceptance"],"fullName":"Community capability production acceptance P-resistance-shuffling-horror-stun applies actual BattleUnit effects through the shared skill pipeline","status":"passed","title":"P-resistance-shuffling-horror-stun applies actual BattleUnit effects through the shared skill pipeline","duration":0.6559999999999491,"failureMessages":[],"meta":{}},{"ancestorTitles":["Community capability production acceptance"],"fullName":"Community capability production acceptance P-skill-resistance-0 registered Hero skill reaches the effect transaction","status":"passed","title":"P-skill-resistance-0 registered Hero skill reaches the effect transaction","duration":3.8663000000001375,"failureMessages":[],"meta":{}},{"ancestorTitles":["Community capability production acceptance"],"fullName":"Community capability production acceptance P-skill-resistance-1 registered Hero skill reaches the effect transaction","status":"passed","title":"P-skill-resistance-1 registered Hero skill reaches the effect transaction","duration":1.4598000000000866,"failureMessages":[],"meta":{}},{"ancestorTitles":["Community capability production acceptance"],"fullName":"Community capability production acceptance P-skill-resistance-2 registered Hero skill reaches the effect transaction","status":"passed","title":"P-skill-resistance-2 registered Hero skill reaches the effect transaction","duration":1.0527999999999338,"failureMessages":[],"meta":{}},{"ancestorTitles":["Community capability production acceptance"],"fullName":"Community capability production acceptance P-critical-mammoth-cyst-1 printed attack outcome reaches the campaign damage pipeline","status":"passed","title":"P-critical-mammoth-cyst-1 printed attack outcome reaches the campaign damage pipeline","duration":2.5263999999997395,"failureMessages":[],"meta":{}},{"ancestorTitles":["Community capability production acceptance"],"fullName":"Community capability production acceptance P-critical-mammoth-cyst-6 printed attack outcome reaches the campaign damage pipeline","status":"passed","title":"P-critical-mammoth-cyst-6 printed attack outcome reaches the campaign damage pipeline","duration":1.1548999999999978,"failureMessages":[],"meta":{}},{"ancestorTitles":["Community capability production acceptance"],"fullName":"Community capability production acceptance P-critical-white-cell-stalk-5 printed attack outcome reaches the campaign damage pipeline","status":"passed","title":"P-critical-white-cell-stalk-5 printed attack outcome reaches the campaign damage pipeline","duration":0.9553000000000793,"failureMessages":[],"meta":{}},{"ancestorTitles":["Community capability production acceptance"],"fullName":"Community capability production acceptance P-critical-blocked-templars-impaler unsupported production attack fails before RNG","status":"passed","title":"P-critical-blocked-templars-impaler unsupported production attack fails before RNG","duration":1.55600000000004,"failureMessages":[],"meta":{}},{"ancestorTitles":["Community capability production acceptance"],"fullName":"Community capability production acceptance P-critical-blocked-templars-warlord unsupported production attack fails before RNG","status":"passed","title":"P-critical-blocked-templars-warlord unsupported production attack fails before RNG","duration":0.8118999999996959,"failureMessages":[],"meta":{}},{"ancestorTitles":["Community capability production acceptance"],"fullName":"Community capability production acceptance P-critical-blocked-shuffling-horror unsupported production attack fails before RNG","status":"passed","title":"P-critical-blocked-shuffling-horror unsupported production attack fails before RNG","duration":0.6255000000001019,"failureMessages":[],"meta":{}},{"ancestorTitles":["Community capability production acceptance"],"fullName":"Community capability production acceptance P-quest-provision exact per-Hero die records are committed with the pool","status":"passed","title":"P-quest-provision exact per-Hero die records are committed with the pool","duration":0.747899999999845,"failureMessages":[],"meta":{}},{"ancestorTitles":["Community capability production acceptance"],"fullName":"Community capability production acceptance P-final-skill all normalized Final selection leaves remain blocked without a production encounter","status":"passed","title":"P-final-skill all normalized Final selection leaves remain blocked without a production encounter","duration":8.719800000000305,"failureMessages":[],"meta":{}},{"ancestorTitles":["Community capability production acceptance"],"fullName":"Community capability production acceptance P-quest-isolation Prototype and Formal do not receive Community provisions","status":"passed","title":"P-quest-isolation Prototype and Formal do not receive Community provisions","duration":0.4394999999999527,"failureMessages":[],"meta":{}},{"ancestorTitles":["Community capability production acceptance"],"fullName":"Community capability production acceptance P-quest-living dead Heroes receive no provision dice","status":"passed","title":"P-quest-living dead Heroes receive no provision dice","duration":0.6579999999999018,"failureMessages":[],"meta":{}},{"ancestorTitles":["Community capability production acceptance"],"fullName":"Community capability production acceptance P-round-limit-0 Guardian battle remains active beyond the ordinary round timeout","status":"passed","title":"P-round-limit-0 Guardian battle remains active beyond the ordinary round timeout","duration":1.358600000000024,"failureMessages":[],"meta":{}},{"ancestorTitles":["Community capability production acceptance"],"fullName":"Community capability production acceptance P-round-limit-1 Guardian battle remains active beyond the ordinary round timeout","status":"passed","title":"P-round-limit-1 Guardian battle remains active beyond the ordinary round timeout","duration":1.2462000000000444,"failureMessages":[],"meta":{}},{"ancestorTitles":["Community capability production acceptance"],"fullName":"Community capability production acceptance P-round-limit-2 Guardian battle remains active beyond the ordinary round timeout","status":"passed","title":"P-round-limit-2 Guardian battle remains active beyond the ordinary round timeout","duration":0.938499999999749,"failureMessages":[],"meta":{}},{"ancestorTitles":["Community capability production acceptance"],"fullName":"Community capability production acceptance P-final-transition real transition cannot be accepted by bypassing the preparation blocker","status":"passed","title":"P-final-transition real transition cannot be accepted by bypassing the preparation blocker","duration":10.822399999999561,"failureMessages":[],"meta":{}},{"ancestorTitles":["Community capability production acceptance"],"fullName":"Community capability production acceptance P-victory-templars first defeat stays incomplete and both real defeats progress once","status":"passed","title":"P-victory-templars first defeat stays incomplete and both real defeats progress once","duration":4.236100000000079,"failureMessages":[],"meta":{}},{"ancestorTitles":["Community capability production acceptance"],"fullName":"Community capability production acceptance P-victory-mammoth Cyst defeat cleans linked Stalk and reaches Guardian progression","status":"passed","title":"P-victory-mammoth Cyst defeat cleans linked Stalk and reaches Guardian progression","duration":2.505200000000059,"failureMessages":[],"meta":{}},{"ancestorTitles":["Community capability production acceptance"],"fullName":"Community capability production acceptance P-victory-shuffling Horror defeat clears reserves while deployed cleanup remains unproven","status":"passed","title":"P-victory-shuffling Horror defeat clears reserves while deployed cleanup remains unproven","duration":2.8113000000003012,"failureMessages":[],"meta":{}}],"startTime":1789291222124,"endTime":1789291222205.8113,"status":"passed","message":"","name":"D:/darkest-dungoen-boardgame/src/data/darkest-dungeon/community-reference/community-engine-capability-production.test.ts"}]}