{"numTotalTestSuites":2,"numPassedTestSuites":2,"numFailedTestSuites":0,"numPendingTestSuites":0,"numTotalTests":50,"numPassedTests":50,"numFailedTests":0,"numPendingTests":0,"numTodoTests":0,"snapshot":{"added":0,"failure":false,"filesAdded":0,"filesRemoved":0,"filesRemovedList":[],"filesUnmatched":0,"filesUpdated":0,"matched":0,"total":0,"unchecked":0,"uncheckedKeysByFile":[],"unmatched":0,"updated":0,"didUpdate":false},"startTime":1789702433184,"success":true,"testResults":[{"assertionResults":[{"ancestorTitles":["Community capability production acceptance"],"fullName":"Community capability production acceptance P-resistance-templars-impaler-bleed applies actual BattleUnit effects through the shared skill pipeline","status":"passed","title":"P-resistance-templars-impaler-bleed applies actual BattleUnit effects through the shared skill pipeline","duration":11.28650000000016,"failureMessages":[],"meta":{}},{"ancestorTitles":["Community capability production acceptance"],"fullName":"Community capability production acceptance P-resistance-templars-impaler-blight applies actual BattleUnit effects through the shared skill pipeline","status":"passed","title":"P-resistance-templars-impaler-blight applies actual BattleUnit effects through the shared skill pipeline","duration":1.690400000000409,"failureMessages":[],"meta":{}},{"ancestorTitles":["Community capability production acceptance"],"fullName":"Community capability production acceptance P-resistance-templars-impaler-stun applies actual BattleUnit effects through the shared skill pipeline","status":"passed","title":"P-resistance-templars-impaler-stun applies actual BattleUnit effects through the shared skill pipeline","duration":1.8429000000005544,"failureMessages":[],"meta":{}},{"ancestorTitles":["Community capability production acceptance"],"fullName":"Community capability production acceptance P-resistance-templars-warlord-bleed applies actual BattleUnit effects through the shared skill pipeline","status":"passed","title":"P-resistance-templars-warlord-bleed applies actual BattleUnit effects through the shared skill pipeline","duration":1.6749000000008891,"failureMessages":[],"meta":{}},{"ancestorTitles":["Community capability production acceptance"],"fullName":"Community capability production acceptance P-resistance-templars-warlord-blight applies actual BattleUnit effects through the shared skill pipeline","status":"passed","title":"P-resistance-templars-warlord-blight applies actual BattleUnit effects through the shared skill pipeline","duration":1.748199999999997,"failureMessages":[],"meta":{}},{"ancestorTitles":["Community capability production acceptance"],"fullName":"Community capability production acceptance P-resistance-templars-warlord-stun applies actual BattleUnit effects through the shared skill pipeline","status":"passed","title":"P-resistance-templars-warlord-stun applies actual BattleUnit effects through the shared skill pipeline","duration":1.4543000000003303,"failureMessages":[],"meta":{}},{"ancestorTitles":["Community capability production acceptance"],"fullName":"Community capability production acceptance P-resistance-mammoth-cyst-bleed applies actual BattleUnit effects through the shared skill pipeline","status":"passed","title":"P-resistance-mammoth-cyst-bleed applies actual BattleUnit effects through the shared skill pipeline","duration":5.149900000000343,"failureMessages":[],"meta":{}},{"ancestorTitles":["Community capability production acceptance"],"fullName":"Community capability production acceptance P-resistance-mammoth-cyst-blight applies actual BattleUnit effects through the shared skill pipeline","status":"passed","title":"P-resistance-mammoth-cyst-blight applies actual BattleUnit effects through the shared skill pipeline","duration":1.185500000000502,"failureMessages":[],"meta":{}},{"ancestorTitles":["Community capability production acceptance"],"fullName":"Community capability production acceptance P-resistance-mammoth-cyst-stun applies actual BattleUnit effects through the shared skill pipeline","status":"passed","title":"P-resistance-mammoth-cyst-stun applies actual BattleUnit effects through the shared skill pipeline","duration":1.28899999999976,"failureMessages":[],"meta":{}},{"ancestorTitles":["Community capability production acceptance"],"fullName":"Community capability production acceptance P-resistance-white-cell-stalk-bleed applies actual BattleUnit effects through the shared skill pipeline","status":"passed","title":"P-resistance-white-cell-stalk-bleed applies actual BattleUnit effects through the shared skill pipeline","duration":2.5560999999997875,"failureMessages":[],"meta":{}},{"ancestorTitles":["Community capability production acceptance"],"fullName":"Community capability production acceptance P-resistance-white-cell-stalk-blight applies actual BattleUnit effects through the shared skill pipeline","status":"passed","title":"P-resistance-white-cell-stalk-blight applies actual BattleUnit effects through the shared skill pipeline","duration":0.9585999999999331,"failureMessages":[],"meta":{}},{"ancestorTitles":["Community capability production acceptance"],"fullName":"Community capability production acceptance P-resistance-white-cell-stalk-stun applies actual BattleUnit effects through the shared skill pipeline","status":"passed","title":"P-resistance-white-cell-stalk-stun applies actual BattleUnit effects through the shared skill pipeline","duration":0.9236000000000786,"failureMessages":[],"meta":{}},{"ancestorTitles":["Community capability production acceptance"],"fullName":"Community capability production acceptance P-resistance-shuffling-horror-bleed applies actual BattleUnit effects through the shared skill pipeline","status":"passed","title":"P-resistance-shuffling-horror-bleed applies actual BattleUnit effects through the shared skill pipeline","duration":1.525300000000243,"failureMessages":[],"meta":{}},{"ancestorTitles":["Community capability production acceptance"],"fullName":"Community capability production acceptance P-resistance-shuffling-horror-blight applies actual BattleUnit effects through the shared skill pipeline","status":"passed","title":"P-resistance-shuffling-horror-blight applies actual BattleUnit effects through the shared skill pipeline","duration":0.6484000000000378,"failureMessages":[],"meta":{}},{"ancestorTitles":["Community capability production acceptance"],"fullName":"Community capability production acceptance P-resistance-shuffling-horror-stun applies actual BattleUnit effects through the shared skill pipeline","status":"passed","title":"P-resistance-shuffling-horror-stun applies actual BattleUnit effects through the shared skill pipeline","duration":0.6271999999999025,"failureMessages":[],"meta":{}},{"ancestorTitles":["Community capability production acceptance"],"fullName":"Community capability production acceptance P-resistance-cultist-priest-bleed applies actual BattleUnit effects through the shared skill pipeline","status":"passed","title":"P-resistance-cultist-priest-bleed applies actual BattleUnit effects through the shared skill pipeline","duration":1.5122000000001208,"failureMessages":[],"meta":{}},{"ancestorTitles":["Community capability production acceptance"],"fullName":"Community capability production acceptance P-resistance-cultist-priest-blight applies actual BattleUnit effects through the shared skill pipeline","status":"passed","title":"P-resistance-cultist-priest-blight applies actual BattleUnit effects through the shared skill pipeline","duration":1.2424000000000888,"failureMessages":[],"meta":{}},{"ancestorTitles":["Community capability production acceptance"],"fullName":"Community capability production acceptance P-resistance-cultist-priest-stun applies actual BattleUnit effects through the shared skill pipeline","status":"passed","title":"P-resistance-cultist-priest-stun applies actual BattleUnit effects through the shared skill pipeline","duration":1.3095000000002983,"failureMessages":[],"meta":{}},{"ancestorTitles":["Community capability production acceptance"],"fullName":"Community capability production acceptance P-resistance-malignant-growth-bleed applies actual BattleUnit effects through the shared skill pipeline","status":"passed","title":"P-resistance-malignant-growth-bleed applies actual BattleUnit effects through the shared skill pipeline","duration":0.7755999999999403,"failureMessages":[],"meta":{}},{"ancestorTitles":["Community capability production acceptance"],"fullName":"Community capability production acceptance P-resistance-malignant-growth-blight applies actual BattleUnit effects through the shared skill pipeline","status":"passed","title":"P-resistance-malignant-growth-blight applies actual BattleUnit effects through the shared skill pipeline","duration":0.8450000000002547,"failureMessages":[],"meta":{}},{"ancestorTitles":["Community capability production acceptance"],"fullName":"Community capability production acceptance P-resistance-malignant-growth-stun applies actual BattleUnit effects through the shared skill pipeline","status":"passed","title":"P-resistance-malignant-growth-stun applies actual BattleUnit effects through the shared skill pipeline","duration":0.6391999999996187,"failureMessages":[],"meta":{}},{"ancestorTitles":["Community capability production acceptance"],"fullName":"Community capability production acceptance P-resistance-templars-impaler-shuffle applies reduced board movement instead of a categorical engine block","status":"passed","title":"P-resistance-templars-impaler-shuffle applies reduced board movement instead of a categorical engine block","duration":3.1012000000000626,"failureMessages":[],"meta":{}},{"ancestorTitles":["Community capability production acceptance"],"fullName":"Community capability production acceptance P-resistance-templars-warlord-shuffle applies reduced board movement instead of a categorical engine block","status":"passed","title":"P-resistance-templars-warlord-shuffle applies reduced board movement instead of a categorical engine block","duration":1.152100000000246,"failureMessages":[],"meta":{}},{"ancestorTitles":["Community capability production acceptance"],"fullName":"Community capability production acceptance P-resistance-mammoth-cyst-shuffle applies reduced board movement instead of a categorical engine block","status":"passed","title":"P-resistance-mammoth-cyst-shuffle applies reduced board movement instead of a categorical engine block","duration":1.4831999999996697,"failureMessages":[],"meta":{}},{"ancestorTitles":["Community capability production acceptance"],"fullName":"Community capability production acceptance P-resistance-white-cell-stalk-shuffle applies reduced board movement instead of a categorical engine block","status":"passed","title":"P-resistance-white-cell-stalk-shuffle applies reduced board movement instead of a categorical engine block","duration":1.1185999999997875,"failureMessages":[],"meta":{}},{"ancestorTitles":["Community capability production acceptance"],"fullName":"Community capability production acceptance P-resistance-shuffling-horror-shuffle applies reduced board movement instead of a categorical engine block","status":"passed","title":"P-resistance-shuffling-horror-shuffle applies reduced board movement instead of a categorical engine block","duration":0.8234999999995125,"failureMessages":[],"meta":{}},{"ancestorTitles":["Community capability production acceptance"],"fullName":"Community capability production acceptance P-resistance-cultist-priest-shuffle applies reduced board movement instead of a categorical engine block","status":"passed","title":"P-resistance-cultist-priest-shuffle applies reduced board movement instead of a categorical engine block","duration":0.6089000000001761,"failureMessages":[],"meta":{}},{"ancestorTitles":["Community capability production acceptance"],"fullName":"Community capability production acceptance P-resistance-malignant-growth-shuffle applies reduced board movement instead of a categorical engine block","status":"passed","title":"P-resistance-malignant-growth-shuffle applies reduced board movement instead of a categorical engine block","duration":0.7330000000001746,"failureMessages":[],"meta":{}},{"ancestorTitles":["Community capability production acceptance"],"fullName":"Community capability production acceptance P-skill-resistance-0 registered Hero skill reaches the effect transaction","status":"passed","title":"P-skill-resistance-0 registered Hero skill reaches the effect transaction","duration":1.279000000000451,"failureMessages":[],"meta":{}},{"ancestorTitles":["Community capability production acceptance"],"fullName":"Community capability production acceptance P-skill-resistance-1 registered Hero skill reaches the effect transaction","status":"passed","title":"P-skill-resistance-1 registered Hero skill reaches the effect transaction","duration":1.384200000000419,"failureMessages":[],"meta":{}},{"ancestorTitles":["Community capability production acceptance"],"fullName":"Community capability production acceptance P-skill-resistance-2 registered Hero skill reaches the effect transaction","status":"passed","title":"P-skill-resistance-2 registered Hero skill reaches the effect transaction","duration":1.7175999999999476,"failureMessages":[],"meta":{}},{"ancestorTitles":["Community capability production acceptance"],"fullName":"Community capability production acceptance P-critical-mammoth-cyst-1 printed attack outcome reaches the campaign damage pipeline","status":"passed","title":"P-critical-mammoth-cyst-1 printed attack outcome reaches the campaign damage pipeline","duration":2.728900000000067,"failureMessages":[],"meta":{}},{"ancestorTitles":["Community capability production acceptance"],"fullName":"Community capability production acceptance P-critical-mammoth-cyst-6 printed attack outcome reaches the campaign damage pipeline","status":"passed","title":"P-critical-mammoth-cyst-6 printed attack outcome reaches the campaign damage pipeline","duration":0.8275999999996202,"failureMessages":[],"meta":{}},{"ancestorTitles":["Community capability production acceptance"],"fullName":"Community capability production acceptance P-critical-white-cell-stalk-5 printed attack outcome reaches the campaign damage pipeline","status":"passed","title":"P-critical-white-cell-stalk-5 printed attack outcome reaches the campaign damage pipeline","duration":0.7937000000001717,"failureMessages":[],"meta":{}},{"ancestorTitles":["Community capability production acceptance"],"fullName":"Community capability production acceptance P-critical-templars-impaler-5 printed attack outcome reaches the BattleUnit damage pipeline","status":"passed","title":"P-critical-templars-impaler-5 printed attack outcome reaches the BattleUnit damage pipeline","duration":2.0663000000004104,"failureMessages":[],"meta":{}},{"ancestorTitles":["Community capability production acceptance"],"fullName":"Community capability production acceptance P-critical-templars-warlord-5 printed attack outcome reaches the BattleUnit damage pipeline","status":"passed","title":"P-critical-templars-warlord-5 printed attack outcome reaches the BattleUnit damage pipeline","duration":0.7655000000004293,"failureMessages":[],"meta":{}},{"ancestorTitles":["Community capability production acceptance"],"fullName":"Community capability production acceptance P-critical-shuffling-horror-5 printed attack outcome reaches the BattleUnit damage pipeline","status":"passed","title":"P-critical-shuffling-horror-5 printed attack outcome reaches the BattleUnit damage pipeline","duration":0.527299999999741,"failureMessages":[],"meta":{}},{"ancestorTitles":["Community capability production acceptance"],"fullName":"Community capability production acceptance P-critical-cultist-priest-5 printed attack outcome reaches the BattleUnit damage pipeline","status":"passed","title":"P-critical-cultist-priest-5 printed attack outcome reaches the BattleUnit damage pipeline","duration":0.5270000000000437,"failureMessages":[],"meta":{}},{"ancestorTitles":["Community capability production acceptance"],"fullName":"Community capability production acceptance P-critical-malignant-growth-5 printed attack outcome reaches the BattleUnit damage pipeline","status":"passed","title":"P-critical-malignant-growth-5 printed attack outcome reaches the BattleUnit damage pipeline","duration":0.5574999999998909,"failureMessages":[],"meta":{}},{"ancestorTitles":["Community capability production acceptance"],"fullName":"Community capability production acceptance P-quest-provision exact per-Hero die records are committed with the pool","status":"passed","title":"P-quest-provision exact per-Hero die records are committed with the pool","duration":0.7125999999998385,"failureMessages":[],"meta":{}},{"ancestorTitles":["Community capability production acceptance"],"fullName":"Community capability production acceptance P-final-skill all normalized Final selection leaves remain blocked without a production encounter","status":"passed","title":"P-final-skill all normalized Final selection leaves remain blocked without a production encounter","duration":8.88969999999972,"failureMessages":[],"meta":{}},{"ancestorTitles":["Community capability production acceptance"],"fullName":"Community capability production acceptance P-quest-isolation Prototype and Formal do not receive Community provisions","status":"passed","title":"P-quest-isolation Prototype and Formal do not receive Community provisions","duration":0.5014000000001033,"failureMessages":[],"meta":{}},{"ancestorTitles":["Community capability production acceptance"],"fullName":"Community capability production acceptance P-quest-living dead Heroes receive no provision dice","status":"passed","title":"P-quest-living dead Heroes receive no provision dice","duration":0.6134999999994761,"failureMessages":[],"meta":{}},{"ancestorTitles":["Community capability production acceptance"],"fullName":"Community capability production acceptance P-round-limit-0 Guardian battle remains active beyond the ordinary round timeout","status":"passed","title":"P-round-limit-0 Guardian battle remains active beyond the ordinary round timeout","duration":2.211500000000342,"failureMessages":[],"meta":{}},{"ancestorTitles":["Community capability production acceptance"],"fullName":"Community capability production acceptance P-round-limit-1 Guardian battle remains active beyond the ordinary round timeout","status":"passed","title":"P-round-limit-1 Guardian battle remains active beyond the ordinary round timeout","duration":1.5528000000003885,"failureMessages":[],"meta":{}},{"ancestorTitles":["Community capability production acceptance"],"fullName":"Community capability production acceptance P-round-limit-2 Guardian battle remains active beyond the ordinary round timeout","status":"passed","title":"P-round-limit-2 Guardian battle remains active beyond the ordinary round timeout","duration":1.3285000000005311,"failureMessages":[],"meta":{}},{"ancestorTitles":["Community capability production acceptance"],"fullName":"Community capability production acceptance P-final-transition real transition cannot be accepted by bypassing the preparation blocker","status":"passed","title":"P-final-transition real transition cannot be accepted by bypassing the preparation blocker","duration":3.755500000000211,"failureMessages":[],"meta":{}},{"ancestorTitles":["Community capability production acceptance"],"fullName":"Community capability production acceptance P-victory-templars first defeat stays incomplete and both real defeats progress once","status":"passed","title":"P-victory-templars first defeat stays incomplete and both real defeats progress once","duration":6.199900000000525,"failureMessages":[],"meta":{}},{"ancestorTitles":["Community capability production acceptance"],"fullName":"Community capability production acceptance P-victory-mammoth Cyst defeat cleans linked Stalk and reaches Guardian progression","status":"passed","title":"P-victory-mammoth Cyst defeat cleans linked Stalk and reaches Guardian progression","duration":3.576299999999719,"failureMessages":[],"meta":{}},{"ancestorTitles":["Community capability production acceptance"],"fullName":"Community capability production acceptance P-victory-shuffling Horror defeat clears reserves while deployed cleanup remains unproven","status":"passed","title":"P-victory-shuffling Horror defeat clears reserves while deployed cleanup remains unproven","duration":3.889900000000125,"failureMessages":[],"meta":{}}],"startTime":1789702438101,"endTime":1789702438197.89,"status":"passed","message":"","name":"D:/darkest-dungoen-boardgame/src/data/darkest-dungeon/community-reference/community-engine-capability-production.test.ts"}]}