{"numTotalTestSuites":2,"numPassedTestSuites":2,"numFailedTestSuites":0,"numPendingTestSuites":0,"numTotalTests":18,"numPassedTests":18,"numFailedTests":0,"numPendingTests":0,"numTodoTests":0,"snapshot":{"added":0,"failure":false,"filesAdded":0,"filesRemoved":0,"filesRemovedList":[],"filesUnmatched":0,"filesUpdated":0,"matched":0,"total":0,"unchecked":0,"uncheckedKeysByFile":[],"unmatched":0,"updated":0,"didUpdate":false},"startTime":1789291222809,"success":true,"testResults":[{"assertionResults":[{"ancestorTitles":["Community capability whole SaveFile replay acceptance"],"fullName":"Community capability whole SaveFile replay acceptance SR-resistance-templars-impaler effect events survive migration and replay without duplicate stacks","status":"passed","title":"SR-resistance-templars-impaler effect events survive migration and replay without duplicate stacks","duration":17.757700000000114,"failureMessages":[],"meta":{}},{"ancestorTitles":["Community capability whole SaveFile replay acceptance"],"fullName":"Community capability whole SaveFile replay acceptance SR-resistance-templars-warlord effect events survive migration and replay without duplicate stacks","status":"passed","title":"SR-resistance-templars-warlord effect events survive migration and replay without duplicate stacks","duration":3.9266999999999825,"failureMessages":[],"meta":{}},{"ancestorTitles":["Community capability whole SaveFile replay acceptance"],"fullName":"Community capability whole SaveFile replay acceptance SR-resistance-mammoth-cyst effect events survive migration and replay without duplicate stacks","status":"passed","title":"SR-resistance-mammoth-cyst effect events survive migration and replay without duplicate stacks","duration":4.501099999999951,"failureMessages":[],"meta":{}},{"ancestorTitles":["Community capability whole SaveFile replay acceptance"],"fullName":"Community capability whole SaveFile replay acceptance SR-resistance-white-cell-stalk effect events survive migration and replay without duplicate stacks","status":"passed","title":"SR-resistance-white-cell-stalk effect events survive migration and replay without duplicate stacks","duration":5.069100000000162,"failureMessages":[],"meta":{}},{"ancestorTitles":["Community capability whole SaveFile replay acceptance"],"fullName":"Community capability whole SaveFile replay acceptance SR-resistance-shuffling-horror effect events survive migration and replay without duplicate stacks","status":"passed","title":"SR-resistance-shuffling-horror effect events survive migration and replay without duplicate stacks","duration":3.8122999999995955,"failureMessages":[],"meta":{}},{"ancestorTitles":["Community capability whole SaveFile replay acceptance"],"fullName":"Community capability whole SaveFile replay acceptance SR-critical-mammoth-cyst-1 saved printed roll damage and exact target replay without RNG","status":"passed","title":"SR-critical-mammoth-cyst-1 saved printed roll damage and exact target replay without RNG","duration":3.253900000000158,"failureMessages":[],"meta":{}},{"ancestorTitles":["Community capability whole SaveFile replay acceptance"],"fullName":"Community capability whole SaveFile replay acceptance SR-critical-mammoth-cyst-6 saved printed roll damage and exact target replay without RNG","status":"passed","title":"SR-critical-mammoth-cyst-6 saved printed roll damage and exact target replay without RNG","duration":1.8222000000000662,"failureMessages":[],"meta":{}},{"ancestorTitles":["Community capability whole SaveFile replay acceptance"],"fullName":"Community capability whole SaveFile replay acceptance SR-critical-white-cell-stalk-5 saved printed roll damage and exact target replay without RNG","status":"passed","title":"SR-critical-white-cell-stalk-5 saved printed roll damage and exact target replay without RNG","duration":1.741899999999987,"failureMessages":[],"meta":{}},{"ancestorTitles":["Community capability whole SaveFile replay acceptance"],"fullName":"Community capability whole SaveFile replay acceptance SR-critical-blocked-templars-impaler reload cannot manufacture an unsupported attack","status":"passed","title":"SR-critical-blocked-templars-impaler reload cannot manufacture an unsupported attack","duration":3.052799999999934,"failureMessages":[],"meta":{}},{"ancestorTitles":["Community capability whole SaveFile replay acceptance"],"fullName":"Community capability whole SaveFile replay acceptance SR-critical-blocked-templars-warlord reload cannot manufacture an unsupported attack","status":"passed","title":"SR-critical-blocked-templars-warlord reload cannot manufacture an unsupported attack","duration":2.9272000000000844,"failureMessages":[],"meta":{}},{"ancestorTitles":["Community capability whole SaveFile replay acceptance"],"fullName":"Community capability whole SaveFile replay acceptance SR-critical-blocked-shuffling-horror reload cannot manufacture an unsupported attack","status":"passed","title":"SR-critical-blocked-shuffling-horror reload cannot manufacture an unsupported attack","duration":1.3175000000001091,"failureMessages":[],"meta":{}},{"ancestorTitles":["Community capability whole SaveFile replay acceptance"],"fullName":"Community capability whole SaveFile replay acceptance SR-quest-provision saved exact Wild choices and pool replay with no RNG or duplicate grants","status":"passed","title":"SR-quest-provision saved exact Wild choices and pool replay with no RNG or duplicate grants","duration":1.0691999999999098,"failureMessages":[],"meta":{}},{"ancestorTitles":["Community capability whole SaveFile replay acceptance"],"fullName":"Community capability whole SaveFile replay acceptance SR-final-skill save preserves the actual preparation blocker and no selected skill is fabricated","status":"passed","title":"SR-final-skill save preserves the actual preparation blocker and no selected skill is fabricated","duration":12.24539999999979,"failureMessages":[],"meta":{}},{"ancestorTitles":["Community capability whole SaveFile replay acceptance"],"fullName":"Community capability whole SaveFile replay acceptance SR-final-transition no transition or initiative rebuild is invented after reload","status":"passed","title":"SR-final-transition no transition or initiative rebuild is invented after reload","duration":5.119000000000142,"failureMessages":[],"meta":{}},{"ancestorTitles":["Community capability whole SaveFile replay acceptance"],"fullName":"Community capability whole SaveFile replay acceptance SR-victory-templars first death survives reload and second death progresses exactly once","status":"passed","title":"SR-victory-templars first death survives reload and second death progresses exactly once","duration":9.959699999999884,"failureMessages":[],"meta":{}},{"ancestorTitles":["Community capability whole SaveFile replay acceptance"],"fullName":"Community capability whole SaveFile replay acceptance SR-victory-mammoth reload preserves cleanup and never awards progression twice","status":"passed","title":"SR-victory-mammoth reload preserves cleanup and never awards progression twice","duration":9.571800000000167,"failureMessages":[],"meta":{}},{"ancestorTitles":["Community capability whole SaveFile replay acceptance"],"fullName":"Community capability whole SaveFile replay acceptance SR-victory-shuffling reload preserves cleanup and never awards progression twice","status":"passed","title":"SR-victory-shuffling reload preserves cleanup and never awards progression twice","duration":3.685699999999997,"failureMessages":[],"meta":{}},{"ancestorTitles":["Community capability whole SaveFile replay acceptance"],"fullName":"Community capability whole SaveFile replay acceptance SR-shuffling-deployed-blocker save cannot bypass missing placement to fabricate linked cleanup proof","status":"passed","title":"SR-shuffling-deployed-blocker save cannot bypass missing placement to fabricate linked cleanup proof","duration":1.731800000000021,"failureMessages":[],"meta":{}}],"startTime":1789291225210,"endTime":1789291225303.7317,"status":"passed","message":"","name":"D:/darkest-dungoen-boardgame/src/data/darkest-dungeon/community-reference/community-engine-capability-save-replay.test.ts"}]}