{"numTotalTestSuites":2,"numPassedTestSuites":2,"numFailedTestSuites":0,"numPendingTestSuites":0,"numTotalTests":18,"numPassedTests":18,"numFailedTests":0,"numPendingTests":0,"numTodoTests":0,"snapshot":{"added":0,"failure":false,"filesAdded":0,"filesRemoved":0,"filesRemovedList":[],"filesUnmatched":0,"filesUpdated":0,"matched":0,"total":0,"unchecked":0,"uncheckedKeysByFile":[],"unmatched":0,"updated":0,"didUpdate":false},"startTime":1789645132445,"success":true,"testResults":[{"assertionResults":[{"ancestorTitles":["Community capability whole SaveFile replay acceptance"],"fullName":"Community capability whole SaveFile replay acceptance SR-resistance-templars-impaler effect events survive migration and replay without duplicate stacks","status":"passed","title":"SR-resistance-templars-impaler effect events survive migration and replay without duplicate stacks","duration":19.759099999999762,"failureMessages":[],"meta":{}},{"ancestorTitles":["Community capability whole SaveFile replay acceptance"],"fullName":"Community capability whole SaveFile replay acceptance SR-resistance-templars-warlord effect events survive migration and replay without duplicate stacks","status":"passed","title":"SR-resistance-templars-warlord effect events survive migration and replay without duplicate stacks","duration":3.433600000000297,"failureMessages":[],"meta":{}},{"ancestorTitles":["Community capability whole SaveFile replay acceptance"],"fullName":"Community capability whole SaveFile replay acceptance SR-resistance-mammoth-cyst effect events survive migration and replay without duplicate stacks","status":"passed","title":"SR-resistance-mammoth-cyst effect events survive migration and replay without duplicate stacks","duration":7.4728000000000065,"failureMessages":[],"meta":{}},{"ancestorTitles":["Community capability whole SaveFile replay acceptance"],"fullName":"Community capability whole SaveFile replay acceptance SR-resistance-white-cell-stalk effect events survive migration and replay without duplicate stacks","status":"passed","title":"SR-resistance-white-cell-stalk effect events survive migration and replay without duplicate stacks","duration":4.045000000000073,"failureMessages":[],"meta":{}},{"ancestorTitles":["Community capability whole SaveFile replay acceptance"],"fullName":"Community capability whole SaveFile replay acceptance SR-resistance-shuffling-horror effect events survive migration and replay without duplicate stacks","status":"passed","title":"SR-resistance-shuffling-horror effect events survive migration and replay without duplicate stacks","duration":3.712199999999939,"failureMessages":[],"meta":{}},{"ancestorTitles":["Community capability whole SaveFile replay acceptance"],"fullName":"Community capability whole SaveFile replay acceptance SR-critical-mammoth-cyst-1 saved printed roll damage and exact target replay without RNG","status":"passed","title":"SR-critical-mammoth-cyst-1 saved printed roll damage and exact target replay without RNG","duration":3.327600000000075,"failureMessages":[],"meta":{}},{"ancestorTitles":["Community capability whole SaveFile replay acceptance"],"fullName":"Community capability whole SaveFile replay acceptance SR-critical-mammoth-cyst-6 saved printed roll damage and exact target replay without RNG","status":"passed","title":"SR-critical-mammoth-cyst-6 saved printed roll damage and exact target replay without RNG","duration":5.3046000000003914,"failureMessages":[],"meta":{}},{"ancestorTitles":["Community capability whole SaveFile replay acceptance"],"fullName":"Community capability whole SaveFile replay acceptance SR-critical-white-cell-stalk-5 saved printed roll damage and exact target replay without RNG","status":"passed","title":"SR-critical-white-cell-stalk-5 saved printed roll damage and exact target replay without RNG","duration":2.188499999999749,"failureMessages":[],"meta":{}},{"ancestorTitles":["Community capability whole SaveFile replay acceptance"],"fullName":"Community capability whole SaveFile replay acceptance SR-critical-blocked-templars-impaler reload cannot manufacture an unsupported attack","status":"passed","title":"SR-critical-blocked-templars-impaler reload cannot manufacture an unsupported attack","duration":3.0877000000000407,"failureMessages":[],"meta":{}},{"ancestorTitles":["Community capability whole SaveFile replay acceptance"],"fullName":"Community capability whole SaveFile replay acceptance SR-critical-blocked-templars-warlord reload cannot manufacture an unsupported attack","status":"passed","title":"SR-critical-blocked-templars-warlord reload cannot manufacture an unsupported attack","duration":2.6345000000001164,"failureMessages":[],"meta":{}},{"ancestorTitles":["Community capability whole SaveFile replay acceptance"],"fullName":"Community capability whole SaveFile replay acceptance SR-critical-blocked-shuffling-horror reload cannot manufacture an unsupported attack","status":"passed","title":"SR-critical-blocked-shuffling-horror reload cannot manufacture an unsupported attack","duration":3.2759000000000924,"failureMessages":[],"meta":{}},{"ancestorTitles":["Community capability whole SaveFile replay acceptance"],"fullName":"Community capability whole SaveFile replay acceptance SR-quest-provision saved exact Wild choices and pool replay with no RNG or duplicate grants","status":"passed","title":"SR-quest-provision saved exact Wild choices and pool replay with no RNG or duplicate grants","duration":6.210399999999936,"failureMessages":[],"meta":{}},{"ancestorTitles":["Community capability whole SaveFile replay acceptance"],"fullName":"Community capability whole SaveFile replay acceptance SR-final-skill save preserves the actual preparation receipt and no selected skill is fabricated","status":"passed","title":"SR-final-skill save preserves the actual preparation receipt and no selected skill is fabricated","duration":26.626300000000356,"failureMessages":[],"meta":{}},{"ancestorTitles":["Community capability whole SaveFile replay acceptance"],"fullName":"Community capability whole SaveFile replay acceptance SR-final-transition no transition or initiative rebuild is invented after reload","status":"passed","title":"SR-final-transition no transition or initiative rebuild is invented after reload","duration":9.516599999999926,"failureMessages":[],"meta":{}},{"ancestorTitles":["Community capability whole SaveFile replay acceptance"],"fullName":"Community capability whole SaveFile replay acceptance SR-victory-templars first death survives reload and second death progresses exactly once","status":"passed","title":"SR-victory-templars first death survives reload and second death progresses exactly once","duration":17.15859999999975,"failureMessages":[],"meta":{}},{"ancestorTitles":["Community capability whole SaveFile replay acceptance"],"fullName":"Community capability whole SaveFile replay acceptance SR-victory-mammoth reload preserves cleanup and never awards progression twice","status":"passed","title":"SR-victory-mammoth reload preserves cleanup and never awards progression twice","duration":5.039400000000114,"failureMessages":[],"meta":{}},{"ancestorTitles":["Community capability whole SaveFile replay acceptance"],"fullName":"Community capability whole SaveFile replay acceptance SR-victory-shuffling reload preserves cleanup and never awards progression twice","status":"passed","title":"SR-victory-shuffling reload preserves cleanup and never awards progression twice","duration":8.623700000000099,"failureMessages":[],"meta":{}},{"ancestorTitles":["Community capability whole SaveFile replay acceptance"],"fullName":"Community capability whole SaveFile replay acceptance SR-shuffling-deployed-blocker save cannot bypass missing placement to fabricate linked cleanup proof","status":"passed","title":"SR-shuffling-deployed-blocker save cannot bypass missing placement to fabricate linked cleanup proof","duration":2.879699999999957,"failureMessages":[],"meta":{}}],"startTime":1789645135565,"endTime":1789645135699.8796,"status":"passed","message":"","name":"D:/darkest-dungoen-boardgame/src/data/darkest-dungeon/community-reference/community-engine-capability-save-replay.test.ts"}]}