{"numTotalTestSuites":11,"numPassedTestSuites":11,"numFailedTestSuites":0,"numPendingTestSuites":0,"numTotalTests":65,"numPassedTests":65,"numFailedTests":0,"numPendingTests":0,"numTodoTests":0,"snapshot":{"added":0,"failure":false,"filesAdded":0,"filesRemoved":0,"filesRemovedList":[],"filesUnmatched":0,"filesUpdated":0,"matched":0,"total":0,"unchecked":0,"uncheckedKeysByFile":[],"unmatched":0,"updated":0,"didUpdate":false},"startTime":1789291244017,"success":true,"testResults":[{"assertionResults":[{"ancestorTitles":["Community runtime final-acceptance adversarial requirements"],"fullName":"Community runtime final-acceptance adversarial requirements A01 removing Templar bleed fails validation","status":"passed","title":"A01 removing Templar bleed fails validation","duration":2.4528000000000247,"failureMessages":[],"meta":{}},{"ancestorTitles":["Community runtime final-acceptance adversarial requirements"],"fullName":"Community runtime final-acceptance adversarial requirements A02 resistance leaves retain precise unsupported shuffle scope","status":"passed","title":"A02 resistance leaves retain precise unsupported shuffle scope","duration":0.6221000000000458,"failureMessages":[],"meta":{}},{"ancestorTitles":["Community runtime final-acceptance adversarial requirements"],"fullName":"Community runtime final-acceptance adversarial requirements A03 critical scope distinguishes Mammoth attacks from unsupported families","status":"passed","title":"A03 critical scope distinguishes Mammoth attacks from unsupported families","duration":0.28960000000006403,"failureMessages":[],"meta":{}},{"ancestorTitles":["Community runtime final-acceptance adversarial requirements"],"fullName":"Community runtime final-acceptance adversarial requirements A04 missing numeric cannot silently become zero","status":"passed","title":"A04 missing numeric cannot silently become zero","duration":0.8768999999997504,"failureMessages":[],"meta":{}},{"ancestorTitles":["Community runtime final-acceptance adversarial requirements"],"fullName":"Community runtime final-acceptance adversarial requirements A05 Community Templar validator cannot be bypassed","status":"passed","title":"A05 Community Templar validator cannot be bypassed","duration":0.3749000000002525,"failureMessages":[],"meta":{}},{"ancestorTitles":["Community runtime final-acceptance adversarial requirements"],"fullName":"Community runtime final-acceptance adversarial requirements A06 Community Mammoth validator cannot be bypassed","status":"passed","title":"A06 Community Mammoth validator cannot be bypassed","duration":0.5180000000000291,"failureMessages":[],"meta":{}},{"ancestorTitles":["Community runtime final-acceptance adversarial requirements"],"fullName":"Community runtime final-acceptance adversarial requirements A07 empty Templar graph is explicitly blocked not treated as navigable","status":"passed","title":"A07 empty Templar graph is explicitly blocked not treated as navigable","duration":1.2867000000001099,"failureMessages":[],"meta":{}},{"ancestorTitles":["Community runtime final-acceptance adversarial requirements"],"fullName":"Community runtime final-acceptance adversarial requirements A08 Shuffling Community save cannot restore as Prototype","status":"passed","title":"A08 Shuffling Community save cannot restore as Prototype","duration":10.789900000000216,"failureMessages":[],"meta":{}},{"ancestorTitles":["Community runtime final-acceptance adversarial requirements"],"fullName":"Community runtime final-acceptance adversarial requirements A09 Community Final has no broad Official object inheritance","status":"passed","title":"A09 Community Final has no broad Official object inheritance","duration":0.5657999999998538,"failureMessages":[],"meta":{}},{"ancestorTitles":["Community runtime final-acceptance adversarial requirements"],"fullName":"Community runtime final-acceptance adversarial requirements A10 an unclassified projection proof fails","status":"passed","title":"A10 an unclassified projection proof fails","duration":7.367799999999988,"failureMessages":[],"meta":{}},{"ancestorTitles":["Community runtime final-acceptance adversarial requirements"],"fullName":"Community runtime final-acceptance adversarial requirements A11 editing a published runtime hash cannot manufacture truth","status":"passed","title":"A11 editing a published runtime hash cannot manufacture truth","duration":9.518500000000131,"failureMessages":[],"meta":{}},{"ancestorTitles":["Community runtime final-acceptance adversarial requirements"],"fullName":"Community runtime final-acceptance adversarial requirements A12 blocker cannot mutate state first","status":"passed","title":"A12 blocker cannot mutate state first","duration":4.54970000000003,"failureMessages":[],"meta":{}},{"ancestorTitles":["Community runtime final-acceptance adversarial requirements"],"fullName":"Community runtime final-acceptance adversarial requirements A13 blocker cannot consume RNG first","status":"passed","title":"A13 blocker cannot consume RNG first","duration":1.3211999999998625,"failureMessages":[],"meta":{}},{"ancestorTitles":["Community runtime final-acceptance adversarial requirements"],"fullName":"Community runtime final-acceptance adversarial requirements A14 E2E cannot inject an already-prepared Community state","status":"passed","title":"A14 E2E cannot inject an already-prepared Community state","duration":0.5542999999997846,"failureMessages":[],"meta":{}},{"ancestorTitles":["Community runtime final-acceptance adversarial requirements"],"fullName":"Community runtime final-acceptance adversarial requirements A15 verifier requires exact discovered test counts","status":"passed","title":"A15 verifier requires exact discovered test counts","duration":0.42020000000002256,"failureMessages":[],"meta":{}},{"ancestorTitles":["Community runtime final-acceptance adversarial requirements"],"fullName":"Community runtime final-acceptance adversarial requirements A16 report counts originate from structured reporter","status":"passed","title":"A16 report counts originate from structured reporter","duration":2.5115999999998166,"failureMessages":[],"meta":{}},{"ancestorTitles":["Community runtime final-acceptance adversarial requirements"],"fullName":"Community runtime final-acceptance adversarial requirements A17 Guardian saves retain Community profile","status":"passed","title":"A17 Guardian saves retain Community profile","duration":8.818100000000413,"failureMessages":[],"meta":{}},{"ancestorTitles":["Community runtime final-acceptance adversarial requirements"],"fullName":"Community runtime final-acceptance adversarial requirements A18 artifact hash changes alter content hash","status":"passed","title":"A18 artifact hash changes alter content hash","duration":0.3216000000002168,"failureMessages":[],"meta":{}},{"ancestorTitles":["Community runtime final-acceptance adversarial requirements"],"fullName":"Community runtime final-acceptance adversarial requirements A19 Community definition cannot enter Official pool","status":"passed","title":"A19 Community definition cannot enter Official pool","duration":0.13480000000026848,"failureMessages":[],"meta":{}},{"ancestorTitles":["Community runtime final-acceptance adversarial requirements"],"fullName":"Community runtime final-acceptance adversarial requirements A20 Community runtime cannot use Prototype definition IDs","status":"passed","title":"A20 Community runtime cannot use Prototype definition IDs","duration":0.8067000000000917,"failureMessages":[],"meta":{}}],"startTime":1789291246414,"endTime":1789291246468.8066,"status":"passed","message":"","name":"D:/darkest-dungoen-boardgame/src/data/darkest-dungeon/community-reference/community-runtime-adversarial.test.ts"},{"assertionResults":[{"ancestorTitles":["Community Excavation acceptance"],"fullName":"Community Excavation acceptance E01 has no Formal map fallback","status":"passed","title":"E01 has no Formal map fallback","duration":7.637500000000273,"failureMessages":[],"meta":{}},{"ancestorTitles":["Community Excavation acceptance"],"fullName":"Community Excavation acceptance E02 has no Prototype map fallback","status":"passed","title":"E02 has no Prototype map fallback","duration":2.1163000000001375,"failureMessages":[],"meta":{}},{"ancestorTitles":["Community Excavation acceptance"],"fullName":"Community Excavation acceptance E03 blocks before RNG","status":"passed","title":"E03 blocks before RNG","duration":2.1680999999998676,"failureMessages":[],"meta":{}},{"ancestorTitles":["Community Excavation acceptance"],"fullName":"Community Excavation acceptance E04 blocks before state mutation","status":"passed","title":"E04 blocks before state mutation","duration":3.9791000000000167,"failureMessages":[],"meta":{}},{"ancestorTitles":["Community Excavation acceptance"],"fullName":"Community Excavation acceptance E05 save reload is stable before blocker","status":"passed","title":"E05 save reload is stable before blocker","duration":2.7004000000001724,"failureMessages":[],"meta":{}},{"ancestorTitles":["Community Excavation acceptance"],"fullName":"Community Excavation acceptance E06 retains 8 Rest and no Firewood structural contract","status":"passed","title":"E06 retains 8 Rest and no Firewood structural contract","duration":0.37800000000015643,"failureMessages":[],"meta":{}}],"startTime":1789291246416,"endTime":1789291246434.7004,"status":"passed","message":"","name":"D:/darkest-dungoen-boardgame/src/data/darkest-dungeon/community-reference/community-runtime-excavation.test.ts"},{"assertionResults":[{"ancestorTitles":["Community Final Encounter acceptance"],"fullName":"Community Final Encounter acceptance F01 requires Final Hamlet completion","status":"passed","title":"F01 requires Final Hamlet completion","duration":3.3083999999998923,"failureMessages":[],"meta":{}},{"ancestorTitles":["Community Final Encounter acceptance"],"fullName":"Community Final Encounter acceptance F02 Final Provision blocks before RNG","status":"passed","title":"F02 Final Provision blocks before RNG","duration":1.6938999999997577,"failureMessages":[],"meta":{}},{"ancestorTitles":["Community Final Encounter acceptance"],"fullName":"Community Final Encounter acceptance F03 Final Provision blocks before mutation","status":"passed","title":"F03 Final Provision blocks before mutation","duration":3.533799999999701,"failureMessages":[],"meta":{}},{"ancestorTitles":["Community Final Encounter acceptance"],"fullName":"Community Final Encounter acceptance F04 Community Final Room has source provenance","status":"passed","title":"F04 Community Final Room has source provenance","duration":0.3099000000001979,"failureMessages":[],"meta":{}},{"ancestorTitles":["Community Final Encounter acceptance"],"fullName":"Community Final Encounter acceptance F05 skipped Form is preserved","status":"passed","title":"F05 skipped Form is preserved","duration":0.4558999999999287,"failureMessages":[],"meta":{}},{"ancestorTitles":["Community Final Encounter acceptance"],"fullName":"Community Final Encounter acceptance F06 Heart cannot be skipped","status":"passed","title":"F06 Heart cannot be skipped","duration":0.3213999999998123,"failureMessages":[],"meta":{}},{"ancestorTitles":["Community Final Encounter acceptance"],"fullName":"Community Final Encounter acceptance F07 Ancestor first confirmed mechanics trace","status":"passed","title":"F07 Ancestor first confirmed mechanics trace","duration":0.4717999999998028,"failureMessages":[],"meta":{}},{"ancestorTitles":["Community Final Encounter acceptance"],"fullName":"Community Final Encounter acceptance F08 Reflection trace","status":"passed","title":"F08 Reflection trace","duration":0.5495999999998276,"failureMessages":[],"meta":{}},{"ancestorTitles":["Community Final Encounter acceptance"],"fullName":"Community Final Encounter acceptance F09 Ancestor second reaches Nothingness blocker without RNG","status":"passed","title":"F09 Ancestor second reaches Nothingness blocker without RNG","duration":2.0617999999999483,"failureMessages":[],"meta":{}},{"ancestorTitles":["Community Final Encounter acceptance"],"fullName":"Community Final Encounter acceptance F10 Gestating Heart reaches lethal timing blocker","status":"passed","title":"F10 Gestating Heart reaches lethal timing blocker","duration":1.0172999999999774,"failureMessages":[],"meta":{}},{"ancestorTitles":["Community Final Encounter acceptance"],"fullName":"Community Final Encounter acceptance F11 Heart reaches Come Unto Your Maker blocker","status":"passed","title":"F11 Heart reaches Come Unto Your Maker blocker","duration":1.136700000000019,"failureMessages":[],"meta":{}},{"ancestorTitles":["Community Final Encounter acceptance"],"fullName":"Community Final Encounter acceptance F12 save restore preserves all form runtimes and blockers","status":"passed","title":"F12 save restore preserves all form runtimes and blockers","duration":1.5009000000000015,"failureMessages":[],"meta":{}}],"startTime":1789291246446,"endTime":1789291246462.501,"status":"passed","message":"","name":"D:/darkest-dungoen-boardgame/src/data/darkest-dungeon/community-reference/community-runtime-final.test.ts"},{"assertionResults":[{"ancestorTitles":["Community save replay acceptance matrix"],"fullName":"Community save replay acceptance matrix SR01 Quest Layout Content and Boss assignment survive restore","status":"passed","title":"SR01 Quest Layout Content and Boss assignment survive restore","duration":12.28650000000016,"failureMessages":[],"meta":{}},{"ancestorTitles":["Community save replay acceptance matrix"],"fullName":"Community save replay acceptance matrix SR02 Templars setup preserves Community definition snapshots","status":"passed","title":"SR02 Templars setup preserves Community definition snapshots","duration":3.197200000000066,"failureMessages":[],"meta":{}},{"ancestorTitles":["Community save replay acceptance matrix"],"fullName":"Community save replay acceptance matrix SR03 Templars initiative draw does not redraw after restore","status":"passed","title":"SR03 Templars initiative draw does not redraw after restore","duration":1.9825999999998203,"failureMessages":[],"meta":{}},{"ancestorTitles":["Community save replay acceptance matrix"],"fullName":"Community save replay acceptance matrix SR04 Templars skill roll does not reroll after restore","status":"passed","title":"SR04 Templars skill roll does not reroll after restore","duration":2.087500000000091,"failureMessages":[],"meta":{}},{"ancestorTitles":["Community save replay acceptance matrix"],"fullName":"Community save replay acceptance matrix SR05 Templars Pit state is stable before exit blocker","status":"passed","title":"SR05 Templars Pit state is stable before exit blocker","duration":1.753099999999904,"failureMessages":[],"meta":{}},{"ancestorTitles":["Community save replay acceptance matrix"],"fullName":"Community save replay acceptance matrix SR06 Mammoth setup and Stalk reserve survive restore","status":"passed","title":"SR06 Mammoth setup and Stalk reserve survive restore","duration":5.709399999999732,"failureMessages":[],"meta":{}},{"ancestorTitles":["Community save replay acceptance matrix"],"fullName":"Community save replay acceptance matrix SR07 Mammoth initiative and skill rolls survive restore","status":"passed","title":"SR07 Mammoth initiative and skill rolls survive restore","duration":2.1354999999998654,"failureMessages":[],"meta":{}},{"ancestorTitles":["Community save replay acceptance matrix"],"fullName":"Community save replay acceptance matrix SR08 Mammoth Stalk summon identity and generation survive restore","status":"passed","title":"SR08 Mammoth Stalk summon identity and generation survive restore","duration":2.8994000000002416,"failureMessages":[],"meta":{}},{"ancestorTitles":["Community save replay acceptance matrix"],"fullName":"Community save replay acceptance matrix SR09 Shuffling mode actors reserves budgets piles hashes and counters survive restore","status":"passed","title":"SR09 Shuffling mode actors reserves budgets piles hashes and counters survive restore","duration":2.937800000000152,"failureMessages":[],"meta":{}},{"ancestorTitles":["Community save replay acceptance matrix"],"fullName":"Community save replay acceptance matrix SR10 Shuffling opportunity result survives restore","status":"passed","title":"SR10 Shuffling opportunity result survives restore","duration":1.9956999999999425,"failureMessages":[],"meta":{}},{"ancestorTitles":["Community save replay acceptance matrix"],"fullName":"Community save replay acceptance matrix SR11 Shuffling summon blocks before Prototype area leakage and remains stable","status":"passed","title":"SR11 Shuffling summon blocks before Prototype area leakage and remains stable","duration":2.131800000000112,"failureMessages":[],"meta":{}},{"ancestorTitles":["Community save replay acceptance matrix"],"fullName":"Community save replay acceptance matrix SR12 every Final Form runtime preserves Community mode and saved random outcomes","status":"passed","title":"SR12 every Final Form runtime preserves Community mode and saved random outcomes","duration":2.8921000000000276,"failureMessages":[],"meta":{}}],"startTime":1789291246415,"endTime":1789291246456.892,"status":"passed","message":"","name":"D:/darkest-dungoen-boardgame/src/data/darkest-dungeon/community-reference/community-runtime-save-replay.test.ts"},{"assertionResults":[{"ancestorTitles":["Community Runtime Acceptance Truth Gate adversarial mutations"],"fullName":"Community Runtime Acceptance Truth Gate adversarial mutations T01 runtime Guardian HP mutation fails","status":"passed","title":"T01 runtime Guardian HP mutation fails","duration":13.21160000000009,"failureMessages":[],"meta":{}},{"ancestorTitles":["Community Runtime Acceptance Truth Gate adversarial mutations"],"fullName":"Community Runtime Acceptance Truth Gate adversarial mutations T02 runtime d10 mapping mutation fails","status":"passed","title":"T02 runtime d10 mapping mutation fails","duration":7.132999999999811,"failureMessages":[],"meta":{}},{"ancestorTitles":["Community Runtime Acceptance Truth Gate adversarial mutations"],"fullName":"Community Runtime Acceptance Truth Gate adversarial mutations T03 removing runtime Pit Bleed fails","status":"passed","title":"T03 removing runtime Pit Bleed fails","duration":25.911799999999857,"failureMessages":[],"meta":{}},{"ancestorTitles":["Community Runtime Acceptance Truth Gate adversarial mutations"],"fullName":"Community Runtime Acceptance Truth Gate adversarial mutations T04 runtime Mammoth stance map mutation fails","status":"passed","title":"T04 runtime Mammoth stance map mutation fails","duration":12.83120000000008,"failureMessages":[],"meta":{}},{"ancestorTitles":["Community Runtime Acceptance Truth Gate adversarial mutations"],"fullName":"Community Runtime Acceptance Truth Gate adversarial mutations T05 unproven Final skill mapping cannot be treated as consumed","status":"passed","title":"T05 unproven Final skill mapping cannot be treated as consumed","duration":0.34740000000010696,"failureMessages":[],"meta":{}},{"ancestorTitles":["Community Runtime Acceptance Truth Gate adversarial mutations"],"fullName":"Community Runtime Acceptance Truth Gate adversarial mutations T06 removing a Monster physical instance fails","status":"passed","title":"T06 removing a Monster physical instance fails","duration":6.8771999999999025,"failureMessages":[],"meta":{}},{"ancestorTitles":["Community Runtime Acceptance Truth Gate adversarial mutations"],"fullName":"Community Runtime Acceptance Truth Gate adversarial mutations T07 editing ledger runtimeValueHash cannot manufacture PASS","status":"passed","title":"T07 editing ledger runtimeValueHash cannot manufacture PASS","duration":10.892100000000028,"failureMessages":[],"meta":{}},{"ancestorTitles":["Community Runtime Acceptance Truth Gate adversarial mutations"],"fullName":"Community Runtime Acceptance Truth Gate adversarial mutations T08 consumed entry without runtimeSelector fails","status":"passed","title":"T08 consumed entry without runtimeSelector fails","duration":7.003900000000158,"failureMessages":[],"meta":{}},{"ancestorTitles":["Community Runtime Acceptance Truth Gate adversarial mutations"],"fullName":"Community Runtime Acceptance Truth Gate adversarial mutations T09 compound parent consumed above blocked child fails","status":"passed","title":"T09 compound parent consumed above blocked child fails","duration":8.852300000000014,"failureMessages":[],"meta":{}},{"ancestorTitles":["Community Runtime Acceptance Truth Gate adversarial mutations"],"fullName":"Community Runtime Acceptance Truth Gate adversarial mutations T10 active blocker without dependency metadata fails","status":"passed","title":"T10 active blocker without dependency metadata fails","duration":7.060199999999895,"failureMessages":[],"meta":{}},{"ancestorTitles":["Mammoth source-confirmed effects and deterministic closure"],"fullName":"Mammoth source-confirmed effects and deterministic closure T11 Revivify heals self through the shared actor-healing primitive","status":"passed","title":"T11 Revivify heals self through the shared actor-healing primitive","duration":11.576000000000022,"failureMessages":[],"meta":{}},{"ancestorTitles":["Mammoth source-confirmed effects and deterministic closure"],"fullName":"Mammoth source-confirmed effects and deterministic closure T12 Reconstitute heals the selected ally","status":"passed","title":"T12 Reconstitute heals the selected ally","duration":1.6155000000003383,"failureMessages":[],"meta":{}},{"ancestorTitles":["Mammoth source-confirmed effects and deterministic closure"],"fullName":"Mammoth source-confirmed effects and deterministic closure T13 healing save/replay is identical","status":"passed","title":"T13 healing save/replay is identical","duration":2.6161000000001877,"failureMessages":[],"meta":{}},{"ancestorTitles":["Mammoth source-confirmed effects and deterministic closure"],"fullName":"Mammoth source-confirmed effects and deterministic closure T14 full spawn Area reaches the precise blocker without RNG or mutation","status":"passed","title":"T14 full spawn Area reaches the precise blocker without RNG or mutation","duration":5.122699999999895,"failureMessages":[],"meta":{}},{"ancestorTitles":["Mammoth source-confirmed effects and deterministic closure"],"fullName":"Mammoth source-confirmed effects and deterministic closure T15 full-area blocker survives save/reload identically","status":"passed","title":"T15 full-area blocker survives save/reload identically","duration":2.8026000000004387,"failureMessages":[],"meta":{}}],"startTime":1789291246420,"endTime":1789291246545.8025,"status":"passed","message":"","name":"D:/darkest-dungoen-boardgame/src/data/darkest-dungeon/community-reference/community-runtime-truth-gate.test.ts"}]}