{"numTotalTestSuites":11,"numPassedTestSuites":11,"numFailedTestSuites":0,"numPendingTestSuites":0,"numTotalTests":65,"numPassedTests":65,"numFailedTests":0,"numPendingTests":0,"numTodoTests":0,"snapshot":{"added":0,"failure":false,"filesAdded":0,"filesRemoved":0,"filesRemovedList":[],"filesUnmatched":0,"filesUpdated":0,"matched":0,"total":0,"unchecked":0,"uncheckedKeysByFile":[],"unmatched":0,"updated":0,"didUpdate":false},"startTime":1789645156039,"success":true,"testResults":[{"assertionResults":[{"ancestorTitles":["Community runtime final-acceptance adversarial requirements"],"fullName":"Community runtime final-acceptance adversarial requirements A01 removing Templar bleed fails validation","status":"passed","title":"A01 removing Templar bleed fails validation","duration":1.7721000000001368,"failureMessages":[],"meta":{}},{"ancestorTitles":["Community runtime final-acceptance adversarial requirements"],"fullName":"Community runtime final-acceptance adversarial requirements A02 resistance leaves retain precise unsupported shuffle scope","status":"passed","title":"A02 resistance leaves retain precise unsupported shuffle scope","duration":5.464799999999741,"failureMessages":[],"meta":{}},{"ancestorTitles":["Community runtime final-acceptance adversarial requirements"],"fullName":"Community runtime final-acceptance adversarial requirements A03 critical scope distinguishes Mammoth attacks from unsupported families","status":"passed","title":"A03 critical scope distinguishes Mammoth attacks from unsupported families","duration":0.3749000000002525,"failureMessages":[],"meta":{}},{"ancestorTitles":["Community runtime final-acceptance adversarial requirements"],"fullName":"Community runtime final-acceptance adversarial requirements A04 missing numeric cannot silently become zero","status":"passed","title":"A04 missing numeric cannot silently become zero","duration":1.1050000000000182,"failureMessages":[],"meta":{}},{"ancestorTitles":["Community runtime final-acceptance adversarial requirements"],"fullName":"Community runtime final-acceptance adversarial requirements A05 Community Templar validator cannot be bypassed","status":"passed","title":"A05 Community Templar validator cannot be bypassed","duration":1.9446000000002641,"failureMessages":[],"meta":{}},{"ancestorTitles":["Community runtime final-acceptance adversarial requirements"],"fullName":"Community runtime final-acceptance adversarial requirements A06 Community Mammoth validator cannot be bypassed","status":"passed","title":"A06 Community Mammoth validator cannot be bypassed","duration":2.4002000000000407,"failureMessages":[],"meta":{}},{"ancestorTitles":["Community runtime final-acceptance adversarial requirements"],"fullName":"Community runtime final-acceptance adversarial requirements A07 empty Templar graph is explicitly blocked not treated as navigable","status":"passed","title":"A07 empty Templar graph is explicitly blocked not treated as navigable","duration":2.098700000000008,"failureMessages":[],"meta":{}},{"ancestorTitles":["Community runtime final-acceptance adversarial requirements"],"fullName":"Community runtime final-acceptance adversarial requirements A08 Shuffling Community save cannot restore as Prototype","status":"passed","title":"A08 Shuffling Community save cannot restore as Prototype","duration":16.975700000000415,"failureMessages":[],"meta":{}},{"ancestorTitles":["Community runtime final-acceptance adversarial requirements"],"fullName":"Community runtime final-acceptance adversarial requirements A09 Community Final has no broad Official object inheritance","status":"passed","title":"A09 Community Final has no broad Official object inheritance","duration":0.7215000000001055,"failureMessages":[],"meta":{}},{"ancestorTitles":["Community runtime final-acceptance adversarial requirements"],"fullName":"Community runtime final-acceptance adversarial requirements A10 an unclassified projection proof fails","status":"passed","title":"A10 an unclassified projection proof fails","duration":24.343799999999646,"failureMessages":[],"meta":{}},{"ancestorTitles":["Community runtime final-acceptance adversarial requirements"],"fullName":"Community runtime final-acceptance adversarial requirements A11 editing a published runtime hash cannot manufacture truth","status":"passed","title":"A11 editing a published runtime hash cannot manufacture truth","duration":18.15059999999994,"failureMessages":[],"meta":{}},{"ancestorTitles":["Community runtime final-acceptance adversarial requirements"],"fullName":"Community runtime final-acceptance adversarial requirements A12 blocker cannot mutate state first","status":"passed","title":"A12 blocker cannot mutate state first","duration":16.63169999999991,"failureMessages":[],"meta":{}},{"ancestorTitles":["Community runtime final-acceptance adversarial requirements"],"fullName":"Community runtime final-acceptance adversarial requirements A13 blocker cannot consume RNG first","status":"passed","title":"A13 blocker cannot consume RNG first","duration":1.4270000000001346,"failureMessages":[],"meta":{}},{"ancestorTitles":["Community runtime final-acceptance adversarial requirements"],"fullName":"Community runtime final-acceptance adversarial requirements A14 E2E cannot inject an already-prepared Community state","status":"passed","title":"A14 E2E cannot inject an already-prepared Community state","duration":0.7696999999998297,"failureMessages":[],"meta":{}},{"ancestorTitles":["Community runtime final-acceptance adversarial requirements"],"fullName":"Community runtime final-acceptance adversarial requirements A15 verifier requires exact discovered test counts","status":"passed","title":"A15 verifier requires exact discovered test counts","duration":1.1065999999996166,"failureMessages":[],"meta":{}},{"ancestorTitles":["Community runtime final-acceptance adversarial requirements"],"fullName":"Community runtime final-acceptance adversarial requirements A16 report counts originate from structured reporter","status":"passed","title":"A16 report counts originate from structured reporter","duration":0.3811999999998079,"failureMessages":[],"meta":{}},{"ancestorTitles":["Community runtime final-acceptance adversarial requirements"],"fullName":"Community runtime final-acceptance adversarial requirements A17 Guardian saves retain Community profile","status":"passed","title":"A17 Guardian saves retain Community profile","duration":34.7170000000001,"failureMessages":[],"meta":{}},{"ancestorTitles":["Community runtime final-acceptance adversarial requirements"],"fullName":"Community runtime final-acceptance adversarial requirements A18 artifact hash changes alter content hash","status":"passed","title":"A18 artifact hash changes alter content hash","duration":1.910200000000259,"failureMessages":[],"meta":{}},{"ancestorTitles":["Community runtime final-acceptance adversarial requirements"],"fullName":"Community runtime final-acceptance adversarial requirements A19 Community definition cannot enter Official pool","status":"passed","title":"A19 Community definition cannot enter Official pool","duration":0.19840000000021973,"failureMessages":[],"meta":{}},{"ancestorTitles":["Community runtime final-acceptance adversarial requirements"],"fullName":"Community runtime final-acceptance adversarial requirements A20 Community runtime cannot use Prototype definition IDs","status":"passed","title":"A20 Community runtime cannot use Prototype definition IDs","duration":3.4405000000001564,"failureMessages":[],"meta":{}}],"startTime":1789645159178,"endTime":1789645159314.4404,"status":"passed","message":"","name":"D:/darkest-dungoen-boardgame/src/data/darkest-dungeon/community-reference/community-runtime-adversarial.test.ts"},{"assertionResults":[{"ancestorTitles":["Community Excavation acceptance"],"fullName":"Community Excavation acceptance E01 has no Formal map fallback","status":"passed","title":"E01 has no Formal map fallback","duration":22.37609999999995,"failureMessages":[],"meta":{}},{"ancestorTitles":["Community Excavation acceptance"],"fullName":"Community Excavation acceptance E02 has no Prototype map fallback","status":"passed","title":"E02 has no Prototype map fallback","duration":1.6080999999999221,"failureMessages":[],"meta":{}},{"ancestorTitles":["Community Excavation acceptance"],"fullName":"Community Excavation acceptance E03 blocks before RNG","status":"passed","title":"E03 blocks before RNG","duration":2.5932000000002517,"failureMessages":[],"meta":{}},{"ancestorTitles":["Community Excavation acceptance"],"fullName":"Community Excavation acceptance E04 blocks before state mutation","status":"passed","title":"E04 blocks before state mutation","duration":6.44419999999991,"failureMessages":[],"meta":{}},{"ancestorTitles":["Community Excavation acceptance"],"fullName":"Community Excavation acceptance E05 save reload is stable before blocker","status":"passed","title":"E05 save reload is stable before blocker","duration":10.517299999999977,"failureMessages":[],"meta":{}},{"ancestorTitles":["Community Excavation acceptance"],"fullName":"Community Excavation acceptance E06 retains 8 Rest and no Firewood structural contract","status":"passed","title":"E06 retains 8 Rest and no Firewood structural contract","duration":0.336699999999837,"failureMessages":[],"meta":{}}],"startTime":1789645159178,"endTime":1789645159222.3367,"status":"passed","message":"","name":"D:/darkest-dungoen-boardgame/src/data/darkest-dungeon/community-reference/community-runtime-excavation.test.ts"},{"assertionResults":[{"ancestorTitles":["Community Final Encounter acceptance"],"fullName":"Community Final Encounter acceptance F01 requires Final Hamlet completion","status":"passed","title":"F01 requires Final Hamlet completion","duration":13.679399999999987,"failureMessages":[],"meta":{}},{"ancestorTitles":["Community Final Encounter acceptance"],"fullName":"Community Final Encounter acceptance F02 Final Provision blocks before RNG","status":"passed","title":"F02 Final Provision blocks before RNG","duration":3.2570999999998094,"failureMessages":[],"meta":{}},{"ancestorTitles":["Community Final Encounter acceptance"],"fullName":"Community Final Encounter acceptance F03 Final Provision blocks before mutation","status":"passed","title":"F03 Final Provision blocks before mutation","duration":12.35609999999997,"failureMessages":[],"meta":{}},{"ancestorTitles":["Community Final Encounter acceptance"],"fullName":"Community Final Encounter acceptance F04 Community Final Room has source provenance","status":"passed","title":"F04 Community Final Room has source provenance","duration":0.33690000000024156,"failureMessages":[],"meta":{}},{"ancestorTitles":["Community Final Encounter acceptance"],"fullName":"Community Final Encounter acceptance F05 skipped Form is preserved","status":"passed","title":"F05 skipped Form is preserved","duration":0.7161999999998443,"failureMessages":[],"meta":{}},{"ancestorTitles":["Community Final Encounter acceptance"],"fullName":"Community Final Encounter acceptance F06 Heart cannot be skipped","status":"passed","title":"F06 Heart cannot be skipped","duration":0.24240000000008877,"failureMessages":[],"meta":{}},{"ancestorTitles":["Community Final Encounter acceptance"],"fullName":"Community Final Encounter acceptance F07 Ancestor first confirmed mechanics trace","status":"passed","title":"F07 Ancestor first confirmed mechanics trace","duration":0.40850000000000364,"failureMessages":[],"meta":{}},{"ancestorTitles":["Community Final Encounter acceptance"],"fullName":"Community Final Encounter acceptance F08 Reflection trace","status":"passed","title":"F08 Reflection trace","duration":0.23480000000017753,"failureMessages":[],"meta":{}},{"ancestorTitles":["Community Final Encounter acceptance"],"fullName":"Community Final Encounter acceptance F09 Ancestor second Nothingness occupants are non-acting and teleport can run","status":"passed","title":"F09 Ancestor second Nothingness occupants are non-acting and teleport can run","duration":8.778299999999945,"failureMessages":[],"meta":{}},{"ancestorTitles":["Community Final Encounter acceptance"],"fullName":"Community Final Encounter acceptance F10 Gestating Heart reaches lethal timing blocker","status":"passed","title":"F10 Gestating Heart reaches lethal timing blocker","duration":1.331499999999778,"failureMessages":[],"meta":{}},{"ancestorTitles":["Community Final Encounter acceptance"],"fullName":"Community Final Encounter acceptance F11 Heart reaches Come Unto Your Maker blocker","status":"passed","title":"F11 Heart reaches Come Unto Your Maker blocker","duration":6.219000000000051,"failureMessages":[],"meta":{}},{"ancestorTitles":["Community Final Encounter acceptance"],"fullName":"Community Final Encounter acceptance F12 save restore preserves all form runtimes and blockers","status":"passed","title":"F12 save restore preserves all form runtimes and blockers","duration":7.213999999999942,"failureMessages":[],"meta":{}}],"startTime":1789645159222,"endTime":1789645159277.214,"status":"passed","message":"","name":"D:/darkest-dungoen-boardgame/src/data/darkest-dungeon/community-reference/community-runtime-final.test.ts"},{"assertionResults":[{"ancestorTitles":["Community save replay acceptance matrix"],"fullName":"Community save replay acceptance matrix SR01 Quest Layout Content and Boss assignment survive restore","status":"passed","title":"SR01 Quest Layout Content and Boss assignment survive restore","duration":28.814300000000003,"failureMessages":[],"meta":{}},{"ancestorTitles":["Community save replay acceptance matrix"],"fullName":"Community save replay acceptance matrix SR02 Templars setup preserves Community definition snapshots","status":"passed","title":"SR02 Templars setup preserves Community definition snapshots","duration":7.266299999999774,"failureMessages":[],"meta":{}},{"ancestorTitles":["Community save replay acceptance matrix"],"fullName":"Community save replay acceptance matrix SR03 Templars initiative draw does not redraw after restore","status":"passed","title":"SR03 Templars initiative draw does not redraw after restore","duration":8.658300000000054,"failureMessages":[],"meta":{}},{"ancestorTitles":["Community save replay acceptance matrix"],"fullName":"Community save replay acceptance matrix SR04 Templars skill roll does not reroll after restore","status":"passed","title":"SR04 Templars skill roll does not reroll after restore","duration":4.582499999999982,"failureMessages":[],"meta":{}},{"ancestorTitles":["Community save replay acceptance matrix"],"fullName":"Community save replay acceptance matrix SR05 Templars Pit state is stable before exit blocker","status":"passed","title":"SR05 Templars Pit state is stable before exit blocker","duration":6.24330000000009,"failureMessages":[],"meta":{}},{"ancestorTitles":["Community save replay acceptance matrix"],"fullName":"Community save replay acceptance matrix SR06 Mammoth setup and Stalk reserve survive restore","status":"passed","title":"SR06 Mammoth setup and Stalk reserve survive restore","duration":8.382899999999609,"failureMessages":[],"meta":{}},{"ancestorTitles":["Community save replay acceptance matrix"],"fullName":"Community save replay acceptance matrix SR07 Mammoth initiative and skill rolls survive restore","status":"passed","title":"SR07 Mammoth initiative and skill rolls survive restore","duration":5.4965000000001965,"failureMessages":[],"meta":{}},{"ancestorTitles":["Community save replay acceptance matrix"],"fullName":"Community save replay acceptance matrix SR08 Mammoth Stalk summon identity and generation survive restore","status":"passed","title":"SR08 Mammoth Stalk summon identity and generation survive restore","duration":3.0799000000001797,"failureMessages":[],"meta":{}},{"ancestorTitles":["Community save replay acceptance matrix"],"fullName":"Community save replay acceptance matrix SR09 Shuffling mode actors reserves budgets piles hashes and counters survive restore","status":"passed","title":"SR09 Shuffling mode actors reserves budgets piles hashes and counters survive restore","duration":15.66720000000032,"failureMessages":[],"meta":{}},{"ancestorTitles":["Community save replay acceptance matrix"],"fullName":"Community save replay acceptance matrix SR10 Shuffling opportunity result survives restore","status":"passed","title":"SR10 Shuffling opportunity result survives restore","duration":8.493399999999838,"failureMessages":[],"meta":{}},{"ancestorTitles":["Community save replay acceptance matrix"],"fullName":"Community save replay acceptance matrix SR11 Shuffling summon blocks before Prototype area leakage and remains stable","status":"passed","title":"SR11 Shuffling summon blocks before Prototype area leakage and remains stable","duration":9.641399999999976,"failureMessages":[],"meta":{}},{"ancestorTitles":["Community save replay acceptance matrix"],"fullName":"Community save replay acceptance matrix SR12 every Final Form runtime preserves Community mode and saved random outcomes","status":"passed","title":"SR12 every Final Form runtime preserves Community mode and saved random outcomes","duration":7.45450000000028,"failureMessages":[],"meta":{}}],"startTime":1789645159148,"endTime":1789645159262.4546,"status":"passed","message":"","name":"D:/darkest-dungoen-boardgame/src/data/darkest-dungeon/community-reference/community-runtime-save-replay.test.ts"},{"assertionResults":[{"ancestorTitles":["Community Runtime Acceptance Truth Gate adversarial mutations"],"fullName":"Community Runtime Acceptance Truth Gate adversarial mutations T01 runtime Guardian HP mutation fails","status":"passed","title":"T01 runtime Guardian HP mutation fails","duration":27.01800000000003,"failureMessages":[],"meta":{}},{"ancestorTitles":["Community Runtime Acceptance Truth Gate adversarial mutations"],"fullName":"Community Runtime Acceptance Truth Gate adversarial mutations T02 runtime d10 mapping mutation fails","status":"passed","title":"T02 runtime d10 mapping mutation fails","duration":17.77599999999984,"failureMessages":[],"meta":{}},{"ancestorTitles":["Community Runtime Acceptance Truth Gate adversarial mutations"],"fullName":"Community Runtime Acceptance Truth Gate adversarial mutations T03 removing runtime Pit Bleed fails","status":"passed","title":"T03 removing runtime Pit Bleed fails","duration":14.46939999999995,"failureMessages":[],"meta":{}},{"ancestorTitles":["Community Runtime Acceptance Truth Gate adversarial mutations"],"fullName":"Community Runtime Acceptance Truth Gate adversarial mutations T04 runtime Mammoth stance map mutation fails","status":"passed","title":"T04 runtime Mammoth stance map mutation fails","duration":33.572799999999916,"failureMessages":[],"meta":{}},{"ancestorTitles":["Community Runtime Acceptance Truth Gate adversarial mutations"],"fullName":"Community Runtime Acceptance Truth Gate adversarial mutations T05 unproven Final skill mapping cannot be treated as consumed","status":"passed","title":"T05 unproven Final skill mapping cannot be treated as consumed","duration":0.3407000000001972,"failureMessages":[],"meta":{}},{"ancestorTitles":["Community Runtime Acceptance Truth Gate adversarial mutations"],"fullName":"Community Runtime Acceptance Truth Gate adversarial mutations T06 removing a Monster physical instance fails","status":"passed","title":"T06 removing a Monster physical instance fails","duration":19.155499999999847,"failureMessages":[],"meta":{}},{"ancestorTitles":["Community Runtime Acceptance Truth Gate adversarial mutations"],"fullName":"Community Runtime Acceptance Truth Gate adversarial mutations T07 editing ledger runtimeValueHash cannot manufacture PASS","status":"passed","title":"T07 editing ledger runtimeValueHash cannot manufacture PASS","duration":15.938199999999597,"failureMessages":[],"meta":{}},{"ancestorTitles":["Community Runtime Acceptance Truth Gate adversarial mutations"],"fullName":"Community Runtime Acceptance Truth Gate adversarial mutations T08 consumed entry without runtimeSelector fails","status":"passed","title":"T08 consumed entry without runtimeSelector fails","duration":13.754100000000108,"failureMessages":[],"meta":{}},{"ancestorTitles":["Community Runtime Acceptance Truth Gate adversarial mutations"],"fullName":"Community Runtime Acceptance Truth Gate adversarial mutations T09 compound parent consumed above blocked child fails","status":"passed","title":"T09 compound parent consumed above blocked child fails","duration":7.659899999999652,"failureMessages":[],"meta":{}},{"ancestorTitles":["Community Runtime Acceptance Truth Gate adversarial mutations"],"fullName":"Community Runtime Acceptance Truth Gate adversarial mutations T10 active blocker without dependency metadata fails","status":"passed","title":"T10 active blocker without dependency metadata fails","duration":11.01660000000038,"failureMessages":[],"meta":{}},{"ancestorTitles":["Mammoth source-confirmed effects and deterministic closure"],"fullName":"Mammoth source-confirmed effects and deterministic closure T11 Revivify heals self through the shared actor-healing primitive","status":"passed","title":"T11 Revivify heals self through the shared actor-healing primitive","duration":16.126900000000205,"failureMessages":[],"meta":{}},{"ancestorTitles":["Mammoth source-confirmed effects and deterministic closure"],"fullName":"Mammoth source-confirmed effects and deterministic closure T12 Reconstitute heals the selected ally","status":"passed","title":"T12 Reconstitute heals the selected ally","duration":2.15729999999985,"failureMessages":[],"meta":{}},{"ancestorTitles":["Mammoth source-confirmed effects and deterministic closure"],"fullName":"Mammoth source-confirmed effects and deterministic closure T13 healing save/replay is identical","status":"passed","title":"T13 healing save/replay is identical","duration":13.777399999999943,"failureMessages":[],"meta":{}},{"ancestorTitles":["Mammoth source-confirmed effects and deterministic closure"],"fullName":"Mammoth source-confirmed effects and deterministic closure T14 full spawn Area reaches the precise blocker without RNG or mutation","status":"passed","title":"T14 full spawn Area reaches the precise blocker without RNG or mutation","duration":17.831699999999728,"failureMessages":[],"meta":{}},{"ancestorTitles":["Mammoth source-confirmed effects and deterministic closure"],"fullName":"Mammoth source-confirmed effects and deterministic closure T15 full-area blocker survives save/reload identically","status":"passed","title":"T15 full-area blocker survives save/reload identically","duration":6.293499999999767,"failureMessages":[],"meta":{}}],"startTime":1789645159158,"endTime":1789645159377.2935,"status":"passed","message":"","name":"D:/darkest-dungoen-boardgame/src/data/darkest-dungeon/community-reference/community-runtime-truth-gate.test.ts"}]}