{"numTotalTestSuites":2,"numPassedTestSuites":2,"numFailedTestSuites":0,"numPendingTestSuites":0,"numTotalTests":20,"numPassedTests":20,"numFailedTests":0,"numPendingTests":0,"numTodoTests":0,"snapshot":{"added":0,"failure":false,"filesAdded":0,"filesRemoved":0,"filesRemovedList":[],"filesUnmatched":0,"filesUpdated":0,"matched":0,"total":0,"unchecked":0,"uncheckedKeysByFile":[],"unmatched":0,"updated":0,"didUpdate":false},"startTime":1789703057129,"success":true,"testResults":[{"assertionResults":[{"ancestorTitles":["Community Act IV playable-closure adversarial"],"fullName":"Community Act IV playable-closure adversarial P01 Final Provision rerolls after reload -> FAIL","status":"passed","title":"P01 Final Provision rerolls after reload -> FAIL","duration":24.56190000000015,"failureMessages":[],"meta":{}},{"ancestorTitles":["Community Act IV playable-closure adversarial"],"fullName":"Community Act IV playable-closure adversarial P02 Final Provision pool >16 -> FAIL","status":"passed","title":"P02 Final Provision pool >16 -> FAIL","duration":4.862799999999879,"failureMessages":[],"meta":{}},{"ancestorTitles":["Community Act IV playable-closure adversarial"],"fullName":"Community Act IV playable-closure adversarial P03 DD Monster deck selects uniformly among 9 logical IDs -> FAIL","status":"passed","title":"P03 DD Monster deck selects uniformly among 9 logical IDs -> FAIL","duration":2.633100000000013,"failureMessages":[],"meta":{}},{"ancestorTitles":["Community Act IV playable-closure adversarial"],"fullName":"Community Act IV playable-closure adversarial P04 DeckIDs order used as runtime draw order -> FAIL","status":"passed","title":"P04 DeckIDs order used as runtime draw order -> FAIL","duration":0.11659999999983484,"failureMessages":[],"meta":{}},{"ancestorTitles":["Community Act IV playable-closure adversarial"],"fullName":"Community Act IV playable-closure adversarial P05 duplicate physical Monster identity lost -> FAIL","status":"passed","title":"P05 duplicate physical Monster identity lost -> FAIL","duration":0.7230999999997039,"failureMessages":[],"meta":{}},{"ancestorTitles":["Community Act IV playable-closure adversarial"],"fullName":"Community Act IV playable-closure adversarial P06 used Monster cards not returned/shuffled -> FAIL","status":"passed","title":"P06 used Monster cards not returned/shuffled -> FAIL","duration":0.7842000000000553,"failureMessages":[],"meta":{}},{"ancestorTitles":["Community Act IV playable-closure adversarial"],"fullName":"Community Act IV playable-closure adversarial P07 Excavation entry grants twice -> FAIL","status":"passed","title":"P07 Excavation entry grants twice -> FAIL","duration":1.0373999999997068,"failureMessages":[],"meta":{}},{"ancestorTitles":["Community Act IV playable-closure adversarial"],"fullName":"Community Act IV playable-closure adversarial P08 Priest/Growth pre-spawned during Shuffling setup -> FAIL","status":"passed","title":"P08 Priest/Growth pre-spawned during Shuffling setup -> FAIL","duration":0.6117999999996755,"failureMessages":[],"meta":{}},{"ancestorTitles":["Community Act IV playable-closure adversarial"],"fullName":"Community Act IV playable-closure adversarial P09 Echoing Disassembly deploys Growth before Priest -> FAIL","status":"passed","title":"P09 Echoing Disassembly deploys Growth before Priest -> FAIL","duration":1.185699999999997,"failureMessages":[],"meta":{}},{"ancestorTitles":["Community Act IV playable-closure adversarial"],"fullName":"Community Act IV playable-closure adversarial P10 deployed Shuffling linked actor survives victory cleanup -> FAIL","status":"passed","title":"P10 deployed Shuffling linked actor survives victory cleanup -> FAIL","duration":5.657600000000002,"failureMessages":[],"meta":{}},{"ancestorTitles":["Community Act IV playable-closure adversarial"],"fullName":"Community Act IV playable-closure adversarial P11 Nothingness receives Initiative/turn -> FAIL","status":"passed","title":"P11 Nothingness receives Initiative/turn -> FAIL","duration":0.9684999999999491,"failureMessages":[],"meta":{}},{"ancestorTitles":["Community Act IV playable-closure adversarial"],"fullName":"Community Act IV playable-closure adversarial P12 Nothingness becomes targetable -> FAIL","status":"passed","title":"P12 Nothingness becomes targetable -> FAIL","duration":0.20830000000023574,"failureMessages":[],"meta":{}},{"ancestorTitles":["Community Act IV playable-closure adversarial"],"fullName":"Community Act IV playable-closure adversarial P13 Final state injected to prove transition -> FAIL","status":"passed","title":"P13 Final state injected to prove transition -> FAIL","duration":0.3306999999999789,"failureMessages":[],"meta":{}},{"ancestorTitles":["Community Act IV playable-closure adversarial"],"fullName":"Community Act IV playable-closure adversarial P14 Gestating lethal ordering guessed -> FAIL","status":"passed","title":"P14 Gestating lethal ordering guessed -> FAIL","duration":0.14820000000008804,"failureMessages":[],"meta":{}},{"ancestorTitles":["Community Act IV playable-closure adversarial"],"fullName":"Community Act IV playable-closure adversarial P15 Templar Pit exit guessed -> FAIL","status":"passed","title":"P15 Templar Pit exit guessed -> FAIL","duration":0.23320000000012442,"failureMessages":[],"meta":{}},{"ancestorTitles":["Community Act IV playable-closure adversarial"],"fullName":"Community Act IV playable-closure adversarial P16 Room 9 adjacency traced from artwork and promoted -> FAIL","status":"passed","title":"P16 Room 9 adjacency traced from artwork and promoted -> FAIL","duration":0.171100000000024,"failureMessages":[],"meta":{}},{"ancestorTitles":["Community Act IV playable-closure adversarial"],"fullName":"Community Act IV playable-closure adversarial P17 Come Unto Your Maker videogame behavior used -> FAIL","status":"passed","title":"P17 Come Unto Your Maker videogame behavior used -> FAIL","duration":0.684400000000096,"failureMessages":[],"meta":{}},{"ancestorTitles":["Community Act IV playable-closure adversarial"],"fullName":"Community Act IV playable-closure adversarial P18 one golden route sets FULL playable true -> FAIL","status":"passed","title":"P18 one golden route sets FULL playable true -> FAIL","duration":0.09789999999975407,"failureMessages":[],"meta":{}},{"ancestorTitles":["Community Act IV playable-closure adversarial"],"fullName":"Community Act IV playable-closure adversarial P19 save/reload changes physical Monster deck order -> FAIL","status":"passed","title":"P19 save/reload changes physical Monster deck order -> FAIL","duration":0.7550000000001091,"failureMessages":[],"meta":{}},{"ancestorTitles":["Community Act IV playable-closure adversarial"],"fullName":"Community Act IV playable-closure adversarial P20 route matrix hides a reachable blocker -> FAIL","status":"passed","title":"P20 route matrix hides a reachable blocker -> FAIL","duration":0.17770000000018626,"failureMessages":[],"meta":{}}],"startTime":1789703059607,"endTime":1789703059653.1777,"status":"passed","message":"","name":"D:/darkest-dungoen-boardgame/src/data/darkest-dungeon/community-reference/community-act4-playable-closure-adversarial.test.ts"}]}