{"numTotalTestSuites":2,"numPassedTestSuites":2,"numFailedTestSuites":0,"numPendingTestSuites":0,"numTotalTests":20,"numPassedTests":20,"numFailedTests":0,"numPendingTests":0,"numTodoTests":0,"snapshot":{"added":0,"failure":false,"filesAdded":0,"filesRemoved":0,"filesRemovedList":[],"filesUnmatched":0,"filesUpdated":0,"matched":0,"total":0,"unchecked":0,"uncheckedKeysByFile":[],"unmatched":0,"updated":0,"didUpdate":false},"startTime":1789645767894,"success":true,"testResults":[{"assertionResults":[{"ancestorTitles":["Community Act IV playable-closure adversarial"],"fullName":"Community Act IV playable-closure adversarial P01 Final Provision rerolls after reload -> FAIL","status":"passed","title":"P01 Final Provision rerolls after reload -> FAIL","duration":25.158699999999953,"failureMessages":[],"meta":{}},{"ancestorTitles":["Community Act IV playable-closure adversarial"],"fullName":"Community Act IV playable-closure adversarial P02 Final Provision pool >16 -> FAIL","status":"passed","title":"P02 Final Provision pool >16 -> FAIL","duration":5.0198999999997795,"failureMessages":[],"meta":{}},{"ancestorTitles":["Community Act IV playable-closure adversarial"],"fullName":"Community Act IV playable-closure adversarial P03 DD Monster deck selects uniformly among 9 logical IDs -> FAIL","status":"passed","title":"P03 DD Monster deck selects uniformly among 9 logical IDs -> FAIL","duration":2.5557000000003427,"failureMessages":[],"meta":{}},{"ancestorTitles":["Community Act IV playable-closure adversarial"],"fullName":"Community Act IV playable-closure adversarial P04 DeckIDs order used as runtime draw order -> FAIL","status":"passed","title":"P04 DeckIDs order used as runtime draw order -> FAIL","duration":0.12199999999984357,"failureMessages":[],"meta":{}},{"ancestorTitles":["Community Act IV playable-closure adversarial"],"fullName":"Community Act IV playable-closure adversarial P05 duplicate physical Monster identity lost -> FAIL","status":"passed","title":"P05 duplicate physical Monster identity lost -> FAIL","duration":0.6979999999998654,"failureMessages":[],"meta":{}},{"ancestorTitles":["Community Act IV playable-closure adversarial"],"fullName":"Community Act IV playable-closure adversarial P06 used Monster cards not returned/shuffled -> FAIL","status":"passed","title":"P06 used Monster cards not returned/shuffled -> FAIL","duration":0.7764999999999418,"failureMessages":[],"meta":{}},{"ancestorTitles":["Community Act IV playable-closure adversarial"],"fullName":"Community Act IV playable-closure adversarial P07 Excavation entry grants twice -> FAIL","status":"passed","title":"P07 Excavation entry grants twice -> FAIL","duration":1.0217000000002372,"failureMessages":[],"meta":{}},{"ancestorTitles":["Community Act IV playable-closure adversarial"],"fullName":"Community Act IV playable-closure adversarial P08 Priest/Growth pre-spawned during Shuffling setup -> FAIL","status":"passed","title":"P08 Priest/Growth pre-spawned during Shuffling setup -> FAIL","duration":0.6393000000002758,"failureMessages":[],"meta":{}},{"ancestorTitles":["Community Act IV playable-closure adversarial"],"fullName":"Community Act IV playable-closure adversarial P09 Echoing Disassembly deploys Growth before Priest -> FAIL","status":"passed","title":"P09 Echoing Disassembly deploys Growth before Priest -> FAIL","duration":0.9315999999998894,"failureMessages":[],"meta":{}},{"ancestorTitles":["Community Act IV playable-closure adversarial"],"fullName":"Community Act IV playable-closure adversarial P10 deployed Shuffling linked actor survives victory cleanup -> FAIL","status":"passed","title":"P10 deployed Shuffling linked actor survives victory cleanup -> FAIL","duration":6.5448999999998705,"failureMessages":[],"meta":{}},{"ancestorTitles":["Community Act IV playable-closure adversarial"],"fullName":"Community Act IV playable-closure adversarial P11 Nothingness receives Initiative/turn -> FAIL","status":"passed","title":"P11 Nothingness receives Initiative/turn -> FAIL","duration":0.8143000000000029,"failureMessages":[],"meta":{}},{"ancestorTitles":["Community Act IV playable-closure adversarial"],"fullName":"Community Act IV playable-closure adversarial P12 Nothingness becomes targetable -> FAIL","status":"passed","title":"P12 Nothingness becomes targetable -> FAIL","duration":0.19880000000011933,"failureMessages":[],"meta":{}},{"ancestorTitles":["Community Act IV playable-closure adversarial"],"fullName":"Community Act IV playable-closure adversarial P13 Final state injected to prove transition -> FAIL","status":"passed","title":"P13 Final state injected to prove transition -> FAIL","duration":0.35250000000041837,"failureMessages":[],"meta":{}},{"ancestorTitles":["Community Act IV playable-closure adversarial"],"fullName":"Community Act IV playable-closure adversarial P14 Gestating lethal ordering guessed -> FAIL","status":"passed","title":"P14 Gestating lethal ordering guessed -> FAIL","duration":0.15000000000009095,"failureMessages":[],"meta":{}},{"ancestorTitles":["Community Act IV playable-closure adversarial"],"fullName":"Community Act IV playable-closure adversarial P15 Templar Pit exit guessed -> FAIL","status":"passed","title":"P15 Templar Pit exit guessed -> FAIL","duration":0.22929999999996653,"failureMessages":[],"meta":{}},{"ancestorTitles":["Community Act IV playable-closure adversarial"],"fullName":"Community Act IV playable-closure adversarial P16 Room 9 adjacency traced from artwork and promoted -> FAIL","status":"passed","title":"P16 Room 9 adjacency traced from artwork and promoted -> FAIL","duration":0.17190000000027794,"failureMessages":[],"meta":{}},{"ancestorTitles":["Community Act IV playable-closure adversarial"],"fullName":"Community Act IV playable-closure adversarial P17 Come Unto Your Maker videogame behavior used -> FAIL","status":"passed","title":"P17 Come Unto Your Maker videogame behavior used -> FAIL","duration":0.6762000000003354,"failureMessages":[],"meta":{}},{"ancestorTitles":["Community Act IV playable-closure adversarial"],"fullName":"Community Act IV playable-closure adversarial P18 one golden route sets FULL playable true -> FAIL","status":"passed","title":"P18 one golden route sets FULL playable true -> FAIL","duration":0.09699999999975262,"failureMessages":[],"meta":{}},{"ancestorTitles":["Community Act IV playable-closure adversarial"],"fullName":"Community Act IV playable-closure adversarial P19 save/reload changes physical Monster deck order -> FAIL","status":"passed","title":"P19 save/reload changes physical Monster deck order -> FAIL","duration":0.7242000000001099,"failureMessages":[],"meta":{}},{"ancestorTitles":["Community Act IV playable-closure adversarial"],"fullName":"Community Act IV playable-closure adversarial P20 route matrix hides a reachable blocker -> FAIL","status":"passed","title":"P20 route matrix hides a reachable blocker -> FAIL","duration":0.17880000000013752,"failureMessages":[],"meta":{}}],"startTime":1789645770648,"endTime":1789645770695.724,"status":"passed","message":"","name":"D:/darkest-dungoen-boardgame/src/data/darkest-dungeon/community-reference/community-act4-playable-closure-adversarial.test.ts"}]}