{"numTotalTestSuites":2,"numPassedTestSuites":2,"numFailedTestSuites":0,"numPendingTestSuites":0,"numTotalTests":6,"numPassedTests":6,"numFailedTests":0,"numPendingTests":0,"numTodoTests":0,"snapshot":{"added":0,"failure":false,"filesAdded":0,"filesRemoved":0,"filesRemovedList":[],"filesUnmatched":0,"filesUpdated":0,"matched":0,"total":0,"unchecked":0,"uncheckedKeysByFile":[],"unmatched":0,"updated":0,"didUpdate":false},"startTime":1789645774810,"success":true,"testResults":[{"assertionResults":[{"ancestorTitles":["Community Excavation acceptance"],"fullName":"Community Excavation acceptance E01 has no Formal map fallback","status":"passed","title":"E01 has no Formal map fallback","duration":8.24810000000025,"failureMessages":[],"meta":{}},{"ancestorTitles":["Community Excavation acceptance"],"fullName":"Community Excavation acceptance E02 has no Prototype map fallback","status":"passed","title":"E02 has no Prototype map fallback","duration":1.5671000000002095,"failureMessages":[],"meta":{}},{"ancestorTitles":["Community Excavation acceptance"],"fullName":"Community Excavation acceptance E03 blocks before RNG","status":"passed","title":"E03 blocks before RNG","duration":1.5211000000003878,"failureMessages":[],"meta":{}},{"ancestorTitles":["Community Excavation acceptance"],"fullName":"Community Excavation acceptance E04 blocks before state mutation","status":"passed","title":"E04 blocks before state mutation","duration":3.5680999999999585,"failureMessages":[],"meta":{}},{"ancestorTitles":["Community Excavation acceptance"],"fullName":"Community Excavation acceptance E05 save reload is stable before blocker","status":"passed","title":"E05 save reload is stable before blocker","duration":2.8265000000001237,"failureMessages":[],"meta":{}},{"ancestorTitles":["Community Excavation acceptance"],"fullName":"Community Excavation acceptance E06 retains 8 Rest and no Firewood structural contract","status":"passed","title":"E06 retains 8 Rest and no Firewood structural contract","duration":0.23090000000001965,"failureMessages":[],"meta":{}}],"startTime":1789645777404,"endTime":1789645777422.231,"status":"passed","message":"","name":"D:/darkest-dungoen-boardgame/src/data/darkest-dungeon/community-reference/community-runtime-excavation.test.ts"}]}