{"numTotalTestSuites":2,"numPassedTestSuites":2,"numFailedTestSuites":0,"numPendingTestSuites":0,"numTotalTests":7,"numPassedTests":7,"numFailedTests":0,"numPendingTests":0,"numTodoTests":0,"snapshot":{"added":0,"failure":false,"filesAdded":0,"filesRemoved":0,"filesRemovedList":[],"filesUnmatched":0,"filesUpdated":0,"matched":0,"total":0,"unchecked":0,"uncheckedKeysByFile":[],"unmatched":0,"updated":0,"didUpdate":false},"startTime":1789645781189,"success":true,"testResults":[{"assertionResults":[{"ancestorTitles":["Community Monster acceptance"],"fullName":"Community Monster acceptance M01 has 26 physical and 9 logical definitions","status":"passed","title":"M01 has 26 physical and 9 logical definitions","duration":2.827600000000075,"failureMessages":[],"meta":{}},{"ancestorTitles":["Community Monster acceptance"],"fullName":"Community Monster acceptance M02 traces every GUID and CardID membership","status":"passed","title":"M02 traces every GUID and CardID membership","duration":0.9106000000001586,"failureMessages":[],"meta":{}},{"ancestorTitles":["Community Monster acceptance"],"fullName":"Community Monster acceptance M03 production draw consumes a physical instance from the shuffled pile","status":"passed","title":"M03 production draw consumes a physical instance from the shuffled pile","duration":6.218199999999797,"failureMessages":[],"meta":{}},{"ancestorTitles":["Community Monster acceptance"],"fullName":"Community Monster acceptance M04 top-card draw does not consume RNG","status":"passed","title":"M04 top-card draw does not consume RNG","duration":1.3252999999999702,"failureMessages":[],"meta":{}},{"ancestorTitles":["Community Monster acceptance"],"fullName":"Community Monster acceptance M05 mutates only the physical draw pile identity","status":"passed","title":"M05 mutates only the physical draw pile identity","duration":0.8782000000001062,"failureMessages":[],"meta":{}},{"ancestorTitles":["Community Monster acceptance"],"fullName":"Community Monster acceptance M06 does not use DeckID order fallback","status":"passed","title":"M06 does not use DeckID order fallback","duration":0.2644999999997708,"failureMessages":[],"meta":{}},{"ancestorTitles":["Community Monster acceptance"],"fullName":"Community Monster acceptance M07 does not use Prototype draw fallback","status":"passed","title":"M07 does not use Prototype draw fallback","duration":0.16620000000011714,"failureMessages":[],"meta":{}}],"startTime":1789645783665,"endTime":1789645783677.2644,"status":"passed","message":"","name":"D:/darkest-dungoen-boardgame/src/data/darkest-dungeon/community-reference/community-runtime-monster.test.ts"}]}