{"numTotalTestSuites":2,"numPassedTestSuites":2,"numFailedTestSuites":0,"numPendingTestSuites":0,"numTotalTests":12,"numPassedTests":12,"numFailedTests":0,"numPendingTests":0,"numTodoTests":0,"snapshot":{"added":0,"failure":false,"filesAdded":0,"filesRemoved":0,"filesRemovedList":[],"filesUnmatched":0,"filesUpdated":0,"matched":0,"total":0,"unchecked":0,"uncheckedKeysByFile":[],"unmatched":0,"updated":0,"didUpdate":false},"startTime":1789703071411,"success":true,"testResults":[{"assertionResults":[{"ancestorTitles":["Community save replay acceptance matrix"],"fullName":"Community save replay acceptance matrix SR01 Quest Layout Content and Boss assignment survive restore","status":"passed","title":"SR01 Quest Layout Content and Boss assignment survive restore","duration":10.52599999999984,"failureMessages":[],"meta":{}},{"ancestorTitles":["Community save replay acceptance matrix"],"fullName":"Community save replay acceptance matrix SR02 Templars setup preserves Community definition snapshots","status":"passed","title":"SR02 Templars setup preserves Community definition snapshots","duration":2.63149999999996,"failureMessages":[],"meta":{}},{"ancestorTitles":["Community save replay acceptance matrix"],"fullName":"Community save replay acceptance matrix SR03 Templars initiative draw does not redraw after restore","status":"passed","title":"SR03 Templars initiative draw does not redraw after restore","duration":1.669499999999971,"failureMessages":[],"meta":{}},{"ancestorTitles":["Community save replay acceptance matrix"],"fullName":"Community save replay acceptance matrix SR04 Templars skill roll does not reroll after restore","status":"passed","title":"SR04 Templars skill roll does not reroll after restore","duration":1.7751000000002932,"failureMessages":[],"meta":{}},{"ancestorTitles":["Community save replay acceptance matrix"],"fullName":"Community save replay acceptance matrix SR05 Templars Pit state is stable before exit blocker","status":"passed","title":"SR05 Templars Pit state is stable before exit blocker","duration":1.5808999999999287,"failureMessages":[],"meta":{}},{"ancestorTitles":["Community save replay acceptance matrix"],"fullName":"Community save replay acceptance matrix SR06 Mammoth setup and Stalk reserve survive restore","status":"passed","title":"SR06 Mammoth setup and Stalk reserve survive restore","duration":3.9462000000003172,"failureMessages":[],"meta":{}},{"ancestorTitles":["Community save replay acceptance matrix"],"fullName":"Community save replay acceptance matrix SR07 Mammoth initiative and skill rolls survive restore","status":"passed","title":"SR07 Mammoth initiative and skill rolls survive restore","duration":1.8609000000001288,"failureMessages":[],"meta":{}},{"ancestorTitles":["Community save replay acceptance matrix"],"fullName":"Community save replay acceptance matrix SR08 Mammoth Stalk summon identity and generation survive restore","status":"passed","title":"SR08 Mammoth Stalk summon identity and generation survive restore","duration":2.1163000000001375,"failureMessages":[],"meta":{}},{"ancestorTitles":["Community save replay acceptance matrix"],"fullName":"Community save replay acceptance matrix SR09 Shuffling mode actors reserves budgets piles hashes and counters survive restore","status":"passed","title":"SR09 Shuffling mode actors reserves budgets piles hashes and counters survive restore","duration":2.356800000000021,"failureMessages":[],"meta":{}},{"ancestorTitles":["Community save replay acceptance matrix"],"fullName":"Community save replay acceptance matrix SR10 Shuffling opportunity result survives restore","status":"passed","title":"SR10 Shuffling opportunity result survives restore","duration":1.3229999999998654,"failureMessages":[],"meta":{}},{"ancestorTitles":["Community save replay acceptance matrix"],"fullName":"Community save replay acceptance matrix SR11 Shuffling summon uses Room 10 stance areas and remains stable","status":"passed","title":"SR11 Shuffling summon uses Room 10 stance areas and remains stable","duration":1.554200000000037,"failureMessages":[],"meta":{}},{"ancestorTitles":["Community save replay acceptance matrix"],"fullName":"Community save replay acceptance matrix SR12 every Final Form runtime preserves Community mode and saved random outcomes","status":"passed","title":"SR12 every Final Form runtime preserves Community mode and saved random outcomes","duration":1.9230999999999767,"failureMessages":[],"meta":{}}],"startTime":1789703073627,"endTime":1789703073660.923,"status":"passed","message":"","name":"D:/darkest-dungoen-boardgame/src/data/darkest-dungeon/community-reference/community-runtime-save-replay.test.ts"}]}