{"numTotalTestSuites":2,"numPassedTestSuites":2,"numFailedTestSuites":0,"numPendingTestSuites":0,"numTotalTests":11,"numPassedTests":11,"numFailedTests":0,"numPendingTests":0,"numTodoTests":0,"snapshot":{"added":0,"failure":false,"filesAdded":0,"filesRemoved":0,"filesRemovedList":[],"filesUnmatched":0,"filesUpdated":0,"matched":0,"total":0,"unchecked":0,"uncheckedKeysByFile":[],"unmatched":0,"updated":0,"didUpdate":false},"startTime":1789645760833,"success":true,"testResults":[{"assertionResults":[{"ancestorTitles":["Community Act IV playable-closure production"],"fullName":"Community Act IV playable-closure production PC01 historical supplement remains unauthorized while adapter consumes it","status":"passed","title":"PC01 historical supplement remains unauthorized while adapter consumes it","duration":1.1657000000000153,"failureMessages":[],"meta":{}},{"ancestorTitles":["Community Act IV playable-closure production"],"fullName":"Community Act IV playable-closure production PC02 Final Provision commits two dice per living Hero with Wild choice and cap 16","status":"passed","title":"PC02 Final Provision commits two dice per living Hero with Wild choice and cap 16","duration":23.123799999999846,"failureMessages":[],"meta":{}},{"ancestorTitles":["Community Act IV playable-closure production"],"fullName":"Community Act IV playable-closure production PC03 missing Wild chooser does not mutate Final Provision","status":"passed","title":"PC03 missing Wild chooser does not mutate Final Provision","duration":7.612700000000132,"failureMessages":[],"meta":{}},{"ancestorTitles":["Community Act IV playable-closure production"],"fullName":"Community Act IV playable-closure production PC04 physical Monster deck shuffles 26 identities at Act IV setup","status":"passed","title":"PC04 physical Monster deck shuffles 26 identities at Act IV setup","duration":0.931999999999789,"failureMessages":[],"meta":{}},{"ancestorTitles":["Community Act IV playable-closure production"],"fullName":"Community Act IV playable-closure production PC05 top-card draw preserves physical identity and is not 9-logical uniform","status":"passed","title":"PC05 top-card draw preserves physical identity and is not 9-logical uniform","duration":1.87920000000031,"failureMessages":[],"meta":{}},{"ancestorTitles":["Community Act IV playable-closure production"],"fullName":"Community Act IV playable-closure production PC06 used cards shuffle back at Battle End","status":"passed","title":"PC06 used cards shuffle back at Battle End","duration":0.9731999999999061,"failureMessages":[],"meta":{}},{"ancestorTitles":["Community Act IV playable-closure production"],"fullName":"Community Act IV playable-closure production PC07 Horror deploys Aggressive r10-SW with Priest and Growth in reserve","status":"passed","title":"PC07 Horror deploys Aggressive r10-SW with Priest and Growth in reserve","duration":0.8512999999998101,"failureMessages":[],"meta":{}},{"ancestorTitles":["Community Act IV playable-closure production"],"fullName":"Community Act IV playable-closure production PC08 Excavation uses a separate transaction and then opens free Rest","status":"passed","title":"PC08 Excavation uses a separate transaction and then opens free Rest","duration":4.8128999999999,"failureMessages":[],"meta":{}},{"ancestorTitles":["Community Act IV playable-closure production"],"fullName":"Community Act IV playable-closure production PC09 Absolute Nothingness occupants are untargetable non-actors","status":"passed","title":"PC09 Absolute Nothingness occupants are untargetable non-actors","duration":1.6234999999996944,"failureMessages":[],"meta":{}},{"ancestorTitles":["Community Act IV playable-closure production"],"fullName":"Community Act IV playable-closure production PC10 save/replay preserves physical deck order after Quest and shuffle","status":"passed","title":"PC10 save/replay preserves physical deck order after Quest and shuffle","duration":3.373099999999795,"failureMessages":[],"meta":{}},{"ancestorTitles":["Community Act IV playable-closure production"],"fullName":"Community Act IV playable-closure production PC11 remaining source blockers stay explicit","status":"passed","title":"PC11 remaining source blockers stay explicit","duration":0.16170000000010987,"failureMessages":[],"meta":{}}],"startTime":1789645763693,"endTime":1789645763739.373,"status":"passed","message":"","name":"D:/darkest-dungoen-boardgame/src/data/darkest-dungeon/community-reference/community-act4-playable-closure.test.ts"}]}