{"numTotalTestSuites":2,"numPassedTestSuites":2,"numFailedTestSuites":0,"numPendingTestSuites":0,"numTotalTests":5,"numPassedTests":5,"numFailedTests":0,"numPendingTests":0,"numTodoTests":0,"snapshot":{"added":0,"failure":false,"filesAdded":0,"filesRemoved":0,"filesRemovedList":[],"filesUnmatched":0,"filesUpdated":0,"matched":0,"total":0,"unchecked":0,"uncheckedKeysByFile":[],"unmatched":0,"updated":0,"didUpdate":false},"startTime":1789645764354,"success":true,"testResults":[{"assertionResults":[{"ancestorTitles":["Community Act IV three-route matrix"],"fullName":"Community Act IV three-route matrix R1 We Are The Flame / Shuffling stops at Room 10 non-aggressive area split","status":"passed","title":"R1 We Are The Flame / Shuffling stops at Room 10 non-aggressive area split","duration":8.249599999999646,"failureMessages":[],"meta":{}},{"ancestorTitles":["Community Act IV three-route matrix"],"fullName":"Community Act IV three-route matrix R2 Light the Way / Templars surfaces Pit exit rather than a golden-path bypass","status":"passed","title":"R2 Light the Way / Templars surfaces Pit exit rather than a golden-path bypass","duration":4.775900000000092,"failureMessages":[],"meta":{}},{"ancestorTitles":["Community Act IV three-route matrix"],"fullName":"Community Act IV three-route matrix R3 Belly of the Beast / Mammoth reaches real Final Provision then exact remaining Final blocker","status":"passed","title":"R3 Belly of the Beast / Mammoth reaches real Final Provision then exact remaining Final blocker","duration":17.60149999999976,"failureMessages":[],"meta":{}},{"ancestorTitles":["Community Act IV three-route matrix"],"fullName":"Community Act IV three-route matrix R4 excavation on a real Act IV map uses a distinct transaction from Final Provision","status":"passed","title":"R4 excavation on a real Act IV map uses a distinct transaction from Final Provision","duration":7.175300000000334,"failureMessages":[],"meta":{}},{"ancestorTitles":["Community Act IV three-route matrix"],"fullName":"Community Act IV three-route matrix R5 Quest draw from the accepted Act IV checkpoint is a real command","status":"passed","title":"R5 Quest draw from the accepted Act IV checkpoint is a real command","duration":0.6026000000001659,"failureMessages":[],"meta":{}}],"startTime":1789645767240,"endTime":1789645767278.6025,"status":"passed","message":"","name":"D:/darkest-dungoen-boardgame/src/data/darkest-dungeon/community-reference/community-act4-route-matrix.test.ts"}]}