{"numTotalTestSuites":2,"numPassedTestSuites":2,"numFailedTestSuites":0,"numPendingTestSuites":0,"numTotalTests":5,"numPassedTests":5,"numFailedTests":0,"numPendingTests":0,"numTodoTests":0,"snapshot":{"added":0,"failure":false,"filesAdded":0,"filesRemoved":0,"filesRemovedList":[],"filesUnmatched":0,"filesUpdated":0,"matched":0,"total":0,"unchecked":0,"uncheckedKeysByFile":[],"unmatched":0,"updated":0,"didUpdate":false},"startTime":1789703054195,"success":true,"testResults":[{"assertionResults":[{"ancestorTitles":["Community Act IV three-route matrix"],"fullName":"Community Act IV three-route matrix R1 We Are The Flame / Shuffling deploys Room 10 stance areas and summons Priest before Growth","status":"passed","title":"R1 We Are The Flame / Shuffling deploys Room 10 stance areas and summons Priest before Growth","duration":8.045800000000327,"failureMessages":[],"meta":{}},{"ancestorTitles":["Community Act IV three-route matrix"],"fullName":"Community Act IV three-route matrix R2 Light the Way / Templars surfaces Pit exit rather than a golden-path bypass","status":"passed","title":"R2 Light the Way / Templars surfaces Pit exit rather than a golden-path bypass","duration":3.936699999999746,"failureMessages":[],"meta":{}},{"ancestorTitles":["Community Act IV three-route matrix"],"fullName":"Community Act IV three-route matrix R3 Belly of the Beast / Mammoth reaches real Final Provision then exact remaining Final blocker","status":"passed","title":"R3 Belly of the Beast / Mammoth reaches real Final Provision then exact remaining Final blocker","duration":15.787200000000212,"failureMessages":[],"meta":{}},{"ancestorTitles":["Community Act IV three-route matrix"],"fullName":"Community Act IV three-route matrix R4 excavation on a real Act IV map uses a distinct transaction from Final Provision","status":"passed","title":"R4 excavation on a real Act IV map uses a distinct transaction from Final Provision","duration":5.930400000000191,"failureMessages":[],"meta":{}},{"ancestorTitles":["Community Act IV three-route matrix"],"fullName":"Community Act IV three-route matrix R5 Quest draw from the accepted Act IV checkpoint is a real command","status":"passed","title":"R5 Quest draw from the accepted Act IV checkpoint is a real command","duration":0.36439999999993233,"failureMessages":[],"meta":{}}],"startTime":1789703056519,"endTime":1789703056553.3645,"status":"passed","message":"","name":"D:/darkest-dungoen-boardgame/src/data/darkest-dungeon/community-reference/community-act4-route-matrix.test.ts"}]}