{"numTotalTestSuites":2,"numPassedTestSuites":2,"numFailedTestSuites":0,"numPendingTestSuites":0,"numTotalTests":7,"numPassedTests":7,"numFailedTests":0,"numPendingTests":0,"numTodoTests":0,"snapshot":{"added":0,"failure":false,"filesAdded":0,"filesRemoved":0,"filesRemovedList":[],"filesUnmatched":0,"filesUpdated":0,"matched":0,"total":0,"unchecked":0,"uncheckedKeysByFile":[],"unmatched":0,"updated":0,"didUpdate":false},"startTime":1789645771304,"success":true,"testResults":[{"assertionResults":[{"ancestorTitles":["Community Act IV playable-closure save/replay"],"fullName":"Community Act IV playable-closure save/replay SR-PC01 after Quest draw/provision reload does not reroll","status":"passed","title":"SR-PC01 after Quest draw/provision reload does not reroll","duration":8.76760000000013,"failureMessages":[],"meta":{}},{"ancestorTitles":["Community Act IV playable-closure save/replay"],"fullName":"Community Act IV playable-closure save/replay SR-PC02 after physical deck shuffle reload preserves identity order","status":"passed","title":"SR-PC02 after physical deck shuffle reload preserves identity order","duration":1.8592000000003281,"failureMessages":[],"meta":{}},{"ancestorTitles":["Community Act IV playable-closure save/replay"],"fullName":"Community Act IV playable-closure save/replay SR-PC03 mid-dungeon excavation receipt survives reload","status":"passed","title":"SR-PC03 mid-dungeon excavation receipt survives reload","duration":9.841699999999946,"failureMessages":[],"meta":{}},{"ancestorTitles":["Community Act IV playable-closure save/replay"],"fullName":"Community Act IV playable-closure save/replay SR-PC04 before Guardian the physical deck order is unchanged by save","status":"passed","title":"SR-PC04 before Guardian the physical deck order is unchanged by save","duration":4.269800000000032,"failureMessages":[],"meta":{}},{"ancestorTitles":["Community Act IV playable-closure save/replay"],"fullName":"Community Act IV playable-closure save/replay SR-PC05 mid Guardian draw/return receipts survive reload","status":"passed","title":"SR-PC05 mid Guardian draw/return receipts survive reload","duration":4.291600000000017,"failureMessages":[],"meta":{}},{"ancestorTitles":["Community Act IV playable-closure save/replay"],"fullName":"Community Act IV playable-closure save/replay SR-PC06 after Guardian victory reload preserves cleanup and deck return","status":"passed","title":"SR-PC06 after Guardian victory reload preserves cleanup and deck return","duration":13.652500000000146,"failureMessages":[],"meta":{}},{"ancestorTitles":["Community Act IV playable-closure save/replay"],"fullName":"Community Act IV playable-closure save/replay SR-PC07 after Final Provision reload does not reroll","status":"passed","title":"SR-PC07 after Final Provision reload does not reroll","duration":9.928499999999985,"failureMessages":[],"meta":{}}],"startTime":1789645774122,"endTime":1789645774174.9285,"status":"passed","message":"","name":"D:/darkest-dungoen-boardgame/src/data/darkest-dungeon/community-reference/community-act4-playable-closure-save-replay.test.ts"}]}